ARM GAS  C:\Users\sheld\AppData\Local\Temp\ccoxGCFb.s 			page 1


   1              		.cpu cortex-m7
   2              		.arch armv7e-m
   3              		.fpu fpv5-d16
   4              		.eabi_attribute 28, 1
   5              		.eabi_attribute 20, 1
   6              		.eabi_attribute 21, 1
   7              		.eabi_attribute 23, 3
   8              		.eabi_attribute 24, 1
   9              		.eabi_attribute 25, 1
  10              		.eabi_attribute 26, 1
  11              		.eabi_attribute 30, 1
  12              		.eabi_attribute 34, 1
  13              		.eabi_attribute 18, 4
  14              		.file	"freertos.c"
  15              		.text
  16              	.Ltext0:
  17              		.cfi_sections	.debug_frame
  18              		.section	.text.vApplicationGetIdleTaskMemory,"ax",%progbits
  19              		.align	1
  20              		.global	vApplicationGetIdleTaskMemory
  21              		.syntax unified
  22              		.thumb
  23              		.thumb_func
  25              	vApplicationGetIdleTaskMemory:
  26              	.LVL0:
  27              	.LFB149:
  28              		.file 1 "../../CM7/Core/Src/freertos.c"
   1:../../CM7/Core/Src/freertos.c **** /* USER CODE BEGIN Header */
   2:../../CM7/Core/Src/freertos.c **** /**
   3:../../CM7/Core/Src/freertos.c ****   ******************************************************************************
   4:../../CM7/Core/Src/freertos.c ****   * File Name          : freertos.c
   5:../../CM7/Core/Src/freertos.c ****   * Description        : Code for freertos applications
   6:../../CM7/Core/Src/freertos.c ****   ******************************************************************************
   7:../../CM7/Core/Src/freertos.c ****   * @attention
   8:../../CM7/Core/Src/freertos.c ****   *
   9:../../CM7/Core/Src/freertos.c ****   * Copyright (c) 2024 STMicroelectronics.
  10:../../CM7/Core/Src/freertos.c ****   * All rights reserved.
  11:../../CM7/Core/Src/freertos.c ****   *
  12:../../CM7/Core/Src/freertos.c ****   * This software is licensed under terms that can be found in the LICENSE file
  13:../../CM7/Core/Src/freertos.c ****   * in the root directory of this software component.
  14:../../CM7/Core/Src/freertos.c ****   * If no LICENSE file comes with this software, it is provided AS-IS.
  15:../../CM7/Core/Src/freertos.c ****   *
  16:../../CM7/Core/Src/freertos.c ****   ******************************************************************************
  17:../../CM7/Core/Src/freertos.c ****   */
  18:../../CM7/Core/Src/freertos.c **** /* USER CODE END Header */
  19:../../CM7/Core/Src/freertos.c **** 
  20:../../CM7/Core/Src/freertos.c **** /* Includes ------------------------------------------------------------------*/
  21:../../CM7/Core/Src/freertos.c **** #include "FreeRTOS.h"
  22:../../CM7/Core/Src/freertos.c **** #include "task.h"
  23:../../CM7/Core/Src/freertos.c **** #include "main.h"
  24:../../CM7/Core/Src/freertos.c **** 
  25:../../CM7/Core/Src/freertos.c **** /* Private includes ----------------------------------------------------------*/
  26:../../CM7/Core/Src/freertos.c **** /* USER CODE BEGIN Includes */
  27:../../CM7/Core/Src/freertos.c **** 
  28:../../CM7/Core/Src/freertos.c **** /* USER CODE END Includes */
  29:../../CM7/Core/Src/freertos.c **** 
  30:../../CM7/Core/Src/freertos.c **** /* Private typedef -----------------------------------------------------------*/
ARM GAS  C:\Users\sheld\AppData\Local\Temp\ccoxGCFb.s 			page 2


  31:../../CM7/Core/Src/freertos.c **** /* USER CODE BEGIN PTD */
  32:../../CM7/Core/Src/freertos.c **** 
  33:../../CM7/Core/Src/freertos.c **** /* USER CODE END PTD */
  34:../../CM7/Core/Src/freertos.c **** 
  35:../../CM7/Core/Src/freertos.c **** /* Private define ------------------------------------------------------------*/
  36:../../CM7/Core/Src/freertos.c **** /* USER CODE BEGIN PD */
  37:../../CM7/Core/Src/freertos.c **** 
  38:../../CM7/Core/Src/freertos.c **** /* USER CODE END PD */
  39:../../CM7/Core/Src/freertos.c **** 
  40:../../CM7/Core/Src/freertos.c **** /* Private macro -------------------------------------------------------------*/
  41:../../CM7/Core/Src/freertos.c **** /* USER CODE BEGIN PM */
  42:../../CM7/Core/Src/freertos.c **** 
  43:../../CM7/Core/Src/freertos.c **** /* USER CODE END PM */
  44:../../CM7/Core/Src/freertos.c **** 
  45:../../CM7/Core/Src/freertos.c **** /* Private variables ---------------------------------------------------------*/
  46:../../CM7/Core/Src/freertos.c **** /* USER CODE BEGIN Variables */
  47:../../CM7/Core/Src/freertos.c **** 
  48:../../CM7/Core/Src/freertos.c **** /* USER CODE END Variables */
  49:../../CM7/Core/Src/freertos.c **** 
  50:../../CM7/Core/Src/freertos.c **** /* Private function prototypes -----------------------------------------------*/
  51:../../CM7/Core/Src/freertos.c **** /* USER CODE BEGIN FunctionPrototypes */
  52:../../CM7/Core/Src/freertos.c **** 
  53:../../CM7/Core/Src/freertos.c **** /* USER CODE END FunctionPrototypes */
  54:../../CM7/Core/Src/freertos.c **** 
  55:../../CM7/Core/Src/freertos.c **** /* GetIdleTaskMemory prototype (linked to static allocation support) */
  56:../../CM7/Core/Src/freertos.c **** void vApplicationGetIdleTaskMemory( StaticTask_t **ppxIdleTaskTCBBuffer, StackType_t **ppxIdleTaskS
  57:../../CM7/Core/Src/freertos.c **** 
  58:../../CM7/Core/Src/freertos.c **** /* USER CODE BEGIN GET_IDLE_TASK_MEMORY */
  59:../../CM7/Core/Src/freertos.c **** static StaticTask_t xIdleTaskTCBBuffer;
  60:../../CM7/Core/Src/freertos.c **** static StackType_t xIdleStack[configMINIMAL_STACK_SIZE];
  61:../../CM7/Core/Src/freertos.c **** 
  62:../../CM7/Core/Src/freertos.c **** void vApplicationGetIdleTaskMemory( StaticTask_t **ppxIdleTaskTCBBuffer, StackType_t **ppxIdleTaskS
  63:../../CM7/Core/Src/freertos.c **** {
  29              		.loc 1 63 1 view -0
  30              		.cfi_startproc
  31              		@ args = 0, pretend = 0, frame = 0
  32              		@ frame_needed = 0, uses_anonymous_args = 0
  33              		@ link register save eliminated.
  64:../../CM7/Core/Src/freertos.c ****   *ppxIdleTaskTCBBuffer = &xIdleTaskTCBBuffer;
  34              		.loc 1 64 3 view .LVU1
  35              		.loc 1 64 25 is_stmt 0 view .LVU2
  36 0000 034B     		ldr	r3, .L2
  37 0002 0360     		str	r3, [r0]
  65:../../CM7/Core/Src/freertos.c ****   *ppxIdleTaskStackBuffer = &xIdleStack[0];
  38              		.loc 1 65 3 is_stmt 1 view .LVU3
  39              		.loc 1 65 27 is_stmt 0 view .LVU4
  40 0004 034B     		ldr	r3, .L2+4
  41 0006 0B60     		str	r3, [r1]
  66:../../CM7/Core/Src/freertos.c ****   *pulIdleTaskStackSize = configMINIMAL_STACK_SIZE;
  42              		.loc 1 66 3 is_stmt 1 view .LVU5
  43              		.loc 1 66 25 is_stmt 0 view .LVU6
  44 0008 8023     		movs	r3, #128
  45 000a 1360     		str	r3, [r2]
  67:../../CM7/Core/Src/freertos.c ****   /* place for user code */
  68:../../CM7/Core/Src/freertos.c **** }
  46              		.loc 1 68 1 view .LVU7
  47 000c 7047     		bx	lr
ARM GAS  C:\Users\sheld\AppData\Local\Temp\ccoxGCFb.s 			page 3


  48              	.L3:
  49 000e 00BF     		.align	2
  50              	.L2:
  51 0010 00000000 		.word	.LANCHOR0
  52 0014 00000000 		.word	.LANCHOR1
  53              		.cfi_endproc
  54              	.LFE149:
  56              		.section	.bss.xIdleStack,"aw",%nobits
  57              		.align	2
  58              		.set	.LANCHOR1,. + 0
  61              	xIdleStack:
  62 0000 00000000 		.space	512
  62      00000000 
  62      00000000 
  62      00000000 
  62      00000000 
  63              		.section	.bss.xIdleTaskTCBBuffer,"aw",%nobits
  64              		.align	3
  65              		.set	.LANCHOR0,. + 0
  68              	xIdleTaskTCBBuffer:
  69 0000 00000000 		.space	1152
  69      00000000 
  69      00000000 
  69      00000000 
  69      00000000 
  70              		.text
  71              	.Letext0:
  72              		.file 2 "c:\\projects\\rtos_projects\\tools\\gcc-arm-none-eabi-10.3-2021.10\\arm-none-eabi\\includ
  73              		.file 3 "c:\\projects\\rtos_projects\\tools\\gcc-arm-none-eabi-10.3-2021.10\\arm-none-eabi\\includ
  74              		.file 4 "../../Middlewares/Third_Party/FreeRTOS/Source/portable/GCC/ARM_CM4F/portmacro.h"
  75              		.file 5 "c:\\projects\\rtos_projects\\tools\\gcc-arm-none-eabi-10.3-2021.10\\lib\\gcc\\arm-none-ea
  76              		.file 6 "c:\\projects\\rtos_projects\\tools\\gcc-arm-none-eabi-10.3-2021.10\\arm-none-eabi\\includ
  77              		.file 7 "c:\\projects\\rtos_projects\\tools\\gcc-arm-none-eabi-10.3-2021.10\\arm-none-eabi\\includ
  78              		.file 8 "c:\\projects\\rtos_projects\\tools\\gcc-arm-none-eabi-10.3-2021.10\\arm-none-eabi\\includ
  79              		.file 9 "../../Middlewares/Third_Party/FreeRTOS/Source/include/FreeRTOS.h"
ARM GAS  C:\Users\sheld\AppData\Local\Temp\ccoxGCFb.s 			page 4


DEFINED SYMBOLS
                            *ABS*:00000000 freertos.c
C:\Users\sheld\AppData\Local\Temp\ccoxGCFb.s:19     .text.vApplicationGetIdleTaskMemory:00000000 $t
C:\Users\sheld\AppData\Local\Temp\ccoxGCFb.s:25     .text.vApplicationGetIdleTaskMemory:00000000 vApplicationGetIdleTaskMemory
C:\Users\sheld\AppData\Local\Temp\ccoxGCFb.s:51     .text.vApplicationGetIdleTaskMemory:00000010 $d
C:\Users\sheld\AppData\Local\Temp\ccoxGCFb.s:57     .bss.xIdleStack:00000000 $d
C:\Users\sheld\AppData\Local\Temp\ccoxGCFb.s:61     .bss.xIdleStack:00000000 xIdleStack
C:\Users\sheld\AppData\Local\Temp\ccoxGCFb.s:64     .bss.xIdleTaskTCBBuffer:00000000 $d
C:\Users\sheld\AppData\Local\Temp\ccoxGCFb.s:68     .bss.xIdleTaskTCBBuffer:00000000 xIdleTaskTCBBuffer

NO UNDEFINED SYMBOLS
