ARM GAS  C:\Users\sheld\AppData\Local\Temp\ccEHTL9j.s 			page 1


   1              		.cpu cortex-m7
   2              		.arch armv7e-m
   3              		.fpu fpv5-d16
   4              		.eabi_attribute 28, 1
   5              		.eabi_attribute 20, 1
   6              		.eabi_attribute 21, 1
   7              		.eabi_attribute 23, 3
   8              		.eabi_attribute 24, 1
   9              		.eabi_attribute 25, 1
  10              		.eabi_attribute 26, 1
  11              		.eabi_attribute 30, 1
  12              		.eabi_attribute 34, 1
  13              		.eabi_attribute 18, 4
  14              		.file	"stm32h7xx_hal_timebase_tim.c"
  15              		.text
  16              	.Ltext0:
  17              		.cfi_sections	.debug_frame
  18              		.section	.text.HAL_InitTick,"ax",%progbits
  19              		.align	1
  20              		.global	HAL_InitTick
  21              		.syntax unified
  22              		.thumb
  23              		.thumb_func
  25              	HAL_InitTick:
  26              	.LVL0:
  27              	.LFB144:
  28              		.file 1 "../../CM7/Core/Src/stm32h7xx_hal_timebase_tim.c"
   1:../../CM7/Core/Src/stm32h7xx_hal_timebase_tim.c **** /* USER CODE BEGIN Header */
   2:../../CM7/Core/Src/stm32h7xx_hal_timebase_tim.c **** /**
   3:../../CM7/Core/Src/stm32h7xx_hal_timebase_tim.c ****   ******************************************************************************
   4:../../CM7/Core/Src/stm32h7xx_hal_timebase_tim.c ****   * @file    stm32h7xx_hal_timebase_tim.c
   5:../../CM7/Core/Src/stm32h7xx_hal_timebase_tim.c ****   * @brief   HAL time base based on the hardware TIM.
   6:../../CM7/Core/Src/stm32h7xx_hal_timebase_tim.c ****   ******************************************************************************
   7:../../CM7/Core/Src/stm32h7xx_hal_timebase_tim.c ****   * @attention
   8:../../CM7/Core/Src/stm32h7xx_hal_timebase_tim.c ****   *
   9:../../CM7/Core/Src/stm32h7xx_hal_timebase_tim.c ****   * Copyright (c) 2024 STMicroelectronics.
  10:../../CM7/Core/Src/stm32h7xx_hal_timebase_tim.c ****   * All rights reserved.
  11:../../CM7/Core/Src/stm32h7xx_hal_timebase_tim.c ****   *
  12:../../CM7/Core/Src/stm32h7xx_hal_timebase_tim.c ****   * This software is licensed under terms that can be found in the LICENSE file
  13:../../CM7/Core/Src/stm32h7xx_hal_timebase_tim.c ****   * in the root directory of this software component.
  14:../../CM7/Core/Src/stm32h7xx_hal_timebase_tim.c ****   * If no LICENSE file comes with this software, it is provided AS-IS.
  15:../../CM7/Core/Src/stm32h7xx_hal_timebase_tim.c ****   *
  16:../../CM7/Core/Src/stm32h7xx_hal_timebase_tim.c ****   ******************************************************************************
  17:../../CM7/Core/Src/stm32h7xx_hal_timebase_tim.c ****   */
  18:../../CM7/Core/Src/stm32h7xx_hal_timebase_tim.c **** /* USER CODE END Header */
  19:../../CM7/Core/Src/stm32h7xx_hal_timebase_tim.c **** 
  20:../../CM7/Core/Src/stm32h7xx_hal_timebase_tim.c **** /* Includes ------------------------------------------------------------------*/
  21:../../CM7/Core/Src/stm32h7xx_hal_timebase_tim.c **** #include "stm32h7xx_hal.h"
  22:../../CM7/Core/Src/stm32h7xx_hal_timebase_tim.c **** #include "stm32h7xx_hal_tim.h"
  23:../../CM7/Core/Src/stm32h7xx_hal_timebase_tim.c **** 
  24:../../CM7/Core/Src/stm32h7xx_hal_timebase_tim.c **** /* Private typedef -----------------------------------------------------------*/
  25:../../CM7/Core/Src/stm32h7xx_hal_timebase_tim.c **** /* Private define ------------------------------------------------------------*/
  26:../../CM7/Core/Src/stm32h7xx_hal_timebase_tim.c **** /* Private macro -------------------------------------------------------------*/
  27:../../CM7/Core/Src/stm32h7xx_hal_timebase_tim.c **** /* Private variables ---------------------------------------------------------*/
  28:../../CM7/Core/Src/stm32h7xx_hal_timebase_tim.c **** TIM_HandleTypeDef        htim6;
  29:../../CM7/Core/Src/stm32h7xx_hal_timebase_tim.c **** /* Private function prototypes -----------------------------------------------*/
  30:../../CM7/Core/Src/stm32h7xx_hal_timebase_tim.c **** /* Private functions ---------------------------------------------------------*/
ARM GAS  C:\Users\sheld\AppData\Local\Temp\ccEHTL9j.s 			page 2


  31:../../CM7/Core/Src/stm32h7xx_hal_timebase_tim.c **** 
  32:../../CM7/Core/Src/stm32h7xx_hal_timebase_tim.c **** /**
  33:../../CM7/Core/Src/stm32h7xx_hal_timebase_tim.c ****   * @brief  This function configures the TIM6 as a time base source.
  34:../../CM7/Core/Src/stm32h7xx_hal_timebase_tim.c ****   *         The time source is configured  to have 1ms time base with a dedicated
  35:../../CM7/Core/Src/stm32h7xx_hal_timebase_tim.c ****   *         Tick interrupt priority.
  36:../../CM7/Core/Src/stm32h7xx_hal_timebase_tim.c ****   * @note   This function is called  automatically at the beginning of program after
  37:../../CM7/Core/Src/stm32h7xx_hal_timebase_tim.c ****   *         reset by HAL_Init() or at any time when clock is configured, by HAL_RCC_ClockConfig().
  38:../../CM7/Core/Src/stm32h7xx_hal_timebase_tim.c ****   * @param  TickPriority: Tick interrupt priority.
  39:../../CM7/Core/Src/stm32h7xx_hal_timebase_tim.c ****   * @retval HAL status
  40:../../CM7/Core/Src/stm32h7xx_hal_timebase_tim.c ****   */
  41:../../CM7/Core/Src/stm32h7xx_hal_timebase_tim.c **** HAL_StatusTypeDef HAL_InitTick(uint32_t TickPriority)
  42:../../CM7/Core/Src/stm32h7xx_hal_timebase_tim.c **** {
  29              		.loc 1 42 1 view -0
  30              		.cfi_startproc
  31              		@ args = 0, pretend = 0, frame = 40
  32              		@ frame_needed = 0, uses_anonymous_args = 0
  43:../../CM7/Core/Src/stm32h7xx_hal_timebase_tim.c ****   RCC_ClkInitTypeDef    clkconfig;
  33              		.loc 1 43 3 view .LVU1
  44:../../CM7/Core/Src/stm32h7xx_hal_timebase_tim.c ****   uint32_t              uwTimclock, uwAPB1Prescaler;
  34              		.loc 1 44 3 view .LVU2
  45:../../CM7/Core/Src/stm32h7xx_hal_timebase_tim.c **** 
  46:../../CM7/Core/Src/stm32h7xx_hal_timebase_tim.c ****   uint32_t              uwPrescalerValue;
  35              		.loc 1 46 3 view .LVU3
  47:../../CM7/Core/Src/stm32h7xx_hal_timebase_tim.c ****   uint32_t              pFLatency;
  36              		.loc 1 47 3 view .LVU4
  48:../../CM7/Core/Src/stm32h7xx_hal_timebase_tim.c ****   /*Configure the TIM6 IRQ priority */
  49:../../CM7/Core/Src/stm32h7xx_hal_timebase_tim.c ****   if (TickPriority < (1UL << __NVIC_PRIO_BITS))
  37              		.loc 1 49 3 view .LVU5
  38              		.loc 1 49 6 is_stmt 0 view .LVU6
  39 0000 0F28     		cmp	r0, #15
  40 0002 01D9     		bls	.L11
  50:../../CM7/Core/Src/stm32h7xx_hal_timebase_tim.c ****    {
  51:../../CM7/Core/Src/stm32h7xx_hal_timebase_tim.c ****      HAL_NVIC_SetPriority(TIM6_DAC_IRQn, TickPriority ,0);
  52:../../CM7/Core/Src/stm32h7xx_hal_timebase_tim.c **** 
  53:../../CM7/Core/Src/stm32h7xx_hal_timebase_tim.c ****      /* Enable the TIM6 global Interrupt */
  54:../../CM7/Core/Src/stm32h7xx_hal_timebase_tim.c ****      HAL_NVIC_EnableIRQ(TIM6_DAC_IRQn);
  55:../../CM7/Core/Src/stm32h7xx_hal_timebase_tim.c ****      uwTickPrio = TickPriority;
  56:../../CM7/Core/Src/stm32h7xx_hal_timebase_tim.c ****     }
  57:../../CM7/Core/Src/stm32h7xx_hal_timebase_tim.c ****   else
  58:../../CM7/Core/Src/stm32h7xx_hal_timebase_tim.c ****   {
  59:../../CM7/Core/Src/stm32h7xx_hal_timebase_tim.c ****     return HAL_ERROR;
  41              		.loc 1 59 12 view .LVU7
  42 0004 0120     		movs	r0, #1
  43              	.LVL1:
  60:../../CM7/Core/Src/stm32h7xx_hal_timebase_tim.c ****   }
  61:../../CM7/Core/Src/stm32h7xx_hal_timebase_tim.c **** 
  62:../../CM7/Core/Src/stm32h7xx_hal_timebase_tim.c ****   /* Enable TIM6 clock */
  63:../../CM7/Core/Src/stm32h7xx_hal_timebase_tim.c ****   __HAL_RCC_TIM6_CLK_ENABLE();
  64:../../CM7/Core/Src/stm32h7xx_hal_timebase_tim.c ****   /* Get clock configuration */
  65:../../CM7/Core/Src/stm32h7xx_hal_timebase_tim.c ****   HAL_RCC_GetClockConfig(&clkconfig, &pFLatency);
  66:../../CM7/Core/Src/stm32h7xx_hal_timebase_tim.c ****   /* Get APB1 prescaler */
  67:../../CM7/Core/Src/stm32h7xx_hal_timebase_tim.c ****   uwAPB1Prescaler = clkconfig.APB1CLKDivider;
  68:../../CM7/Core/Src/stm32h7xx_hal_timebase_tim.c ****   /* Compute TIM6 clock */
  69:../../CM7/Core/Src/stm32h7xx_hal_timebase_tim.c ****   if (uwAPB1Prescaler == RCC_HCLK_DIV1)
  70:../../CM7/Core/Src/stm32h7xx_hal_timebase_tim.c ****   {
  71:../../CM7/Core/Src/stm32h7xx_hal_timebase_tim.c ****     uwTimclock = HAL_RCC_GetPCLK1Freq();
  72:../../CM7/Core/Src/stm32h7xx_hal_timebase_tim.c ****   }
ARM GAS  C:\Users\sheld\AppData\Local\Temp\ccEHTL9j.s 			page 3


  73:../../CM7/Core/Src/stm32h7xx_hal_timebase_tim.c ****   else
  74:../../CM7/Core/Src/stm32h7xx_hal_timebase_tim.c ****   {
  75:../../CM7/Core/Src/stm32h7xx_hal_timebase_tim.c ****     uwTimclock = 2UL * HAL_RCC_GetPCLK1Freq();
  76:../../CM7/Core/Src/stm32h7xx_hal_timebase_tim.c ****   }
  77:../../CM7/Core/Src/stm32h7xx_hal_timebase_tim.c **** 
  78:../../CM7/Core/Src/stm32h7xx_hal_timebase_tim.c ****   /* Compute the prescaler value to have TIM6 counter clock equal to 1MHz */
  79:../../CM7/Core/Src/stm32h7xx_hal_timebase_tim.c ****   uwPrescalerValue = (uint32_t) ((uwTimclock / 1000000U) - 1U);
  80:../../CM7/Core/Src/stm32h7xx_hal_timebase_tim.c **** 
  81:../../CM7/Core/Src/stm32h7xx_hal_timebase_tim.c ****   /* Initialize TIM6 */
  82:../../CM7/Core/Src/stm32h7xx_hal_timebase_tim.c ****   htim6.Instance = TIM6;
  83:../../CM7/Core/Src/stm32h7xx_hal_timebase_tim.c **** 
  84:../../CM7/Core/Src/stm32h7xx_hal_timebase_tim.c ****   /* Initialize TIMx peripheral as follow:
  85:../../CM7/Core/Src/stm32h7xx_hal_timebase_tim.c **** 
  86:../../CM7/Core/Src/stm32h7xx_hal_timebase_tim.c ****   + Period = [(TIM6CLK/1000) - 1]. to have a (1/1000) s time base.
  87:../../CM7/Core/Src/stm32h7xx_hal_timebase_tim.c ****   + Prescaler = (uwTimclock/1000000 - 1) to have a 1MHz counter clock.
  88:../../CM7/Core/Src/stm32h7xx_hal_timebase_tim.c ****   + ClockDivision = 0
  89:../../CM7/Core/Src/stm32h7xx_hal_timebase_tim.c ****   + Counter direction = Up
  90:../../CM7/Core/Src/stm32h7xx_hal_timebase_tim.c ****   */
  91:../../CM7/Core/Src/stm32h7xx_hal_timebase_tim.c ****   htim6.Init.Period = (1000000U / 1000U) - 1U;
  92:../../CM7/Core/Src/stm32h7xx_hal_timebase_tim.c ****   htim6.Init.Prescaler = uwPrescalerValue;
  93:../../CM7/Core/Src/stm32h7xx_hal_timebase_tim.c ****   htim6.Init.ClockDivision = 0;
  94:../../CM7/Core/Src/stm32h7xx_hal_timebase_tim.c ****   htim6.Init.CounterMode = TIM_COUNTERMODE_UP;
  95:../../CM7/Core/Src/stm32h7xx_hal_timebase_tim.c **** 
  96:../../CM7/Core/Src/stm32h7xx_hal_timebase_tim.c ****   if(HAL_TIM_Base_Init(&htim6) == HAL_OK)
  97:../../CM7/Core/Src/stm32h7xx_hal_timebase_tim.c ****   {
  98:../../CM7/Core/Src/stm32h7xx_hal_timebase_tim.c ****     /* Start the TIM time Base generation in interrupt mode */
  99:../../CM7/Core/Src/stm32h7xx_hal_timebase_tim.c ****     return HAL_TIM_Base_Start_IT(&htim6);
 100:../../CM7/Core/Src/stm32h7xx_hal_timebase_tim.c ****   }
 101:../../CM7/Core/Src/stm32h7xx_hal_timebase_tim.c **** 
 102:../../CM7/Core/Src/stm32h7xx_hal_timebase_tim.c ****   /* Return function status */
 103:../../CM7/Core/Src/stm32h7xx_hal_timebase_tim.c ****   return HAL_ERROR;
 104:../../CM7/Core/Src/stm32h7xx_hal_timebase_tim.c **** }
  44              		.loc 1 104 1 view .LVU8
  45 0006 7047     		bx	lr
  46              	.LVL2:
  47              	.L11:
  42:../../CM7/Core/Src/stm32h7xx_hal_timebase_tim.c ****   RCC_ClkInitTypeDef    clkconfig;
  48              		.loc 1 42 1 view .LVU9
  49 0008 10B5     		push	{r4, lr}
  50              	.LCFI0:
  51              		.cfi_def_cfa_offset 8
  52              		.cfi_offset 4, -8
  53              		.cfi_offset 14, -4
  54 000a 8AB0     		sub	sp, sp, #40
  55              	.LCFI1:
  56              		.cfi_def_cfa_offset 48
  57 000c 0446     		mov	r4, r0
  51:../../CM7/Core/Src/stm32h7xx_hal_timebase_tim.c **** 
  58              		.loc 1 51 6 is_stmt 1 view .LVU10
  59 000e 0022     		movs	r2, #0
  60 0010 0146     		mov	r1, r0
  61 0012 3620     		movs	r0, #54
  62              	.LVL3:
  51:../../CM7/Core/Src/stm32h7xx_hal_timebase_tim.c **** 
  63              		.loc 1 51 6 is_stmt 0 view .LVU11
  64 0014 FFF7FEFF 		bl	HAL_NVIC_SetPriority
  65              	.LVL4:
ARM GAS  C:\Users\sheld\AppData\Local\Temp\ccEHTL9j.s 			page 4


  54:../../CM7/Core/Src/stm32h7xx_hal_timebase_tim.c ****      uwTickPrio = TickPriority;
  66              		.loc 1 54 6 is_stmt 1 view .LVU12
  67 0018 3620     		movs	r0, #54
  68 001a FFF7FEFF 		bl	HAL_NVIC_EnableIRQ
  69              	.LVL5:
  55:../../CM7/Core/Src/stm32h7xx_hal_timebase_tim.c ****     }
  70              		.loc 1 55 6 view .LVU13
  55:../../CM7/Core/Src/stm32h7xx_hal_timebase_tim.c ****     }
  71              		.loc 1 55 17 is_stmt 0 view .LVU14
  72 001e 1A4B     		ldr	r3, .L13
  73 0020 1C60     		str	r4, [r3]
  63:../../CM7/Core/Src/stm32h7xx_hal_timebase_tim.c ****   /* Get clock configuration */
  74              		.loc 1 63 3 is_stmt 1 view .LVU15
  75              	.LBB2:
  63:../../CM7/Core/Src/stm32h7xx_hal_timebase_tim.c ****   /* Get clock configuration */
  76              		.loc 1 63 3 view .LVU16
  63:../../CM7/Core/Src/stm32h7xx_hal_timebase_tim.c ****   /* Get clock configuration */
  77              		.loc 1 63 3 view .LVU17
  78 0022 1A4B     		ldr	r3, .L13+4
  79 0024 D3F8E820 		ldr	r2, [r3, #232]
  80 0028 42F01002 		orr	r2, r2, #16
  81 002c C3F8E820 		str	r2, [r3, #232]
  63:../../CM7/Core/Src/stm32h7xx_hal_timebase_tim.c ****   /* Get clock configuration */
  82              		.loc 1 63 3 view .LVU18
  83 0030 D3F8E830 		ldr	r3, [r3, #232]
  84 0034 03F01003 		and	r3, r3, #16
  85 0038 0093     		str	r3, [sp]
  63:../../CM7/Core/Src/stm32h7xx_hal_timebase_tim.c ****   /* Get clock configuration */
  86              		.loc 1 63 3 view .LVU19
  87 003a 009B     		ldr	r3, [sp]
  88              	.LBE2:
  63:../../CM7/Core/Src/stm32h7xx_hal_timebase_tim.c ****   /* Get clock configuration */
  89              		.loc 1 63 3 view .LVU20
  65:../../CM7/Core/Src/stm32h7xx_hal_timebase_tim.c ****   /* Get APB1 prescaler */
  90              		.loc 1 65 3 view .LVU21
  91 003c 01A9     		add	r1, sp, #4
  92 003e 02A8     		add	r0, sp, #8
  93 0040 FFF7FEFF 		bl	HAL_RCC_GetClockConfig
  94              	.LVL6:
  67:../../CM7/Core/Src/stm32h7xx_hal_timebase_tim.c ****   /* Compute TIM6 clock */
  95              		.loc 1 67 3 view .LVU22
  67:../../CM7/Core/Src/stm32h7xx_hal_timebase_tim.c ****   /* Compute TIM6 clock */
  96              		.loc 1 67 19 is_stmt 0 view .LVU23
  97 0044 079B     		ldr	r3, [sp, #28]
  98              	.LVL7:
  69:../../CM7/Core/Src/stm32h7xx_hal_timebase_tim.c ****   {
  99              		.loc 1 69 3 is_stmt 1 view .LVU24
  69:../../CM7/Core/Src/stm32h7xx_hal_timebase_tim.c ****   {
 100              		.loc 1 69 6 is_stmt 0 view .LVU25
 101 0046 BBB9     		cbnz	r3, .L3
  71:../../CM7/Core/Src/stm32h7xx_hal_timebase_tim.c ****   }
 102              		.loc 1 71 5 is_stmt 1 view .LVU26
  71:../../CM7/Core/Src/stm32h7xx_hal_timebase_tim.c ****   }
 103              		.loc 1 71 18 is_stmt 0 view .LVU27
 104 0048 FFF7FEFF 		bl	HAL_RCC_GetPCLK1Freq
 105              	.LVL8:
  71:../../CM7/Core/Src/stm32h7xx_hal_timebase_tim.c ****   }
ARM GAS  C:\Users\sheld\AppData\Local\Temp\ccEHTL9j.s 			page 5


 106              		.loc 1 71 18 view .LVU28
 107 004c 0346     		mov	r3, r0
 108              	.LVL9:
 109              	.L4:
  79:../../CM7/Core/Src/stm32h7xx_hal_timebase_tim.c **** 
 110              		.loc 1 79 3 is_stmt 1 view .LVU29
  79:../../CM7/Core/Src/stm32h7xx_hal_timebase_tim.c **** 
 111              		.loc 1 79 46 is_stmt 0 view .LVU30
 112 004e 1048     		ldr	r0, .L13+8
 113 0050 A0FB0323 		umull	r2, r3, r0, r3
 114              	.LVL10:
  79:../../CM7/Core/Src/stm32h7xx_hal_timebase_tim.c **** 
 115              		.loc 1 79 46 view .LVU31
 116 0054 9B0C     		lsrs	r3, r3, #18
  79:../../CM7/Core/Src/stm32h7xx_hal_timebase_tim.c **** 
 117              		.loc 1 79 20 view .LVU32
 118 0056 013B     		subs	r3, r3, #1
 119              	.LVL11:
  82:../../CM7/Core/Src/stm32h7xx_hal_timebase_tim.c **** 
 120              		.loc 1 82 3 is_stmt 1 view .LVU33
  82:../../CM7/Core/Src/stm32h7xx_hal_timebase_tim.c **** 
 121              		.loc 1 82 18 is_stmt 0 view .LVU34
 122 0058 0E48     		ldr	r0, .L13+12
 123 005a 0F4A     		ldr	r2, .L13+16
 124 005c 0260     		str	r2, [r0]
  91:../../CM7/Core/Src/stm32h7xx_hal_timebase_tim.c ****   htim6.Init.Prescaler = uwPrescalerValue;
 125              		.loc 1 91 3 is_stmt 1 view .LVU35
  91:../../CM7/Core/Src/stm32h7xx_hal_timebase_tim.c ****   htim6.Init.Prescaler = uwPrescalerValue;
 126              		.loc 1 91 21 is_stmt 0 view .LVU36
 127 005e 40F2E732 		movw	r2, #999
 128 0062 C260     		str	r2, [r0, #12]
  92:../../CM7/Core/Src/stm32h7xx_hal_timebase_tim.c ****   htim6.Init.ClockDivision = 0;
 129              		.loc 1 92 3 is_stmt 1 view .LVU37
  92:../../CM7/Core/Src/stm32h7xx_hal_timebase_tim.c ****   htim6.Init.ClockDivision = 0;
 130              		.loc 1 92 24 is_stmt 0 view .LVU38
 131 0064 4360     		str	r3, [r0, #4]
  93:../../CM7/Core/Src/stm32h7xx_hal_timebase_tim.c ****   htim6.Init.CounterMode = TIM_COUNTERMODE_UP;
 132              		.loc 1 93 3 is_stmt 1 view .LVU39
  93:../../CM7/Core/Src/stm32h7xx_hal_timebase_tim.c ****   htim6.Init.CounterMode = TIM_COUNTERMODE_UP;
 133              		.loc 1 93 28 is_stmt 0 view .LVU40
 134 0066 0023     		movs	r3, #0
 135              	.LVL12:
  93:../../CM7/Core/Src/stm32h7xx_hal_timebase_tim.c ****   htim6.Init.CounterMode = TIM_COUNTERMODE_UP;
 136              		.loc 1 93 28 view .LVU41
 137 0068 0361     		str	r3, [r0, #16]
  94:../../CM7/Core/Src/stm32h7xx_hal_timebase_tim.c **** 
 138              		.loc 1 94 3 is_stmt 1 view .LVU42
  94:../../CM7/Core/Src/stm32h7xx_hal_timebase_tim.c **** 
 139              		.loc 1 94 26 is_stmt 0 view .LVU43
 140 006a 8360     		str	r3, [r0, #8]
  96:../../CM7/Core/Src/stm32h7xx_hal_timebase_tim.c ****   {
 141              		.loc 1 96 3 is_stmt 1 view .LVU44
  96:../../CM7/Core/Src/stm32h7xx_hal_timebase_tim.c ****   {
 142              		.loc 1 96 6 is_stmt 0 view .LVU45
 143 006c FFF7FEFF 		bl	HAL_TIM_Base_Init
 144              	.LVL13:
  96:../../CM7/Core/Src/stm32h7xx_hal_timebase_tim.c ****   {
ARM GAS  C:\Users\sheld\AppData\Local\Temp\ccEHTL9j.s 			page 6


 145              		.loc 1 96 5 view .LVU46
 146 0070 30B1     		cbz	r0, .L12
 103:../../CM7/Core/Src/stm32h7xx_hal_timebase_tim.c **** }
 147              		.loc 1 103 10 view .LVU47
 148 0072 0120     		movs	r0, #1
 149              	.L2:
 150              		.loc 1 104 1 view .LVU48
 151 0074 0AB0     		add	sp, sp, #40
 152              	.LCFI2:
 153              		.cfi_remember_state
 154              		.cfi_def_cfa_offset 8
 155              		@ sp needed
 156 0076 10BD     		pop	{r4, pc}
 157              	.LVL14:
 158              	.L3:
 159              	.LCFI3:
 160              		.cfi_restore_state
  75:../../CM7/Core/Src/stm32h7xx_hal_timebase_tim.c ****   }
 161              		.loc 1 75 5 is_stmt 1 view .LVU49
  75:../../CM7/Core/Src/stm32h7xx_hal_timebase_tim.c ****   }
 162              		.loc 1 75 24 is_stmt 0 view .LVU50
 163 0078 FFF7FEFF 		bl	HAL_RCC_GetPCLK1Freq
 164              	.LVL15:
  75:../../CM7/Core/Src/stm32h7xx_hal_timebase_tim.c ****   }
 165              		.loc 1 75 16 view .LVU51
 166 007c 4300     		lsls	r3, r0, #1
 167              	.LVL16:
  75:../../CM7/Core/Src/stm32h7xx_hal_timebase_tim.c ****   }
 168              		.loc 1 75 16 view .LVU52
 169 007e E6E7     		b	.L4
 170              	.LVL17:
 171              	.L12:
  99:../../CM7/Core/Src/stm32h7xx_hal_timebase_tim.c ****   }
 172              		.loc 1 99 5 is_stmt 1 view .LVU53
  99:../../CM7/Core/Src/stm32h7xx_hal_timebase_tim.c ****   }
 173              		.loc 1 99 12 is_stmt 0 view .LVU54
 174 0080 0448     		ldr	r0, .L13+12
 175 0082 FFF7FEFF 		bl	HAL_TIM_Base_Start_IT
 176              	.LVL18:
 177 0086 F5E7     		b	.L2
 178              	.L14:
 179              		.align	2
 180              	.L13:
 181 0088 00000000 		.word	uwTickPrio
 182 008c 00440258 		.word	1476543488
 183 0090 83DE1B43 		.word	1125899907
 184 0094 00000000 		.word	.LANCHOR0
 185 0098 00100040 		.word	1073745920
 186              		.cfi_endproc
 187              	.LFE144:
 189              		.section	.text.HAL_SuspendTick,"ax",%progbits
 190              		.align	1
 191              		.global	HAL_SuspendTick
 192              		.syntax unified
 193              		.thumb
 194              		.thumb_func
 196              	HAL_SuspendTick:
ARM GAS  C:\Users\sheld\AppData\Local\Temp\ccEHTL9j.s 			page 7


 197              	.LFB145:
 105:../../CM7/Core/Src/stm32h7xx_hal_timebase_tim.c **** 
 106:../../CM7/Core/Src/stm32h7xx_hal_timebase_tim.c **** /**
 107:../../CM7/Core/Src/stm32h7xx_hal_timebase_tim.c ****   * @brief  Suspend Tick increment.
 108:../../CM7/Core/Src/stm32h7xx_hal_timebase_tim.c ****   * @note   Disable the tick increment by disabling TIM6 update interrupt.
 109:../../CM7/Core/Src/stm32h7xx_hal_timebase_tim.c ****   * @param  None
 110:../../CM7/Core/Src/stm32h7xx_hal_timebase_tim.c ****   * @retval None
 111:../../CM7/Core/Src/stm32h7xx_hal_timebase_tim.c ****   */
 112:../../CM7/Core/Src/stm32h7xx_hal_timebase_tim.c **** void HAL_SuspendTick(void)
 113:../../CM7/Core/Src/stm32h7xx_hal_timebase_tim.c **** {
 198              		.loc 1 113 1 is_stmt 1 view -0
 199              		.cfi_startproc
 200              		@ args = 0, pretend = 0, frame = 0
 201              		@ frame_needed = 0, uses_anonymous_args = 0
 202              		@ link register save eliminated.
 114:../../CM7/Core/Src/stm32h7xx_hal_timebase_tim.c ****   /* Disable TIM6 update Interrupt */
 115:../../CM7/Core/Src/stm32h7xx_hal_timebase_tim.c ****   __HAL_TIM_DISABLE_IT(&htim6, TIM_IT_UPDATE);
 203              		.loc 1 115 3 view .LVU56
 204 0000 034B     		ldr	r3, .L16
 205 0002 1A68     		ldr	r2, [r3]
 206 0004 D368     		ldr	r3, [r2, #12]
 207 0006 23F00103 		bic	r3, r3, #1
 208 000a D360     		str	r3, [r2, #12]
 116:../../CM7/Core/Src/stm32h7xx_hal_timebase_tim.c **** }
 209              		.loc 1 116 1 is_stmt 0 view .LVU57
 210 000c 7047     		bx	lr
 211              	.L17:
 212 000e 00BF     		.align	2
 213              	.L16:
 214 0010 00000000 		.word	.LANCHOR0
 215              		.cfi_endproc
 216              	.LFE145:
 218              		.section	.text.HAL_ResumeTick,"ax",%progbits
 219              		.align	1
 220              		.global	HAL_ResumeTick
 221              		.syntax unified
 222              		.thumb
 223              		.thumb_func
 225              	HAL_ResumeTick:
 226              	.LFB146:
 117:../../CM7/Core/Src/stm32h7xx_hal_timebase_tim.c **** 
 118:../../CM7/Core/Src/stm32h7xx_hal_timebase_tim.c **** /**
 119:../../CM7/Core/Src/stm32h7xx_hal_timebase_tim.c ****   * @brief  Resume Tick increment.
 120:../../CM7/Core/Src/stm32h7xx_hal_timebase_tim.c ****   * @note   Enable the tick increment by Enabling TIM6 update interrupt.
 121:../../CM7/Core/Src/stm32h7xx_hal_timebase_tim.c ****   * @param  None
 122:../../CM7/Core/Src/stm32h7xx_hal_timebase_tim.c ****   * @retval None
 123:../../CM7/Core/Src/stm32h7xx_hal_timebase_tim.c ****   */
 124:../../CM7/Core/Src/stm32h7xx_hal_timebase_tim.c **** void HAL_ResumeTick(void)
 125:../../CM7/Core/Src/stm32h7xx_hal_timebase_tim.c **** {
 227              		.loc 1 125 1 is_stmt 1 view -0
 228              		.cfi_startproc
 229              		@ args = 0, pretend = 0, frame = 0
 230              		@ frame_needed = 0, uses_anonymous_args = 0
 231              		@ link register save eliminated.
 126:../../CM7/Core/Src/stm32h7xx_hal_timebase_tim.c ****   /* Enable TIM6 Update interrupt */
 127:../../CM7/Core/Src/stm32h7xx_hal_timebase_tim.c ****   __HAL_TIM_ENABLE_IT(&htim6, TIM_IT_UPDATE);
 232              		.loc 1 127 3 view .LVU59
ARM GAS  C:\Users\sheld\AppData\Local\Temp\ccEHTL9j.s 			page 8


 233 0000 034B     		ldr	r3, .L19
 234 0002 1A68     		ldr	r2, [r3]
 235 0004 D368     		ldr	r3, [r2, #12]
 236 0006 43F00103 		orr	r3, r3, #1
 237 000a D360     		str	r3, [r2, #12]
 128:../../CM7/Core/Src/stm32h7xx_hal_timebase_tim.c **** }
 238              		.loc 1 128 1 is_stmt 0 view .LVU60
 239 000c 7047     		bx	lr
 240              	.L20:
 241 000e 00BF     		.align	2
 242              	.L19:
 243 0010 00000000 		.word	.LANCHOR0
 244              		.cfi_endproc
 245              	.LFE146:
 247              		.global	htim6
 248              		.section	.bss.htim6,"aw",%nobits
 249              		.align	2
 250              		.set	.LANCHOR0,. + 0
 253              	htim6:
 254 0000 00000000 		.space	76
 254      00000000 
 254      00000000 
 254      00000000 
 254      00000000 
 255              		.text
 256              	.Letext0:
 257              		.file 2 "c:\\projects\\rtos_projects\\tools\\gcc-arm-none-eabi-10.3-2021.10\\arm-none-eabi\\includ
 258              		.file 3 "c:\\projects\\rtos_projects\\tools\\gcc-arm-none-eabi-10.3-2021.10\\arm-none-eabi\\includ
 259              		.file 4 "../../Drivers/CMSIS/Device/ST/STM32H7xx/Include/stm32h745xx.h"
 260              		.file 5 "../../Drivers/STM32H7xx_HAL_Driver/Inc/stm32h7xx_hal_def.h"
 261              		.file 6 "../../Drivers/STM32H7xx_HAL_Driver/Inc/stm32h7xx_hal_rcc.h"
 262              		.file 7 "../../Drivers/STM32H7xx_HAL_Driver/Inc/stm32h7xx_hal_dma.h"
 263              		.file 8 "../../Drivers/STM32H7xx_HAL_Driver/Inc/stm32h7xx_hal_tim.h"
 264              		.file 9 "../../Drivers/STM32H7xx_HAL_Driver/Inc/stm32h7xx_hal.h"
 265              		.file 10 "../../Drivers/STM32H7xx_HAL_Driver/Inc/stm32h7xx_hal_cortex.h"
ARM GAS  C:\Users\sheld\AppData\Local\Temp\ccEHTL9j.s 			page 9


DEFINED SYMBOLS
                            *ABS*:00000000 stm32h7xx_hal_timebase_tim.c
C:\Users\sheld\AppData\Local\Temp\ccEHTL9j.s:19     .text.HAL_InitTick:00000000 $t
C:\Users\sheld\AppData\Local\Temp\ccEHTL9j.s:25     .text.HAL_InitTick:00000000 HAL_InitTick
C:\Users\sheld\AppData\Local\Temp\ccEHTL9j.s:181    .text.HAL_InitTick:00000088 $d
C:\Users\sheld\AppData\Local\Temp\ccEHTL9j.s:190    .text.HAL_SuspendTick:00000000 $t
C:\Users\sheld\AppData\Local\Temp\ccEHTL9j.s:196    .text.HAL_SuspendTick:00000000 HAL_SuspendTick
C:\Users\sheld\AppData\Local\Temp\ccEHTL9j.s:214    .text.HAL_SuspendTick:00000010 $d
C:\Users\sheld\AppData\Local\Temp\ccEHTL9j.s:219    .text.HAL_ResumeTick:00000000 $t
C:\Users\sheld\AppData\Local\Temp\ccEHTL9j.s:225    .text.HAL_ResumeTick:00000000 HAL_ResumeTick
C:\Users\sheld\AppData\Local\Temp\ccEHTL9j.s:243    .text.HAL_ResumeTick:00000010 $d
C:\Users\sheld\AppData\Local\Temp\ccEHTL9j.s:253    .bss.htim6:00000000 htim6
C:\Users\sheld\AppData\Local\Temp\ccEHTL9j.s:249    .bss.htim6:00000000 $d

UNDEFINED SYMBOLS
HAL_NVIC_SetPriority
HAL_NVIC_EnableIRQ
HAL_RCC_GetClockConfig
HAL_RCC_GetPCLK1Freq
HAL_TIM_Base_Init
HAL_TIM_Base_Start_IT
uwTickPrio
