ARM GAS  C:\Users\sheld\AppData\Local\Temp\ccCmzyrh.s 			page 1


   1              		.cpu cortex-m7
   2              		.arch armv7e-m
   3              		.fpu fpv5-d16
   4              		.eabi_attribute 28, 1
   5              		.eabi_attribute 20, 1
   6              		.eabi_attribute 21, 1
   7              		.eabi_attribute 23, 3
   8              		.eabi_attribute 24, 1
   9              		.eabi_attribute 25, 1
  10              		.eabi_attribute 26, 1
  11              		.eabi_attribute 30, 1
  12              		.eabi_attribute 34, 1
  13              		.eabi_attribute 18, 4
  14              		.file	"stm32h7xx_hal_msp.c"
  15              		.text
  16              	.Ltext0:
  17              		.cfi_sections	.debug_frame
  18              		.section	.text.HAL_MspInit,"ax",%progbits
  19              		.align	1
  20              		.global	HAL_MspInit
  21              		.syntax unified
  22              		.thumb
  23              		.thumb_func
  25              	HAL_MspInit:
  26              	.LFB144:
  27              		.file 1 "../../CM7/Core/Src/stm32h7xx_hal_msp.c"
   1:../../CM7/Core/Src/stm32h7xx_hal_msp.c **** 
   2:../../CM7/Core/Src/stm32h7xx_hal_msp.c **** /* USER CODE BEGIN Header */
   3:../../CM7/Core/Src/stm32h7xx_hal_msp.c **** /**
   4:../../CM7/Core/Src/stm32h7xx_hal_msp.c ****   ******************************************************************************
   5:../../CM7/Core/Src/stm32h7xx_hal_msp.c ****   * @file         stm32h7xx_hal_msp.c
   6:../../CM7/Core/Src/stm32h7xx_hal_msp.c ****   * @brief        This file provides code for the MSP Initialization
   7:../../CM7/Core/Src/stm32h7xx_hal_msp.c ****   *               and de-Initialization codes.
   8:../../CM7/Core/Src/stm32h7xx_hal_msp.c ****   ******************************************************************************
   9:../../CM7/Core/Src/stm32h7xx_hal_msp.c ****   * @attention
  10:../../CM7/Core/Src/stm32h7xx_hal_msp.c ****   *
  11:../../CM7/Core/Src/stm32h7xx_hal_msp.c ****   * Copyright (c) 2024 STMicroelectronics.
  12:../../CM7/Core/Src/stm32h7xx_hal_msp.c ****   * All rights reserved.
  13:../../CM7/Core/Src/stm32h7xx_hal_msp.c ****   *
  14:../../CM7/Core/Src/stm32h7xx_hal_msp.c ****   * This software is licensed under terms that can be found in the LICENSE file
  15:../../CM7/Core/Src/stm32h7xx_hal_msp.c ****   * in the root directory of this software component.
  16:../../CM7/Core/Src/stm32h7xx_hal_msp.c ****   * If no LICENSE file comes with this software, it is provided AS-IS.
  17:../../CM7/Core/Src/stm32h7xx_hal_msp.c ****   *
  18:../../CM7/Core/Src/stm32h7xx_hal_msp.c ****   ******************************************************************************
  19:../../CM7/Core/Src/stm32h7xx_hal_msp.c ****   */
  20:../../CM7/Core/Src/stm32h7xx_hal_msp.c **** /* USER CODE END Header */
  21:../../CM7/Core/Src/stm32h7xx_hal_msp.c **** 
  22:../../CM7/Core/Src/stm32h7xx_hal_msp.c **** /* Includes ------------------------------------------------------------------*/
  23:../../CM7/Core/Src/stm32h7xx_hal_msp.c **** #include "main.h"
  24:../../CM7/Core/Src/stm32h7xx_hal_msp.c **** /* USER CODE BEGIN Includes */
  25:../../CM7/Core/Src/stm32h7xx_hal_msp.c **** 
  26:../../CM7/Core/Src/stm32h7xx_hal_msp.c **** /* USER CODE END Includes */
  27:../../CM7/Core/Src/stm32h7xx_hal_msp.c **** 
  28:../../CM7/Core/Src/stm32h7xx_hal_msp.c **** /* Private typedef -----------------------------------------------------------*/
  29:../../CM7/Core/Src/stm32h7xx_hal_msp.c **** /* USER CODE BEGIN TD */
  30:../../CM7/Core/Src/stm32h7xx_hal_msp.c **** 
  31:../../CM7/Core/Src/stm32h7xx_hal_msp.c **** /* USER CODE END TD */
ARM GAS  C:\Users\sheld\AppData\Local\Temp\ccCmzyrh.s 			page 2


  32:../../CM7/Core/Src/stm32h7xx_hal_msp.c **** 
  33:../../CM7/Core/Src/stm32h7xx_hal_msp.c **** /* Private define ------------------------------------------------------------*/
  34:../../CM7/Core/Src/stm32h7xx_hal_msp.c **** /* USER CODE BEGIN Define */
  35:../../CM7/Core/Src/stm32h7xx_hal_msp.c **** 
  36:../../CM7/Core/Src/stm32h7xx_hal_msp.c **** /* USER CODE END Define */
  37:../../CM7/Core/Src/stm32h7xx_hal_msp.c **** 
  38:../../CM7/Core/Src/stm32h7xx_hal_msp.c **** /* Private macro -------------------------------------------------------------*/
  39:../../CM7/Core/Src/stm32h7xx_hal_msp.c **** /* USER CODE BEGIN Macro */
  40:../../CM7/Core/Src/stm32h7xx_hal_msp.c **** 
  41:../../CM7/Core/Src/stm32h7xx_hal_msp.c **** /* USER CODE END Macro */
  42:../../CM7/Core/Src/stm32h7xx_hal_msp.c **** 
  43:../../CM7/Core/Src/stm32h7xx_hal_msp.c **** /* Private variables ---------------------------------------------------------*/
  44:../../CM7/Core/Src/stm32h7xx_hal_msp.c **** /* USER CODE BEGIN PV */
  45:../../CM7/Core/Src/stm32h7xx_hal_msp.c **** 
  46:../../CM7/Core/Src/stm32h7xx_hal_msp.c **** /* USER CODE END PV */
  47:../../CM7/Core/Src/stm32h7xx_hal_msp.c **** 
  48:../../CM7/Core/Src/stm32h7xx_hal_msp.c **** /* Private function prototypes -----------------------------------------------*/
  49:../../CM7/Core/Src/stm32h7xx_hal_msp.c **** /* USER CODE BEGIN PFP */
  50:../../CM7/Core/Src/stm32h7xx_hal_msp.c **** 
  51:../../CM7/Core/Src/stm32h7xx_hal_msp.c **** /* USER CODE END PFP */
  52:../../CM7/Core/Src/stm32h7xx_hal_msp.c **** 
  53:../../CM7/Core/Src/stm32h7xx_hal_msp.c **** /* External functions --------------------------------------------------------*/
  54:../../CM7/Core/Src/stm32h7xx_hal_msp.c **** /* USER CODE BEGIN ExternalFunctions */
  55:../../CM7/Core/Src/stm32h7xx_hal_msp.c **** 
  56:../../CM7/Core/Src/stm32h7xx_hal_msp.c **** /* USER CODE END ExternalFunctions */
  57:../../CM7/Core/Src/stm32h7xx_hal_msp.c **** 
  58:../../CM7/Core/Src/stm32h7xx_hal_msp.c **** /* USER CODE BEGIN 0 */
  59:../../CM7/Core/Src/stm32h7xx_hal_msp.c **** 
  60:../../CM7/Core/Src/stm32h7xx_hal_msp.c **** /* USER CODE END 0 */
  61:../../CM7/Core/Src/stm32h7xx_hal_msp.c **** /**
  62:../../CM7/Core/Src/stm32h7xx_hal_msp.c ****   * Initializes the Global MSP.
  63:../../CM7/Core/Src/stm32h7xx_hal_msp.c ****   */
  64:../../CM7/Core/Src/stm32h7xx_hal_msp.c **** void HAL_MspInit(void)
  65:../../CM7/Core/Src/stm32h7xx_hal_msp.c **** {
  28              		.loc 1 65 1 view -0
  29              		.cfi_startproc
  30              		@ args = 0, pretend = 0, frame = 8
  31              		@ frame_needed = 0, uses_anonymous_args = 0
  32 0000 00B5     		push	{lr}
  33              	.LCFI0:
  34              		.cfi_def_cfa_offset 4
  35              		.cfi_offset 14, -4
  36 0002 83B0     		sub	sp, sp, #12
  37              	.LCFI1:
  38              		.cfi_def_cfa_offset 16
  66:../../CM7/Core/Src/stm32h7xx_hal_msp.c **** 
  67:../../CM7/Core/Src/stm32h7xx_hal_msp.c ****   /* USER CODE BEGIN MspInit 0 */
  68:../../CM7/Core/Src/stm32h7xx_hal_msp.c **** 
  69:../../CM7/Core/Src/stm32h7xx_hal_msp.c ****   /* USER CODE END MspInit 0 */
  70:../../CM7/Core/Src/stm32h7xx_hal_msp.c **** 
  71:../../CM7/Core/Src/stm32h7xx_hal_msp.c ****   __HAL_RCC_SYSCFG_CLK_ENABLE();
  39              		.loc 1 71 3 view .LVU1
  40              	.LBB2:
  41              		.loc 1 71 3 view .LVU2
  42              		.loc 1 71 3 view .LVU3
  43 0004 0A4B     		ldr	r3, .L3
  44 0006 D3F8F420 		ldr	r2, [r3, #244]
ARM GAS  C:\Users\sheld\AppData\Local\Temp\ccCmzyrh.s 			page 3


  45 000a 42F00202 		orr	r2, r2, #2
  46 000e C3F8F420 		str	r2, [r3, #244]
  47              		.loc 1 71 3 view .LVU4
  48 0012 D3F8F430 		ldr	r3, [r3, #244]
  49 0016 03F00203 		and	r3, r3, #2
  50 001a 0193     		str	r3, [sp, #4]
  51              		.loc 1 71 3 view .LVU5
  52 001c 019B     		ldr	r3, [sp, #4]
  53              	.LBE2:
  54              		.loc 1 71 3 view .LVU6
  72:../../CM7/Core/Src/stm32h7xx_hal_msp.c **** 
  73:../../CM7/Core/Src/stm32h7xx_hal_msp.c ****   /* System interrupt init*/
  74:../../CM7/Core/Src/stm32h7xx_hal_msp.c ****   /* PendSV_IRQn interrupt configuration */
  75:../../CM7/Core/Src/stm32h7xx_hal_msp.c ****   HAL_NVIC_SetPriority(PendSV_IRQn, 15, 0);
  55              		.loc 1 75 3 view .LVU7
  56 001e 0022     		movs	r2, #0
  57 0020 0F21     		movs	r1, #15
  58 0022 6FF00100 		mvn	r0, #1
  59 0026 FFF7FEFF 		bl	HAL_NVIC_SetPriority
  60              	.LVL0:
  76:../../CM7/Core/Src/stm32h7xx_hal_msp.c **** 
  77:../../CM7/Core/Src/stm32h7xx_hal_msp.c ****   /* USER CODE BEGIN MspInit 1 */
  78:../../CM7/Core/Src/stm32h7xx_hal_msp.c **** 
  79:../../CM7/Core/Src/stm32h7xx_hal_msp.c ****   /* USER CODE END MspInit 1 */
  80:../../CM7/Core/Src/stm32h7xx_hal_msp.c **** }
  61              		.loc 1 80 1 is_stmt 0 view .LVU8
  62 002a 03B0     		add	sp, sp, #12
  63              	.LCFI2:
  64              		.cfi_def_cfa_offset 4
  65              		@ sp needed
  66 002c 5DF804FB 		ldr	pc, [sp], #4
  67              	.L4:
  68              		.align	2
  69              	.L3:
  70 0030 00440258 		.word	1476543488
  71              		.cfi_endproc
  72              	.LFE144:
  74              		.section	.text.HAL_UART_MspInit,"ax",%progbits
  75              		.align	1
  76              		.global	HAL_UART_MspInit
  77              		.syntax unified
  78              		.thumb
  79              		.thumb_func
  81              	HAL_UART_MspInit:
  82              	.LVL1:
  83              	.LFB145:
  81:../../CM7/Core/Src/stm32h7xx_hal_msp.c **** 
  82:../../CM7/Core/Src/stm32h7xx_hal_msp.c **** /**
  83:../../CM7/Core/Src/stm32h7xx_hal_msp.c **** * @brief UART MSP Initialization
  84:../../CM7/Core/Src/stm32h7xx_hal_msp.c **** * This function configures the hardware resources used in this example
  85:../../CM7/Core/Src/stm32h7xx_hal_msp.c **** * @param huart: UART handle pointer
  86:../../CM7/Core/Src/stm32h7xx_hal_msp.c **** * @retval None
  87:../../CM7/Core/Src/stm32h7xx_hal_msp.c **** */
  88:../../CM7/Core/Src/stm32h7xx_hal_msp.c **** void HAL_UART_MspInit(UART_HandleTypeDef* huart)
  89:../../CM7/Core/Src/stm32h7xx_hal_msp.c **** {
  84              		.loc 1 89 1 is_stmt 1 view -0
  85              		.cfi_startproc
ARM GAS  C:\Users\sheld\AppData\Local\Temp\ccCmzyrh.s 			page 4


  86              		@ args = 0, pretend = 0, frame = 224
  87              		@ frame_needed = 0, uses_anonymous_args = 0
  88              		.loc 1 89 1 is_stmt 0 view .LVU10
  89 0000 10B5     		push	{r4, lr}
  90              	.LCFI3:
  91              		.cfi_def_cfa_offset 8
  92              		.cfi_offset 4, -8
  93              		.cfi_offset 14, -4
  94 0002 B8B0     		sub	sp, sp, #224
  95              	.LCFI4:
  96              		.cfi_def_cfa_offset 232
  97 0004 0446     		mov	r4, r0
  90:../../CM7/Core/Src/stm32h7xx_hal_msp.c ****   GPIO_InitTypeDef GPIO_InitStruct = {0};
  98              		.loc 1 90 3 is_stmt 1 view .LVU11
  99              		.loc 1 90 20 is_stmt 0 view .LVU12
 100 0006 0021     		movs	r1, #0
 101 0008 3391     		str	r1, [sp, #204]
 102 000a 3491     		str	r1, [sp, #208]
 103 000c 3591     		str	r1, [sp, #212]
 104 000e 3691     		str	r1, [sp, #216]
 105 0010 3791     		str	r1, [sp, #220]
  91:../../CM7/Core/Src/stm32h7xx_hal_msp.c ****   RCC_PeriphCLKInitTypeDef PeriphClkInitStruct = {0};
 106              		.loc 1 91 3 is_stmt 1 view .LVU13
 107              		.loc 1 91 28 is_stmt 0 view .LVU14
 108 0012 C022     		movs	r2, #192
 109 0014 02A8     		add	r0, sp, #8
 110              	.LVL2:
 111              		.loc 1 91 28 view .LVU15
 112 0016 FFF7FEFF 		bl	memset
 113              	.LVL3:
  92:../../CM7/Core/Src/stm32h7xx_hal_msp.c ****   if(huart->Instance==USART3)
 114              		.loc 1 92 3 is_stmt 1 view .LVU16
 115              		.loc 1 92 11 is_stmt 0 view .LVU17
 116 001a 2268     		ldr	r2, [r4]
 117              		.loc 1 92 5 view .LVU18
 118 001c 1B4B     		ldr	r3, .L11
 119 001e 9A42     		cmp	r2, r3
 120 0020 01D0     		beq	.L9
 121              	.L5:
  93:../../CM7/Core/Src/stm32h7xx_hal_msp.c ****   {
  94:../../CM7/Core/Src/stm32h7xx_hal_msp.c ****   /* USER CODE BEGIN USART3_MspInit 0 */
  95:../../CM7/Core/Src/stm32h7xx_hal_msp.c **** 
  96:../../CM7/Core/Src/stm32h7xx_hal_msp.c ****   /* USER CODE END USART3_MspInit 0 */
  97:../../CM7/Core/Src/stm32h7xx_hal_msp.c **** 
  98:../../CM7/Core/Src/stm32h7xx_hal_msp.c ****   /** Initializes the peripherals clock
  99:../../CM7/Core/Src/stm32h7xx_hal_msp.c ****   */
 100:../../CM7/Core/Src/stm32h7xx_hal_msp.c ****     PeriphClkInitStruct.PeriphClockSelection = RCC_PERIPHCLK_USART3;
 101:../../CM7/Core/Src/stm32h7xx_hal_msp.c ****     PeriphClkInitStruct.Usart234578ClockSelection = RCC_USART234578CLKSOURCE_D2PCLK1;
 102:../../CM7/Core/Src/stm32h7xx_hal_msp.c ****     if (HAL_RCCEx_PeriphCLKConfig(&PeriphClkInitStruct) != HAL_OK)
 103:../../CM7/Core/Src/stm32h7xx_hal_msp.c ****     {
 104:../../CM7/Core/Src/stm32h7xx_hal_msp.c ****       Error_Handler();
 105:../../CM7/Core/Src/stm32h7xx_hal_msp.c ****     }
 106:../../CM7/Core/Src/stm32h7xx_hal_msp.c **** 
 107:../../CM7/Core/Src/stm32h7xx_hal_msp.c ****     /* Peripheral clock enable */
 108:../../CM7/Core/Src/stm32h7xx_hal_msp.c ****     __HAL_RCC_USART3_CLK_ENABLE();
 109:../../CM7/Core/Src/stm32h7xx_hal_msp.c **** 
 110:../../CM7/Core/Src/stm32h7xx_hal_msp.c ****     __HAL_RCC_GPIOB_CLK_ENABLE();
ARM GAS  C:\Users\sheld\AppData\Local\Temp\ccCmzyrh.s 			page 5


 111:../../CM7/Core/Src/stm32h7xx_hal_msp.c ****     /**USART3 GPIO Configuration
 112:../../CM7/Core/Src/stm32h7xx_hal_msp.c ****     PB10     ------> USART3_TX
 113:../../CM7/Core/Src/stm32h7xx_hal_msp.c ****     PB11     ------> USART3_RX
 114:../../CM7/Core/Src/stm32h7xx_hal_msp.c ****     */
 115:../../CM7/Core/Src/stm32h7xx_hal_msp.c ****     GPIO_InitStruct.Pin = VCP_TX_Pin|VCP_RX_Pin;
 116:../../CM7/Core/Src/stm32h7xx_hal_msp.c ****     GPIO_InitStruct.Mode = GPIO_MODE_AF_PP;
 117:../../CM7/Core/Src/stm32h7xx_hal_msp.c ****     GPIO_InitStruct.Pull = GPIO_NOPULL;
 118:../../CM7/Core/Src/stm32h7xx_hal_msp.c ****     GPIO_InitStruct.Speed = GPIO_SPEED_FREQ_LOW;
 119:../../CM7/Core/Src/stm32h7xx_hal_msp.c ****     GPIO_InitStruct.Alternate = GPIO_AF7_USART3;
 120:../../CM7/Core/Src/stm32h7xx_hal_msp.c ****     HAL_GPIO_Init(GPIOB, &GPIO_InitStruct);
 121:../../CM7/Core/Src/stm32h7xx_hal_msp.c **** 
 122:../../CM7/Core/Src/stm32h7xx_hal_msp.c ****   /* USER CODE BEGIN USART3_MspInit 1 */
 123:../../CM7/Core/Src/stm32h7xx_hal_msp.c **** 
 124:../../CM7/Core/Src/stm32h7xx_hal_msp.c ****   /* USER CODE END USART3_MspInit 1 */
 125:../../CM7/Core/Src/stm32h7xx_hal_msp.c **** 
 126:../../CM7/Core/Src/stm32h7xx_hal_msp.c ****   }
 127:../../CM7/Core/Src/stm32h7xx_hal_msp.c **** 
 128:../../CM7/Core/Src/stm32h7xx_hal_msp.c **** }
 122              		.loc 1 128 1 view .LVU19
 123 0022 38B0     		add	sp, sp, #224
 124              	.LCFI5:
 125              		.cfi_remember_state
 126              		.cfi_def_cfa_offset 8
 127              		@ sp needed
 128 0024 10BD     		pop	{r4, pc}
 129              	.LVL4:
 130              	.L9:
 131              	.LCFI6:
 132              		.cfi_restore_state
 100:../../CM7/Core/Src/stm32h7xx_hal_msp.c ****     PeriphClkInitStruct.Usart234578ClockSelection = RCC_USART234578CLKSOURCE_D2PCLK1;
 133              		.loc 1 100 5 is_stmt 1 view .LVU20
 100:../../CM7/Core/Src/stm32h7xx_hal_msp.c ****     PeriphClkInitStruct.Usart234578ClockSelection = RCC_USART234578CLKSOURCE_D2PCLK1;
 134              		.loc 1 100 46 is_stmt 0 view .LVU21
 135 0026 0222     		movs	r2, #2
 136 0028 0023     		movs	r3, #0
 137 002a CDE90223 		strd	r2, [sp, #8]
 101:../../CM7/Core/Src/stm32h7xx_hal_msp.c ****     if (HAL_RCCEx_PeriphCLKConfig(&PeriphClkInitStruct) != HAL_OK)
 138              		.loc 1 101 5 is_stmt 1 view .LVU22
 102:../../CM7/Core/Src/stm32h7xx_hal_msp.c ****     {
 139              		.loc 1 102 5 view .LVU23
 102:../../CM7/Core/Src/stm32h7xx_hal_msp.c ****     {
 140              		.loc 1 102 9 is_stmt 0 view .LVU24
 141 002e 02A8     		add	r0, sp, #8
 142 0030 FFF7FEFF 		bl	HAL_RCCEx_PeriphCLKConfig
 143              	.LVL5:
 102:../../CM7/Core/Src/stm32h7xx_hal_msp.c ****     {
 144              		.loc 1 102 8 view .LVU25
 145 0034 38BB     		cbnz	r0, .L10
 146              	.L7:
 108:../../CM7/Core/Src/stm32h7xx_hal_msp.c **** 
 147              		.loc 1 108 5 is_stmt 1 view .LVU26
 148              	.LBB3:
 108:../../CM7/Core/Src/stm32h7xx_hal_msp.c **** 
 149              		.loc 1 108 5 view .LVU27
 108:../../CM7/Core/Src/stm32h7xx_hal_msp.c **** 
 150              		.loc 1 108 5 view .LVU28
 151 0036 164B     		ldr	r3, .L11+4
ARM GAS  C:\Users\sheld\AppData\Local\Temp\ccCmzyrh.s 			page 6


 152 0038 D3F8E820 		ldr	r2, [r3, #232]
 153 003c 42F48022 		orr	r2, r2, #262144
 154 0040 C3F8E820 		str	r2, [r3, #232]
 108:../../CM7/Core/Src/stm32h7xx_hal_msp.c **** 
 155              		.loc 1 108 5 view .LVU29
 156 0044 D3F8E820 		ldr	r2, [r3, #232]
 157 0048 02F48022 		and	r2, r2, #262144
 158 004c 0092     		str	r2, [sp]
 108:../../CM7/Core/Src/stm32h7xx_hal_msp.c **** 
 159              		.loc 1 108 5 view .LVU30
 160 004e 009A     		ldr	r2, [sp]
 161              	.LBE3:
 108:../../CM7/Core/Src/stm32h7xx_hal_msp.c **** 
 162              		.loc 1 108 5 view .LVU31
 110:../../CM7/Core/Src/stm32h7xx_hal_msp.c ****     /**USART3 GPIO Configuration
 163              		.loc 1 110 5 view .LVU32
 164              	.LBB4:
 110:../../CM7/Core/Src/stm32h7xx_hal_msp.c ****     /**USART3 GPIO Configuration
 165              		.loc 1 110 5 view .LVU33
 110:../../CM7/Core/Src/stm32h7xx_hal_msp.c ****     /**USART3 GPIO Configuration
 166              		.loc 1 110 5 view .LVU34
 167 0050 D3F8E020 		ldr	r2, [r3, #224]
 168 0054 42F00202 		orr	r2, r2, #2
 169 0058 C3F8E020 		str	r2, [r3, #224]
 110:../../CM7/Core/Src/stm32h7xx_hal_msp.c ****     /**USART3 GPIO Configuration
 170              		.loc 1 110 5 view .LVU35
 171 005c D3F8E030 		ldr	r3, [r3, #224]
 172 0060 03F00203 		and	r3, r3, #2
 173 0064 0193     		str	r3, [sp, #4]
 110:../../CM7/Core/Src/stm32h7xx_hal_msp.c ****     /**USART3 GPIO Configuration
 174              		.loc 1 110 5 view .LVU36
 175 0066 019B     		ldr	r3, [sp, #4]
 176              	.LBE4:
 110:../../CM7/Core/Src/stm32h7xx_hal_msp.c ****     /**USART3 GPIO Configuration
 177              		.loc 1 110 5 view .LVU37
 115:../../CM7/Core/Src/stm32h7xx_hal_msp.c ****     GPIO_InitStruct.Mode = GPIO_MODE_AF_PP;
 178              		.loc 1 115 5 view .LVU38
 115:../../CM7/Core/Src/stm32h7xx_hal_msp.c ****     GPIO_InitStruct.Mode = GPIO_MODE_AF_PP;
 179              		.loc 1 115 25 is_stmt 0 view .LVU39
 180 0068 4FF44063 		mov	r3, #3072
 181 006c 3393     		str	r3, [sp, #204]
 116:../../CM7/Core/Src/stm32h7xx_hal_msp.c ****     GPIO_InitStruct.Pull = GPIO_NOPULL;
 182              		.loc 1 116 5 is_stmt 1 view .LVU40
 116:../../CM7/Core/Src/stm32h7xx_hal_msp.c ****     GPIO_InitStruct.Pull = GPIO_NOPULL;
 183              		.loc 1 116 26 is_stmt 0 view .LVU41
 184 006e 0223     		movs	r3, #2
 185 0070 3493     		str	r3, [sp, #208]
 117:../../CM7/Core/Src/stm32h7xx_hal_msp.c ****     GPIO_InitStruct.Speed = GPIO_SPEED_FREQ_LOW;
 186              		.loc 1 117 5 is_stmt 1 view .LVU42
 117:../../CM7/Core/Src/stm32h7xx_hal_msp.c ****     GPIO_InitStruct.Speed = GPIO_SPEED_FREQ_LOW;
 187              		.loc 1 117 26 is_stmt 0 view .LVU43
 188 0072 0023     		movs	r3, #0
 189 0074 3593     		str	r3, [sp, #212]
 118:../../CM7/Core/Src/stm32h7xx_hal_msp.c ****     GPIO_InitStruct.Alternate = GPIO_AF7_USART3;
 190              		.loc 1 118 5 is_stmt 1 view .LVU44
 118:../../CM7/Core/Src/stm32h7xx_hal_msp.c ****     GPIO_InitStruct.Alternate = GPIO_AF7_USART3;
 191              		.loc 1 118 27 is_stmt 0 view .LVU45
ARM GAS  C:\Users\sheld\AppData\Local\Temp\ccCmzyrh.s 			page 7


 192 0076 3693     		str	r3, [sp, #216]
 119:../../CM7/Core/Src/stm32h7xx_hal_msp.c ****     HAL_GPIO_Init(GPIOB, &GPIO_InitStruct);
 193              		.loc 1 119 5 is_stmt 1 view .LVU46
 119:../../CM7/Core/Src/stm32h7xx_hal_msp.c ****     HAL_GPIO_Init(GPIOB, &GPIO_InitStruct);
 194              		.loc 1 119 31 is_stmt 0 view .LVU47
 195 0078 0723     		movs	r3, #7
 196 007a 3793     		str	r3, [sp, #220]
 120:../../CM7/Core/Src/stm32h7xx_hal_msp.c **** 
 197              		.loc 1 120 5 is_stmt 1 view .LVU48
 198 007c 33A9     		add	r1, sp, #204
 199 007e 0548     		ldr	r0, .L11+8
 200 0080 FFF7FEFF 		bl	HAL_GPIO_Init
 201              	.LVL6:
 202              		.loc 1 128 1 is_stmt 0 view .LVU49
 203 0084 CDE7     		b	.L5
 204              	.L10:
 104:../../CM7/Core/Src/stm32h7xx_hal_msp.c ****     }
 205              		.loc 1 104 7 is_stmt 1 view .LVU50
 206 0086 FFF7FEFF 		bl	Error_Handler
 207              	.LVL7:
 208 008a D4E7     		b	.L7
 209              	.L12:
 210              		.align	2
 211              	.L11:
 212 008c 00480040 		.word	1073760256
 213 0090 00440258 		.word	1476543488
 214 0094 00040258 		.word	1476527104
 215              		.cfi_endproc
 216              	.LFE145:
 218              		.section	.text.HAL_UART_MspDeInit,"ax",%progbits
 219              		.align	1
 220              		.global	HAL_UART_MspDeInit
 221              		.syntax unified
 222              		.thumb
 223              		.thumb_func
 225              	HAL_UART_MspDeInit:
 226              	.LVL8:
 227              	.LFB146:
 129:../../CM7/Core/Src/stm32h7xx_hal_msp.c **** 
 130:../../CM7/Core/Src/stm32h7xx_hal_msp.c **** /**
 131:../../CM7/Core/Src/stm32h7xx_hal_msp.c **** * @brief UART MSP De-Initialization
 132:../../CM7/Core/Src/stm32h7xx_hal_msp.c **** * This function freeze the hardware resources used in this example
 133:../../CM7/Core/Src/stm32h7xx_hal_msp.c **** * @param huart: UART handle pointer
 134:../../CM7/Core/Src/stm32h7xx_hal_msp.c **** * @retval None
 135:../../CM7/Core/Src/stm32h7xx_hal_msp.c **** */
 136:../../CM7/Core/Src/stm32h7xx_hal_msp.c **** void HAL_UART_MspDeInit(UART_HandleTypeDef* huart)
 137:../../CM7/Core/Src/stm32h7xx_hal_msp.c **** {
 228              		.loc 1 137 1 view -0
 229              		.cfi_startproc
 230              		@ args = 0, pretend = 0, frame = 0
 231              		@ frame_needed = 0, uses_anonymous_args = 0
 232              		.loc 1 137 1 is_stmt 0 view .LVU52
 233 0000 08B5     		push	{r3, lr}
 234              	.LCFI7:
 235              		.cfi_def_cfa_offset 8
 236              		.cfi_offset 3, -8
 237              		.cfi_offset 14, -4
ARM GAS  C:\Users\sheld\AppData\Local\Temp\ccCmzyrh.s 			page 8


 138:../../CM7/Core/Src/stm32h7xx_hal_msp.c ****   if(huart->Instance==USART3)
 238              		.loc 1 138 3 is_stmt 1 view .LVU53
 239              		.loc 1 138 11 is_stmt 0 view .LVU54
 240 0002 0268     		ldr	r2, [r0]
 241              		.loc 1 138 5 view .LVU55
 242 0004 084B     		ldr	r3, .L17
 243 0006 9A42     		cmp	r2, r3
 244 0008 00D0     		beq	.L16
 245              	.LVL9:
 246              	.L13:
 139:../../CM7/Core/Src/stm32h7xx_hal_msp.c ****   {
 140:../../CM7/Core/Src/stm32h7xx_hal_msp.c ****   /* USER CODE BEGIN USART3_MspDeInit 0 */
 141:../../CM7/Core/Src/stm32h7xx_hal_msp.c **** 
 142:../../CM7/Core/Src/stm32h7xx_hal_msp.c ****   /* USER CODE END USART3_MspDeInit 0 */
 143:../../CM7/Core/Src/stm32h7xx_hal_msp.c ****     /* Peripheral clock disable */
 144:../../CM7/Core/Src/stm32h7xx_hal_msp.c ****     __HAL_RCC_USART3_CLK_DISABLE();
 145:../../CM7/Core/Src/stm32h7xx_hal_msp.c **** 
 146:../../CM7/Core/Src/stm32h7xx_hal_msp.c ****     /**USART3 GPIO Configuration
 147:../../CM7/Core/Src/stm32h7xx_hal_msp.c ****     PB10     ------> USART3_TX
 148:../../CM7/Core/Src/stm32h7xx_hal_msp.c ****     PB11     ------> USART3_RX
 149:../../CM7/Core/Src/stm32h7xx_hal_msp.c ****     */
 150:../../CM7/Core/Src/stm32h7xx_hal_msp.c ****     HAL_GPIO_DeInit(GPIOB, VCP_TX_Pin|VCP_RX_Pin);
 151:../../CM7/Core/Src/stm32h7xx_hal_msp.c **** 
 152:../../CM7/Core/Src/stm32h7xx_hal_msp.c ****   /* USER CODE BEGIN USART3_MspDeInit 1 */
 153:../../CM7/Core/Src/stm32h7xx_hal_msp.c **** 
 154:../../CM7/Core/Src/stm32h7xx_hal_msp.c ****   /* USER CODE END USART3_MspDeInit 1 */
 155:../../CM7/Core/Src/stm32h7xx_hal_msp.c ****   }
 156:../../CM7/Core/Src/stm32h7xx_hal_msp.c **** 
 157:../../CM7/Core/Src/stm32h7xx_hal_msp.c **** }
 247              		.loc 1 157 1 view .LVU56
 248 000a 08BD     		pop	{r3, pc}
 249              	.LVL10:
 250              	.L16:
 144:../../CM7/Core/Src/stm32h7xx_hal_msp.c **** 
 251              		.loc 1 144 5 is_stmt 1 view .LVU57
 252 000c 074A     		ldr	r2, .L17+4
 253 000e D2F8E830 		ldr	r3, [r2, #232]
 254 0012 23F48023 		bic	r3, r3, #262144
 255 0016 C2F8E830 		str	r3, [r2, #232]
 150:../../CM7/Core/Src/stm32h7xx_hal_msp.c **** 
 256              		.loc 1 150 5 view .LVU58
 257 001a 4FF44061 		mov	r1, #3072
 258 001e 0448     		ldr	r0, .L17+8
 259              	.LVL11:
 150:../../CM7/Core/Src/stm32h7xx_hal_msp.c **** 
 260              		.loc 1 150 5 is_stmt 0 view .LVU59
 261 0020 FFF7FEFF 		bl	HAL_GPIO_DeInit
 262              	.LVL12:
 263              		.loc 1 157 1 view .LVU60
 264 0024 F1E7     		b	.L13
 265              	.L18:
 266 0026 00BF     		.align	2
 267              	.L17:
 268 0028 00480040 		.word	1073760256
 269 002c 00440258 		.word	1476543488
 270 0030 00040258 		.word	1476527104
 271              		.cfi_endproc
ARM GAS  C:\Users\sheld\AppData\Local\Temp\ccCmzyrh.s 			page 9


 272              	.LFE146:
 274              		.text
 275              	.Letext0:
 276              		.file 2 "c:\\projects\\rtos_projects\\tools\\gcc-arm-none-eabi-10.3-2021.10\\arm-none-eabi\\includ
 277              		.file 3 "c:\\projects\\rtos_projects\\tools\\gcc-arm-none-eabi-10.3-2021.10\\arm-none-eabi\\includ
 278              		.file 4 "../../Drivers/CMSIS/Device/ST/STM32H7xx/Include/stm32h745xx.h"
 279              		.file 5 "../../Drivers/STM32H7xx_HAL_Driver/Inc/stm32h7xx_hal_def.h"
 280              		.file 6 "../../Drivers/STM32H7xx_HAL_Driver/Inc/stm32h7xx_hal_rcc_ex.h"
 281              		.file 7 "../../Drivers/STM32H7xx_HAL_Driver/Inc/stm32h7xx_hal_gpio.h"
 282              		.file 8 "../../Drivers/STM32H7xx_HAL_Driver/Inc/stm32h7xx_hal_dma.h"
 283              		.file 9 "../../Drivers/STM32H7xx_HAL_Driver/Inc/stm32h7xx_hal_uart.h"
 284              		.file 10 "../../CM7/Core/Inc/main.h"
 285              		.file 11 "../../Drivers/STM32H7xx_HAL_Driver/Inc/stm32h7xx_hal_cortex.h"
 286              		.file 12 "<built-in>"
ARM GAS  C:\Users\sheld\AppData\Local\Temp\ccCmzyrh.s 			page 10


DEFINED SYMBOLS
                            *ABS*:00000000 stm32h7xx_hal_msp.c
C:\Users\sheld\AppData\Local\Temp\ccCmzyrh.s:19     .text.HAL_MspInit:00000000 $t
C:\Users\sheld\AppData\Local\Temp\ccCmzyrh.s:25     .text.HAL_MspInit:00000000 HAL_MspInit
C:\Users\sheld\AppData\Local\Temp\ccCmzyrh.s:70     .text.HAL_MspInit:00000030 $d
C:\Users\sheld\AppData\Local\Temp\ccCmzyrh.s:75     .text.HAL_UART_MspInit:00000000 $t
C:\Users\sheld\AppData\Local\Temp\ccCmzyrh.s:81     .text.HAL_UART_MspInit:00000000 HAL_UART_MspInit
C:\Users\sheld\AppData\Local\Temp\ccCmzyrh.s:212    .text.HAL_UART_MspInit:0000008c $d
C:\Users\sheld\AppData\Local\Temp\ccCmzyrh.s:219    .text.HAL_UART_MspDeInit:00000000 $t
C:\Users\sheld\AppData\Local\Temp\ccCmzyrh.s:225    .text.HAL_UART_MspDeInit:00000000 HAL_UART_MspDeInit
C:\Users\sheld\AppData\Local\Temp\ccCmzyrh.s:268    .text.HAL_UART_MspDeInit:00000028 $d

UNDEFINED SYMBOLS
HAL_NVIC_SetPriority
memset
HAL_RCCEx_PeriphCLKConfig
HAL_GPIO_Init
Error_Handler
HAL_GPIO_DeInit
