ARM GAS  C:\Users\sheld\AppData\Local\Temp\ccKEIpLN.s 			page 1


   1              		.cpu cortex-m7
   2              		.arch armv7e-m
   3              		.fpu fpv4-sp-d16
   4              		.eabi_attribute 27, 1
   5              		.eabi_attribute 28, 1
   6              		.eabi_attribute 20, 1
   7              		.eabi_attribute 21, 1
   8              		.eabi_attribute 23, 3
   9              		.eabi_attribute 24, 1
  10              		.eabi_attribute 25, 1
  11              		.eabi_attribute 26, 1
  12              		.eabi_attribute 30, 1
  13              		.eabi_attribute 34, 1
  14              		.eabi_attribute 18, 4
  15              		.file	"stm32h7xx_hal_sai_ex.c"
  16              		.text
  17              	.Ltext0:
  18              		.cfi_sections	.debug_frame
  19              		.section	.text.HAL_SAIEx_ConfigPdmMicDelay,"ax",%progbits
  20              		.align	1
  21              		.global	HAL_SAIEx_ConfigPdmMicDelay
  22              		.syntax unified
  23              		.thumb
  24              		.thumb_func
  26              	HAL_SAIEx_ConfigPdmMicDelay:
  27              	.LVL0:
  28              	.LFB132:
  29              		.file 1 "../../Drivers/STM32H7xx_HAL_Driver/Src/stm32h7xx_hal_sai_ex.c"
   1:../../Drivers/STM32H7xx_HAL_Driver/Src/stm32h7xx_hal_sai_ex.c **** /**
   2:../../Drivers/STM32H7xx_HAL_Driver/Src/stm32h7xx_hal_sai_ex.c ****   ******************************************************************************
   3:../../Drivers/STM32H7xx_HAL_Driver/Src/stm32h7xx_hal_sai_ex.c ****   * @file    stm32h7xx_hal_sai_ex.c
   4:../../Drivers/STM32H7xx_HAL_Driver/Src/stm32h7xx_hal_sai_ex.c ****   * @author  MCD Application Team
   5:../../Drivers/STM32H7xx_HAL_Driver/Src/stm32h7xx_hal_sai_ex.c ****   * @brief   SAI Extended HAL module driver.
   6:../../Drivers/STM32H7xx_HAL_Driver/Src/stm32h7xx_hal_sai_ex.c ****   *          This file provides firmware functions to manage the following
   7:../../Drivers/STM32H7xx_HAL_Driver/Src/stm32h7xx_hal_sai_ex.c ****   *          functionality of the SAI Peripheral Controller:
   8:../../Drivers/STM32H7xx_HAL_Driver/Src/stm32h7xx_hal_sai_ex.c ****   *           + Modify PDM microphone delays.
   9:../../Drivers/STM32H7xx_HAL_Driver/Src/stm32h7xx_hal_sai_ex.c ****   *
  10:../../Drivers/STM32H7xx_HAL_Driver/Src/stm32h7xx_hal_sai_ex.c ****   ******************************************************************************
  11:../../Drivers/STM32H7xx_HAL_Driver/Src/stm32h7xx_hal_sai_ex.c ****   * @attention
  12:../../Drivers/STM32H7xx_HAL_Driver/Src/stm32h7xx_hal_sai_ex.c ****   *
  13:../../Drivers/STM32H7xx_HAL_Driver/Src/stm32h7xx_hal_sai_ex.c ****   * Copyright (c) 2017 STMicroelectronics.
  14:../../Drivers/STM32H7xx_HAL_Driver/Src/stm32h7xx_hal_sai_ex.c ****   * All rights reserved.
  15:../../Drivers/STM32H7xx_HAL_Driver/Src/stm32h7xx_hal_sai_ex.c ****   *
  16:../../Drivers/STM32H7xx_HAL_Driver/Src/stm32h7xx_hal_sai_ex.c ****   * This software is licensed under terms that can be found in the LICENSE file
  17:../../Drivers/STM32H7xx_HAL_Driver/Src/stm32h7xx_hal_sai_ex.c ****   * in the root directory of this software component.
  18:../../Drivers/STM32H7xx_HAL_Driver/Src/stm32h7xx_hal_sai_ex.c ****   * If no LICENSE file comes with this software, it is provided AS-IS.
  19:../../Drivers/STM32H7xx_HAL_Driver/Src/stm32h7xx_hal_sai_ex.c ****   *
  20:../../Drivers/STM32H7xx_HAL_Driver/Src/stm32h7xx_hal_sai_ex.c ****   ******************************************************************************
  21:../../Drivers/STM32H7xx_HAL_Driver/Src/stm32h7xx_hal_sai_ex.c ****   */
  22:../../Drivers/STM32H7xx_HAL_Driver/Src/stm32h7xx_hal_sai_ex.c **** 
  23:../../Drivers/STM32H7xx_HAL_Driver/Src/stm32h7xx_hal_sai_ex.c **** /* Includes ------------------------------------------------------------------*/
  24:../../Drivers/STM32H7xx_HAL_Driver/Src/stm32h7xx_hal_sai_ex.c **** #include "stm32h7xx_hal.h"
  25:../../Drivers/STM32H7xx_HAL_Driver/Src/stm32h7xx_hal_sai_ex.c **** 
  26:../../Drivers/STM32H7xx_HAL_Driver/Src/stm32h7xx_hal_sai_ex.c **** /** @addtogroup STM32H7xx_HAL_Driver
  27:../../Drivers/STM32H7xx_HAL_Driver/Src/stm32h7xx_hal_sai_ex.c ****   * @{
  28:../../Drivers/STM32H7xx_HAL_Driver/Src/stm32h7xx_hal_sai_ex.c ****   */
  29:../../Drivers/STM32H7xx_HAL_Driver/Src/stm32h7xx_hal_sai_ex.c **** #ifdef HAL_SAI_MODULE_ENABLED
ARM GAS  C:\Users\sheld\AppData\Local\Temp\ccKEIpLN.s 			page 2


  30:../../Drivers/STM32H7xx_HAL_Driver/Src/stm32h7xx_hal_sai_ex.c **** 
  31:../../Drivers/STM32H7xx_HAL_Driver/Src/stm32h7xx_hal_sai_ex.c **** /** @defgroup SAIEx SAIEx
  32:../../Drivers/STM32H7xx_HAL_Driver/Src/stm32h7xx_hal_sai_ex.c ****   * @brief SAI Extended HAL module driver
  33:../../Drivers/STM32H7xx_HAL_Driver/Src/stm32h7xx_hal_sai_ex.c ****   * @{
  34:../../Drivers/STM32H7xx_HAL_Driver/Src/stm32h7xx_hal_sai_ex.c ****   */
  35:../../Drivers/STM32H7xx_HAL_Driver/Src/stm32h7xx_hal_sai_ex.c **** 
  36:../../Drivers/STM32H7xx_HAL_Driver/Src/stm32h7xx_hal_sai_ex.c **** /* Private types -------------------------------------------------------------*/
  37:../../Drivers/STM32H7xx_HAL_Driver/Src/stm32h7xx_hal_sai_ex.c **** /* Private variables ---------------------------------------------------------*/
  38:../../Drivers/STM32H7xx_HAL_Driver/Src/stm32h7xx_hal_sai_ex.c **** /* Private constants ---------------------------------------------------------*/
  39:../../Drivers/STM32H7xx_HAL_Driver/Src/stm32h7xx_hal_sai_ex.c **** #define SAI_PDM_DELAY_MASK          0x77U
  40:../../Drivers/STM32H7xx_HAL_Driver/Src/stm32h7xx_hal_sai_ex.c **** #define SAI_PDM_DELAY_OFFSET        8U
  41:../../Drivers/STM32H7xx_HAL_Driver/Src/stm32h7xx_hal_sai_ex.c **** #define SAI_PDM_RIGHT_DELAY_OFFSET  4U
  42:../../Drivers/STM32H7xx_HAL_Driver/Src/stm32h7xx_hal_sai_ex.c **** 
  43:../../Drivers/STM32H7xx_HAL_Driver/Src/stm32h7xx_hal_sai_ex.c **** /* Private macros ------------------------------------------------------------*/
  44:../../Drivers/STM32H7xx_HAL_Driver/Src/stm32h7xx_hal_sai_ex.c **** /* Private functions ---------------------------------------------------------*/
  45:../../Drivers/STM32H7xx_HAL_Driver/Src/stm32h7xx_hal_sai_ex.c **** /* Exported functions --------------------------------------------------------*/
  46:../../Drivers/STM32H7xx_HAL_Driver/Src/stm32h7xx_hal_sai_ex.c **** /** @defgroup SAIEx_Exported_Functions SAIEx Extended Exported Functions
  47:../../Drivers/STM32H7xx_HAL_Driver/Src/stm32h7xx_hal_sai_ex.c ****   * @{
  48:../../Drivers/STM32H7xx_HAL_Driver/Src/stm32h7xx_hal_sai_ex.c ****   */
  49:../../Drivers/STM32H7xx_HAL_Driver/Src/stm32h7xx_hal_sai_ex.c **** 
  50:../../Drivers/STM32H7xx_HAL_Driver/Src/stm32h7xx_hal_sai_ex.c **** /** @defgroup SAIEx_Exported_Functions_Group1 Peripheral Control functions
  51:../../Drivers/STM32H7xx_HAL_Driver/Src/stm32h7xx_hal_sai_ex.c ****   * @brief    SAIEx control functions
  52:../../Drivers/STM32H7xx_HAL_Driver/Src/stm32h7xx_hal_sai_ex.c ****   *
  53:../../Drivers/STM32H7xx_HAL_Driver/Src/stm32h7xx_hal_sai_ex.c **** @verbatim
  54:../../Drivers/STM32H7xx_HAL_Driver/Src/stm32h7xx_hal_sai_ex.c ****  ===============================================================================
  55:../../Drivers/STM32H7xx_HAL_Driver/Src/stm32h7xx_hal_sai_ex.c ****                  ##### Extended features functions #####
  56:../../Drivers/STM32H7xx_HAL_Driver/Src/stm32h7xx_hal_sai_ex.c ****  ===============================================================================
  57:../../Drivers/STM32H7xx_HAL_Driver/Src/stm32h7xx_hal_sai_ex.c ****     [..]  This section provides functions allowing to:
  58:../../Drivers/STM32H7xx_HAL_Driver/Src/stm32h7xx_hal_sai_ex.c ****       (+) Modify PDM microphone delays
  59:../../Drivers/STM32H7xx_HAL_Driver/Src/stm32h7xx_hal_sai_ex.c **** 
  60:../../Drivers/STM32H7xx_HAL_Driver/Src/stm32h7xx_hal_sai_ex.c **** @endverbatim
  61:../../Drivers/STM32H7xx_HAL_Driver/Src/stm32h7xx_hal_sai_ex.c ****   * @{
  62:../../Drivers/STM32H7xx_HAL_Driver/Src/stm32h7xx_hal_sai_ex.c ****   */
  63:../../Drivers/STM32H7xx_HAL_Driver/Src/stm32h7xx_hal_sai_ex.c **** 
  64:../../Drivers/STM32H7xx_HAL_Driver/Src/stm32h7xx_hal_sai_ex.c **** /**
  65:../../Drivers/STM32H7xx_HAL_Driver/Src/stm32h7xx_hal_sai_ex.c ****   * @brief  Configure PDM microphone delays.
  66:../../Drivers/STM32H7xx_HAL_Driver/Src/stm32h7xx_hal_sai_ex.c ****   * @param  hsai SAI handle.
  67:../../Drivers/STM32H7xx_HAL_Driver/Src/stm32h7xx_hal_sai_ex.c ****   * @param  pdmMicDelay Microphone delays configuration.
  68:../../Drivers/STM32H7xx_HAL_Driver/Src/stm32h7xx_hal_sai_ex.c ****   * @retval HAL status
  69:../../Drivers/STM32H7xx_HAL_Driver/Src/stm32h7xx_hal_sai_ex.c ****   */
  70:../../Drivers/STM32H7xx_HAL_Driver/Src/stm32h7xx_hal_sai_ex.c **** HAL_StatusTypeDef HAL_SAIEx_ConfigPdmMicDelay(const SAI_HandleTypeDef *hsai,
  71:../../Drivers/STM32H7xx_HAL_Driver/Src/stm32h7xx_hal_sai_ex.c ****                                               const SAIEx_PdmMicDelayParamTypeDef *pdmMicDelay)
  72:../../Drivers/STM32H7xx_HAL_Driver/Src/stm32h7xx_hal_sai_ex.c **** {
  30              		.loc 1 72 1 view -0
  31              		.cfi_startproc
  32              		@ args = 0, pretend = 0, frame = 0
  33              		@ frame_needed = 0, uses_anonymous_args = 0
  34              		@ link register save eliminated.
  35              		.loc 1 72 1 is_stmt 0 view .LVU1
  36 0000 30B4     		push	{r4, r5}
  37              	.LCFI0:
  38              		.cfi_def_cfa_offset 8
  39              		.cfi_offset 4, -8
  40              		.cfi_offset 5, -4
  73:../../Drivers/STM32H7xx_HAL_Driver/Src/stm32h7xx_hal_sai_ex.c ****   HAL_StatusTypeDef status = HAL_OK;
  41              		.loc 1 73 3 is_stmt 1 view .LVU2
  42              	.LVL1:
ARM GAS  C:\Users\sheld\AppData\Local\Temp\ccKEIpLN.s 			page 3


  74:../../Drivers/STM32H7xx_HAL_Driver/Src/stm32h7xx_hal_sai_ex.c ****   uint32_t offset;
  43              		.loc 1 74 3 view .LVU3
  75:../../Drivers/STM32H7xx_HAL_Driver/Src/stm32h7xx_hal_sai_ex.c ****   SAI_TypeDef *SaiBaseAddress;
  44              		.loc 1 75 3 view .LVU4
  76:../../Drivers/STM32H7xx_HAL_Driver/Src/stm32h7xx_hal_sai_ex.c **** 
  77:../../Drivers/STM32H7xx_HAL_Driver/Src/stm32h7xx_hal_sai_ex.c ****   /* Get the SAI base address according to the SAI handle */
  78:../../Drivers/STM32H7xx_HAL_Driver/Src/stm32h7xx_hal_sai_ex.c **** #if defined(SAI4)
  79:../../Drivers/STM32H7xx_HAL_Driver/Src/stm32h7xx_hal_sai_ex.c ****   SaiBaseAddress = ((hsai->Instance == SAI1_Block_A) ? SAI1 : \
  45              		.loc 1 79 3 view .LVU5
  46              		.loc 1 79 26 is_stmt 0 view .LVU6
  47 0002 0368     		ldr	r3, [r0]
  48              		.loc 1 79 61 view .LVU7
  49 0004 154A     		ldr	r2, .L10
  50 0006 9342     		cmp	r3, r2
  51 0008 0AD0     		beq	.L4
  80:../../Drivers/STM32H7xx_HAL_Driver/Src/stm32h7xx_hal_sai_ex.c ****                     (hsai->Instance == SAI4_Block_A) ? SAI4 : \
  52              		.loc 1 80 61 view .LVU8
  53 000a 02F1C052 		add	r2, r2, #402653184
  54 000e A2F58232 		sub	r2, r2, #66560
  55 0012 9342     		cmp	r3, r2
  56 0014 02D0     		beq	.L9
  81:../../Drivers/STM32H7xx_HAL_Driver/Src/stm32h7xx_hal_sai_ex.c ****                      NULL);
  82:../../Drivers/STM32H7xx_HAL_Driver/Src/stm32h7xx_hal_sai_ex.c **** #else
  83:../../Drivers/STM32H7xx_HAL_Driver/Src/stm32h7xx_hal_sai_ex.c ****   SaiBaseAddress = ((hsai->Instance == SAI1_Block_A) ? SAI1 : NULL);
  84:../../Drivers/STM32H7xx_HAL_Driver/Src/stm32h7xx_hal_sai_ex.c **** #endif /* SAI4 */
  85:../../Drivers/STM32H7xx_HAL_Driver/Src/stm32h7xx_hal_sai_ex.c **** 
  86:../../Drivers/STM32H7xx_HAL_Driver/Src/stm32h7xx_hal_sai_ex.c ****   /* Check that SAI sub-block is SAI sub-block A */
  87:../../Drivers/STM32H7xx_HAL_Driver/Src/stm32h7xx_hal_sai_ex.c ****   if (SaiBaseAddress == NULL)
  88:../../Drivers/STM32H7xx_HAL_Driver/Src/stm32h7xx_hal_sai_ex.c ****   {
  89:../../Drivers/STM32H7xx_HAL_Driver/Src/stm32h7xx_hal_sai_ex.c ****     status = HAL_ERROR;
  57              		.loc 1 89 12 view .LVU9
  58 0016 0120     		movs	r0, #1
  59              	.LVL2:
  60              	.L3:
  90:../../Drivers/STM32H7xx_HAL_Driver/Src/stm32h7xx_hal_sai_ex.c ****   }
  91:../../Drivers/STM32H7xx_HAL_Driver/Src/stm32h7xx_hal_sai_ex.c ****   else
  92:../../Drivers/STM32H7xx_HAL_Driver/Src/stm32h7xx_hal_sai_ex.c ****   {
  93:../../Drivers/STM32H7xx_HAL_Driver/Src/stm32h7xx_hal_sai_ex.c ****     /* Check microphone delay parameters */
  94:../../Drivers/STM32H7xx_HAL_Driver/Src/stm32h7xx_hal_sai_ex.c ****     assert_param(IS_SAI_PDM_MIC_PAIRS_NUMBER(pdmMicDelay->MicPair));
  95:../../Drivers/STM32H7xx_HAL_Driver/Src/stm32h7xx_hal_sai_ex.c ****     assert_param(IS_SAI_PDM_MIC_DELAY(pdmMicDelay->LeftDelay));
  96:../../Drivers/STM32H7xx_HAL_Driver/Src/stm32h7xx_hal_sai_ex.c ****     assert_param(IS_SAI_PDM_MIC_DELAY(pdmMicDelay->RightDelay));
  97:../../Drivers/STM32H7xx_HAL_Driver/Src/stm32h7xx_hal_sai_ex.c **** 
  98:../../Drivers/STM32H7xx_HAL_Driver/Src/stm32h7xx_hal_sai_ex.c ****     /* Compute offset on PDMDLY register according mic pair number */
  99:../../Drivers/STM32H7xx_HAL_Driver/Src/stm32h7xx_hal_sai_ex.c ****     offset = SAI_PDM_DELAY_OFFSET * (pdmMicDelay->MicPair - 1U);
 100:../../Drivers/STM32H7xx_HAL_Driver/Src/stm32h7xx_hal_sai_ex.c **** 
 101:../../Drivers/STM32H7xx_HAL_Driver/Src/stm32h7xx_hal_sai_ex.c ****     /* Check SAI state and offset */
 102:../../Drivers/STM32H7xx_HAL_Driver/Src/stm32h7xx_hal_sai_ex.c ****     if ((hsai->State != HAL_SAI_STATE_RESET) && (offset <= 24U))
 103:../../Drivers/STM32H7xx_HAL_Driver/Src/stm32h7xx_hal_sai_ex.c ****     {
 104:../../Drivers/STM32H7xx_HAL_Driver/Src/stm32h7xx_hal_sai_ex.c ****       /* Reset current delays for specified microphone */
 105:../../Drivers/STM32H7xx_HAL_Driver/Src/stm32h7xx_hal_sai_ex.c ****       SaiBaseAddress->PDMDLY &= ~(SAI_PDM_DELAY_MASK << offset);
 106:../../Drivers/STM32H7xx_HAL_Driver/Src/stm32h7xx_hal_sai_ex.c **** 
 107:../../Drivers/STM32H7xx_HAL_Driver/Src/stm32h7xx_hal_sai_ex.c ****       /* Apply new microphone delays */
 108:../../Drivers/STM32H7xx_HAL_Driver/Src/stm32h7xx_hal_sai_ex.c ****       SaiBaseAddress->PDMDLY |= (((pdmMicDelay->RightDelay << SAI_PDM_RIGHT_DELAY_OFFSET) | pdmMicD
 109:../../Drivers/STM32H7xx_HAL_Driver/Src/stm32h7xx_hal_sai_ex.c ****     }
 110:../../Drivers/STM32H7xx_HAL_Driver/Src/stm32h7xx_hal_sai_ex.c ****     else
 111:../../Drivers/STM32H7xx_HAL_Driver/Src/stm32h7xx_hal_sai_ex.c ****     {
 112:../../Drivers/STM32H7xx_HAL_Driver/Src/stm32h7xx_hal_sai_ex.c ****       status = HAL_ERROR;
ARM GAS  C:\Users\sheld\AppData\Local\Temp\ccKEIpLN.s 			page 4


 113:../../Drivers/STM32H7xx_HAL_Driver/Src/stm32h7xx_hal_sai_ex.c ****     }
 114:../../Drivers/STM32H7xx_HAL_Driver/Src/stm32h7xx_hal_sai_ex.c ****   }
 115:../../Drivers/STM32H7xx_HAL_Driver/Src/stm32h7xx_hal_sai_ex.c ****   return status;
  61              		.loc 1 115 3 is_stmt 1 view .LVU10
 116:../../Drivers/STM32H7xx_HAL_Driver/Src/stm32h7xx_hal_sai_ex.c **** }
  62              		.loc 1 116 1 is_stmt 0 view .LVU11
  63 0018 30BC     		pop	{r4, r5}
  64              	.LCFI1:
  65              		.cfi_remember_state
  66              		.cfi_restore 5
  67              		.cfi_restore 4
  68              		.cfi_def_cfa_offset 0
  69 001a 7047     		bx	lr
  70              	.LVL3:
  71              	.L9:
  72              	.LCFI2:
  73              		.cfi_restore_state
  80:../../Drivers/STM32H7xx_HAL_Driver/Src/stm32h7xx_hal_sai_ex.c ****                      NULL);
  74              		.loc 1 80 61 view .LVU12
  75 001c 104C     		ldr	r4, .L10+4
  76 001e 00E0     		b	.L2
  77              	.L4:
  79:../../Drivers/STM32H7xx_HAL_Driver/Src/stm32h7xx_hal_sai_ex.c ****                     (hsai->Instance == SAI4_Block_A) ? SAI4 : \
  78              		.loc 1 79 61 view .LVU13
  79 0020 104C     		ldr	r4, .L10+8
  80              	.L2:
  94:../../Drivers/STM32H7xx_HAL_Driver/Src/stm32h7xx_hal_sai_ex.c ****     assert_param(IS_SAI_PDM_MIC_DELAY(pdmMicDelay->LeftDelay));
  81              		.loc 1 94 5 is_stmt 1 view .LVU14
  95:../../Drivers/STM32H7xx_HAL_Driver/Src/stm32h7xx_hal_sai_ex.c ****     assert_param(IS_SAI_PDM_MIC_DELAY(pdmMicDelay->RightDelay));
  82              		.loc 1 95 5 view .LVU15
  96:../../Drivers/STM32H7xx_HAL_Driver/Src/stm32h7xx_hal_sai_ex.c **** 
  83              		.loc 1 96 5 view .LVU16
  99:../../Drivers/STM32H7xx_HAL_Driver/Src/stm32h7xx_hal_sai_ex.c **** 
  84              		.loc 1 99 5 view .LVU17
  99:../../Drivers/STM32H7xx_HAL_Driver/Src/stm32h7xx_hal_sai_ex.c **** 
  85              		.loc 1 99 49 is_stmt 0 view .LVU18
  86 0022 0B68     		ldr	r3, [r1]
  99:../../Drivers/STM32H7xx_HAL_Driver/Src/stm32h7xx_hal_sai_ex.c **** 
  87              		.loc 1 99 59 view .LVU19
  88 0024 013B     		subs	r3, r3, #1
  99:../../Drivers/STM32H7xx_HAL_Driver/Src/stm32h7xx_hal_sai_ex.c **** 
  89              		.loc 1 99 12 view .LVU20
  90 0026 DB00     		lsls	r3, r3, #3
  91              	.LVL4:
 102:../../Drivers/STM32H7xx_HAL_Driver/Src/stm32h7xx_hal_sai_ex.c ****     {
  92              		.loc 1 102 5 is_stmt 1 view .LVU21
 102:../../Drivers/STM32H7xx_HAL_Driver/Src/stm32h7xx_hal_sai_ex.c ****     {
  93              		.loc 1 102 14 is_stmt 0 view .LVU22
  94 0028 90F89120 		ldrb	r2, [r0, #145]	@ zero_extendqisi2
 102:../../Drivers/STM32H7xx_HAL_Driver/Src/stm32h7xx_hal_sai_ex.c ****     {
  95              		.loc 1 102 8 view .LVU23
  96 002c 92B1     		cbz	r2, .L6
 102:../../Drivers/STM32H7xx_HAL_Driver/Src/stm32h7xx_hal_sai_ex.c ****     {
  97              		.loc 1 102 46 discriminator 1 view .LVU24
  98 002e 182B     		cmp	r3, #24
  99 0030 12D8     		bhi	.L7
 105:../../Drivers/STM32H7xx_HAL_Driver/Src/stm32h7xx_hal_sai_ex.c **** 
ARM GAS  C:\Users\sheld\AppData\Local\Temp\ccKEIpLN.s 			page 5


 100              		.loc 1 105 7 is_stmt 1 view .LVU25
 105:../../Drivers/STM32H7xx_HAL_Driver/Src/stm32h7xx_hal_sai_ex.c **** 
 101              		.loc 1 105 30 is_stmt 0 view .LVU26
 102 0032 A26C     		ldr	r2, [r4, #72]
 105:../../Drivers/STM32H7xx_HAL_Driver/Src/stm32h7xx_hal_sai_ex.c **** 
 103              		.loc 1 105 54 view .LVU27
 104 0034 7720     		movs	r0, #119
 105              	.LVL5:
 105:../../Drivers/STM32H7xx_HAL_Driver/Src/stm32h7xx_hal_sai_ex.c **** 
 106              		.loc 1 105 54 view .LVU28
 107 0036 9840     		lsls	r0, r0, r3
 105:../../Drivers/STM32H7xx_HAL_Driver/Src/stm32h7xx_hal_sai_ex.c **** 
 108              		.loc 1 105 30 view .LVU29
 109 0038 22EA0002 		bic	r2, r2, r0
 110 003c A264     		str	r2, [r4, #72]
 108:../../Drivers/STM32H7xx_HAL_Driver/Src/stm32h7xx_hal_sai_ex.c ****     }
 111              		.loc 1 108 7 is_stmt 1 view .LVU30
 108:../../Drivers/STM32H7xx_HAL_Driver/Src/stm32h7xx_hal_sai_ex.c ****     }
 112              		.loc 1 108 30 is_stmt 0 view .LVU31
 113 003e A06C     		ldr	r0, [r4, #72]
 108:../../Drivers/STM32H7xx_HAL_Driver/Src/stm32h7xx_hal_sai_ex.c ****     }
 114              		.loc 1 108 47 view .LVU32
 115 0040 8D68     		ldr	r5, [r1, #8]
 108:../../Drivers/STM32H7xx_HAL_Driver/Src/stm32h7xx_hal_sai_ex.c ****     }
 116              		.loc 1 108 104 view .LVU33
 117 0042 4A68     		ldr	r2, [r1, #4]
 108:../../Drivers/STM32H7xx_HAL_Driver/Src/stm32h7xx_hal_sai_ex.c ****     }
 118              		.loc 1 108 91 view .LVU34
 119 0044 42EA0512 		orr	r2, r2, r5, lsl #4
 108:../../Drivers/STM32H7xx_HAL_Driver/Src/stm32h7xx_hal_sai_ex.c ****     }
 120              		.loc 1 108 117 view .LVU35
 121 0048 02FA03F3 		lsl	r3, r2, r3
 122              	.LVL6:
 108:../../Drivers/STM32H7xx_HAL_Driver/Src/stm32h7xx_hal_sai_ex.c ****     }
 123              		.loc 1 108 30 view .LVU36
 124 004c 0343     		orrs	r3, r3, r0
 125 004e A364     		str	r3, [r4, #72]
  73:../../Drivers/STM32H7xx_HAL_Driver/Src/stm32h7xx_hal_sai_ex.c ****   uint32_t offset;
 126              		.loc 1 73 21 view .LVU37
 127 0050 0020     		movs	r0, #0
 108:../../Drivers/STM32H7xx_HAL_Driver/Src/stm32h7xx_hal_sai_ex.c ****     }
 128              		.loc 1 108 30 view .LVU38
 129 0052 E1E7     		b	.L3
 130              	.LVL7:
 131              	.L6:
 112:../../Drivers/STM32H7xx_HAL_Driver/Src/stm32h7xx_hal_sai_ex.c ****     }
 132              		.loc 1 112 14 view .LVU39
 133 0054 0120     		movs	r0, #1
 134              	.LVL8:
 112:../../Drivers/STM32H7xx_HAL_Driver/Src/stm32h7xx_hal_sai_ex.c ****     }
 135              		.loc 1 112 14 view .LVU40
 136 0056 DFE7     		b	.L3
 137              	.LVL9:
 138              	.L7:
 112:../../Drivers/STM32H7xx_HAL_Driver/Src/stm32h7xx_hal_sai_ex.c ****     }
 139              		.loc 1 112 14 view .LVU41
 140 0058 0120     		movs	r0, #1
ARM GAS  C:\Users\sheld\AppData\Local\Temp\ccKEIpLN.s 			page 6


 141              	.LVL10:
 112:../../Drivers/STM32H7xx_HAL_Driver/Src/stm32h7xx_hal_sai_ex.c ****     }
 142              		.loc 1 112 14 view .LVU42
 143 005a DDE7     		b	.L3
 144              	.L11:
 145              		.align	2
 146              	.L10:
 147 005c 04580140 		.word	1073829892
 148 0060 00540058 		.word	1476416512
 149 0064 00580140 		.word	1073829888
 150              		.cfi_endproc
 151              	.LFE132:
 153              		.text
 154              	.Letext0:
 155              		.file 2 "c:\\projects\\rtos_projects\\tools\\gcc-arm-none-eabi-10.3-2021.10\\arm-none-eabi\\includ
 156              		.file 3 "c:\\projects\\rtos_projects\\tools\\gcc-arm-none-eabi-10.3-2021.10\\arm-none-eabi\\includ
 157              		.file 4 "../../Drivers/CMSIS/Device/ST/STM32H7xx/Include/stm32h745xx.h"
 158              		.file 5 "../../Drivers/CMSIS/Device/ST/STM32H7xx/Include/stm32h7xx.h"
 159              		.file 6 "../../Drivers/STM32H7xx_HAL_Driver/Inc/stm32h7xx_hal_def.h"
 160              		.file 7 "../../Drivers/STM32H7xx_HAL_Driver/Inc/stm32h7xx_hal_dma.h"
 161              		.file 8 "../../Drivers/STM32H7xx_HAL_Driver/Inc/stm32h7xx_hal_sai.h"
 162              		.file 9 "../../Drivers/STM32H7xx_HAL_Driver/Inc/stm32h7xx_hal_sai_ex.h"
ARM GAS  C:\Users\sheld\AppData\Local\Temp\ccKEIpLN.s 			page 7


DEFINED SYMBOLS
                            *ABS*:00000000 stm32h7xx_hal_sai_ex.c
C:\Users\sheld\AppData\Local\Temp\ccKEIpLN.s:20     .text.HAL_SAIEx_ConfigPdmMicDelay:00000000 $t
C:\Users\sheld\AppData\Local\Temp\ccKEIpLN.s:26     .text.HAL_SAIEx_ConfigPdmMicDelay:00000000 HAL_SAIEx_ConfigPdmMicDelay
C:\Users\sheld\AppData\Local\Temp\ccKEIpLN.s:147    .text.HAL_SAIEx_ConfigPdmMicDelay:0000005c $d

NO UNDEFINED SYMBOLS
