ARM GAS  C:\Users\sheld\AppData\Local\Temp\ccZqC6GC.s 			page 1


   1              		.cpu cortex-m7
   2              		.arch armv7e-m
   3              		.fpu fpv4-sp-d16
   4              		.eabi_attribute 27, 1
   5              		.eabi_attribute 28, 1
   6              		.eabi_attribute 20, 1
   7              		.eabi_attribute 21, 1
   8              		.eabi_attribute 23, 3
   9              		.eabi_attribute 24, 1
  10              		.eabi_attribute 25, 1
  11              		.eabi_attribute 26, 1
  12              		.eabi_attribute 30, 1
  13              		.eabi_attribute 34, 1
  14              		.eabi_attribute 18, 4
  15              		.file	"stm32h7xx_hal_pcd_ex.c"
  16              		.text
  17              	.Ltext0:
  18              		.cfi_sections	.debug_frame
  19              		.section	.text.HAL_PCDEx_SetTxFiFo,"ax",%progbits
  20              		.align	1
  21              		.global	HAL_PCDEx_SetTxFiFo
  22              		.syntax unified
  23              		.thumb
  24              		.thumb_func
  26              	HAL_PCDEx_SetTxFiFo:
  27              	.LVL0:
  28              	.LFB132:
  29              		.file 1 "../../Drivers/STM32H7xx_HAL_Driver/Src/stm32h7xx_hal_pcd_ex.c"
   1:../../Drivers/STM32H7xx_HAL_Driver/Src/stm32h7xx_hal_pcd_ex.c **** /**
   2:../../Drivers/STM32H7xx_HAL_Driver/Src/stm32h7xx_hal_pcd_ex.c ****   ******************************************************************************
   3:../../Drivers/STM32H7xx_HAL_Driver/Src/stm32h7xx_hal_pcd_ex.c ****   * @file    stm32h7xx_hal_pcd_ex.c
   4:../../Drivers/STM32H7xx_HAL_Driver/Src/stm32h7xx_hal_pcd_ex.c ****   * @author  MCD Application Team
   5:../../Drivers/STM32H7xx_HAL_Driver/Src/stm32h7xx_hal_pcd_ex.c ****   * @brief   PCD Extended HAL module driver.
   6:../../Drivers/STM32H7xx_HAL_Driver/Src/stm32h7xx_hal_pcd_ex.c ****   *          This file provides firmware functions to manage the following
   7:../../Drivers/STM32H7xx_HAL_Driver/Src/stm32h7xx_hal_pcd_ex.c ****   *          functionalities of the USB Peripheral Controller:
   8:../../Drivers/STM32H7xx_HAL_Driver/Src/stm32h7xx_hal_pcd_ex.c ****   *           + Extended features functions
   9:../../Drivers/STM32H7xx_HAL_Driver/Src/stm32h7xx_hal_pcd_ex.c ****   *
  10:../../Drivers/STM32H7xx_HAL_Driver/Src/stm32h7xx_hal_pcd_ex.c ****   ******************************************************************************
  11:../../Drivers/STM32H7xx_HAL_Driver/Src/stm32h7xx_hal_pcd_ex.c ****   * @attention
  12:../../Drivers/STM32H7xx_HAL_Driver/Src/stm32h7xx_hal_pcd_ex.c ****   *
  13:../../Drivers/STM32H7xx_HAL_Driver/Src/stm32h7xx_hal_pcd_ex.c ****   * Copyright (c) 2017 STMicroelectronics.
  14:../../Drivers/STM32H7xx_HAL_Driver/Src/stm32h7xx_hal_pcd_ex.c ****   * All rights reserved.
  15:../../Drivers/STM32H7xx_HAL_Driver/Src/stm32h7xx_hal_pcd_ex.c ****   *
  16:../../Drivers/STM32H7xx_HAL_Driver/Src/stm32h7xx_hal_pcd_ex.c ****   * This software is licensed under terms that can be found in the LICENSE file
  17:../../Drivers/STM32H7xx_HAL_Driver/Src/stm32h7xx_hal_pcd_ex.c ****   * in the root directory of this software component.
  18:../../Drivers/STM32H7xx_HAL_Driver/Src/stm32h7xx_hal_pcd_ex.c ****   * If no LICENSE file comes with this software, it is provided AS-IS.
  19:../../Drivers/STM32H7xx_HAL_Driver/Src/stm32h7xx_hal_pcd_ex.c ****   *
  20:../../Drivers/STM32H7xx_HAL_Driver/Src/stm32h7xx_hal_pcd_ex.c ****   ******************************************************************************
  21:../../Drivers/STM32H7xx_HAL_Driver/Src/stm32h7xx_hal_pcd_ex.c ****   */
  22:../../Drivers/STM32H7xx_HAL_Driver/Src/stm32h7xx_hal_pcd_ex.c **** 
  23:../../Drivers/STM32H7xx_HAL_Driver/Src/stm32h7xx_hal_pcd_ex.c **** /* Includes ------------------------------------------------------------------*/
  24:../../Drivers/STM32H7xx_HAL_Driver/Src/stm32h7xx_hal_pcd_ex.c **** #include "stm32h7xx_hal.h"
  25:../../Drivers/STM32H7xx_HAL_Driver/Src/stm32h7xx_hal_pcd_ex.c **** 
  26:../../Drivers/STM32H7xx_HAL_Driver/Src/stm32h7xx_hal_pcd_ex.c **** /** @addtogroup STM32H7xx_HAL_Driver
  27:../../Drivers/STM32H7xx_HAL_Driver/Src/stm32h7xx_hal_pcd_ex.c ****   * @{
  28:../../Drivers/STM32H7xx_HAL_Driver/Src/stm32h7xx_hal_pcd_ex.c ****   */
  29:../../Drivers/STM32H7xx_HAL_Driver/Src/stm32h7xx_hal_pcd_ex.c **** 
ARM GAS  C:\Users\sheld\AppData\Local\Temp\ccZqC6GC.s 			page 2


  30:../../Drivers/STM32H7xx_HAL_Driver/Src/stm32h7xx_hal_pcd_ex.c **** /** @defgroup PCDEx PCDEx
  31:../../Drivers/STM32H7xx_HAL_Driver/Src/stm32h7xx_hal_pcd_ex.c ****   * @brief PCD Extended HAL module driver
  32:../../Drivers/STM32H7xx_HAL_Driver/Src/stm32h7xx_hal_pcd_ex.c ****   * @{
  33:../../Drivers/STM32H7xx_HAL_Driver/Src/stm32h7xx_hal_pcd_ex.c ****   */
  34:../../Drivers/STM32H7xx_HAL_Driver/Src/stm32h7xx_hal_pcd_ex.c **** 
  35:../../Drivers/STM32H7xx_HAL_Driver/Src/stm32h7xx_hal_pcd_ex.c **** #ifdef HAL_PCD_MODULE_ENABLED
  36:../../Drivers/STM32H7xx_HAL_Driver/Src/stm32h7xx_hal_pcd_ex.c **** 
  37:../../Drivers/STM32H7xx_HAL_Driver/Src/stm32h7xx_hal_pcd_ex.c **** #if defined (USB_OTG_FS) || defined (USB_OTG_HS)
  38:../../Drivers/STM32H7xx_HAL_Driver/Src/stm32h7xx_hal_pcd_ex.c **** /* Private types -------------------------------------------------------------*/
  39:../../Drivers/STM32H7xx_HAL_Driver/Src/stm32h7xx_hal_pcd_ex.c **** /* Private variables ---------------------------------------------------------*/
  40:../../Drivers/STM32H7xx_HAL_Driver/Src/stm32h7xx_hal_pcd_ex.c **** /* Private constants ---------------------------------------------------------*/
  41:../../Drivers/STM32H7xx_HAL_Driver/Src/stm32h7xx_hal_pcd_ex.c **** /* Private macros ------------------------------------------------------------*/
  42:../../Drivers/STM32H7xx_HAL_Driver/Src/stm32h7xx_hal_pcd_ex.c **** /* Private functions ---------------------------------------------------------*/
  43:../../Drivers/STM32H7xx_HAL_Driver/Src/stm32h7xx_hal_pcd_ex.c **** /* Exported functions --------------------------------------------------------*/
  44:../../Drivers/STM32H7xx_HAL_Driver/Src/stm32h7xx_hal_pcd_ex.c **** 
  45:../../Drivers/STM32H7xx_HAL_Driver/Src/stm32h7xx_hal_pcd_ex.c **** /** @defgroup PCDEx_Exported_Functions PCDEx Exported Functions
  46:../../Drivers/STM32H7xx_HAL_Driver/Src/stm32h7xx_hal_pcd_ex.c ****   * @{
  47:../../Drivers/STM32H7xx_HAL_Driver/Src/stm32h7xx_hal_pcd_ex.c ****   */
  48:../../Drivers/STM32H7xx_HAL_Driver/Src/stm32h7xx_hal_pcd_ex.c **** 
  49:../../Drivers/STM32H7xx_HAL_Driver/Src/stm32h7xx_hal_pcd_ex.c **** /** @defgroup PCDEx_Exported_Functions_Group1 Peripheral Control functions
  50:../../Drivers/STM32H7xx_HAL_Driver/Src/stm32h7xx_hal_pcd_ex.c ****   * @brief    PCDEx control functions
  51:../../Drivers/STM32H7xx_HAL_Driver/Src/stm32h7xx_hal_pcd_ex.c ****   *
  52:../../Drivers/STM32H7xx_HAL_Driver/Src/stm32h7xx_hal_pcd_ex.c **** @verbatim
  53:../../Drivers/STM32H7xx_HAL_Driver/Src/stm32h7xx_hal_pcd_ex.c ****  ===============================================================================
  54:../../Drivers/STM32H7xx_HAL_Driver/Src/stm32h7xx_hal_pcd_ex.c ****                  ##### Extended features functions #####
  55:../../Drivers/STM32H7xx_HAL_Driver/Src/stm32h7xx_hal_pcd_ex.c ****  ===============================================================================
  56:../../Drivers/STM32H7xx_HAL_Driver/Src/stm32h7xx_hal_pcd_ex.c ****     [..]  This section provides functions allowing to:
  57:../../Drivers/STM32H7xx_HAL_Driver/Src/stm32h7xx_hal_pcd_ex.c ****       (+) Update FIFO configuration
  58:../../Drivers/STM32H7xx_HAL_Driver/Src/stm32h7xx_hal_pcd_ex.c **** 
  59:../../Drivers/STM32H7xx_HAL_Driver/Src/stm32h7xx_hal_pcd_ex.c **** @endverbatim
  60:../../Drivers/STM32H7xx_HAL_Driver/Src/stm32h7xx_hal_pcd_ex.c ****   * @{
  61:../../Drivers/STM32H7xx_HAL_Driver/Src/stm32h7xx_hal_pcd_ex.c ****   */
  62:../../Drivers/STM32H7xx_HAL_Driver/Src/stm32h7xx_hal_pcd_ex.c **** #if defined (USB_OTG_FS) || defined (USB_OTG_HS)
  63:../../Drivers/STM32H7xx_HAL_Driver/Src/stm32h7xx_hal_pcd_ex.c **** /**
  64:../../Drivers/STM32H7xx_HAL_Driver/Src/stm32h7xx_hal_pcd_ex.c ****   * @brief  Set Tx FIFO
  65:../../Drivers/STM32H7xx_HAL_Driver/Src/stm32h7xx_hal_pcd_ex.c ****   * @param  hpcd PCD handle
  66:../../Drivers/STM32H7xx_HAL_Driver/Src/stm32h7xx_hal_pcd_ex.c ****   * @param  fifo The number of Tx fifo
  67:../../Drivers/STM32H7xx_HAL_Driver/Src/stm32h7xx_hal_pcd_ex.c ****   * @param  size Fifo size
  68:../../Drivers/STM32H7xx_HAL_Driver/Src/stm32h7xx_hal_pcd_ex.c ****   * @retval HAL status
  69:../../Drivers/STM32H7xx_HAL_Driver/Src/stm32h7xx_hal_pcd_ex.c ****   */
  70:../../Drivers/STM32H7xx_HAL_Driver/Src/stm32h7xx_hal_pcd_ex.c **** HAL_StatusTypeDef HAL_PCDEx_SetTxFiFo(PCD_HandleTypeDef *hpcd, uint8_t fifo, uint16_t size)
  71:../../Drivers/STM32H7xx_HAL_Driver/Src/stm32h7xx_hal_pcd_ex.c **** {
  30              		.loc 1 71 1 view -0
  31              		.cfi_startproc
  32              		@ args = 0, pretend = 0, frame = 0
  33              		@ frame_needed = 0, uses_anonymous_args = 0
  34              		@ link register save eliminated.
  35              		.loc 1 71 1 is_stmt 0 view .LVU1
  36 0000 10B4     		push	{r4}
  37              	.LCFI0:
  38              		.cfi_def_cfa_offset 4
  39              		.cfi_offset 4, -4
  72:../../Drivers/STM32H7xx_HAL_Driver/Src/stm32h7xx_hal_pcd_ex.c ****   uint8_t i;
  40              		.loc 1 72 3 is_stmt 1 view .LVU2
  73:../../Drivers/STM32H7xx_HAL_Driver/Src/stm32h7xx_hal_pcd_ex.c ****   uint32_t Tx_Offset;
  41              		.loc 1 73 3 view .LVU3
  74:../../Drivers/STM32H7xx_HAL_Driver/Src/stm32h7xx_hal_pcd_ex.c **** 
ARM GAS  C:\Users\sheld\AppData\Local\Temp\ccZqC6GC.s 			page 3


  75:../../Drivers/STM32H7xx_HAL_Driver/Src/stm32h7xx_hal_pcd_ex.c ****   /*  TXn min size = 16 words. (n  : Transmit FIFO index)
  76:../../Drivers/STM32H7xx_HAL_Driver/Src/stm32h7xx_hal_pcd_ex.c ****       When a TxFIFO is not used, the Configuration should be as follows:
  77:../../Drivers/STM32H7xx_HAL_Driver/Src/stm32h7xx_hal_pcd_ex.c ****           case 1 :  n > m    and Txn is not used    (n,m  : Transmit FIFO indexes)
  78:../../Drivers/STM32H7xx_HAL_Driver/Src/stm32h7xx_hal_pcd_ex.c ****          --> Txm can use the space allocated for Txn.
  79:../../Drivers/STM32H7xx_HAL_Driver/Src/stm32h7xx_hal_pcd_ex.c ****          case2  :  n < m    and Txn is not used    (n,m  : Transmit FIFO indexes)
  80:../../Drivers/STM32H7xx_HAL_Driver/Src/stm32h7xx_hal_pcd_ex.c ****          --> Txn should be configured with the minimum space of 16 words
  81:../../Drivers/STM32H7xx_HAL_Driver/Src/stm32h7xx_hal_pcd_ex.c ****      The FIFO is used optimally when used TxFIFOs are allocated in the top
  82:../../Drivers/STM32H7xx_HAL_Driver/Src/stm32h7xx_hal_pcd_ex.c ****          of the FIFO.Ex: use EP1 and EP2 as IN instead of EP1 and EP3 as IN ones.
  83:../../Drivers/STM32H7xx_HAL_Driver/Src/stm32h7xx_hal_pcd_ex.c ****      When DMA is used 3n * FIFO locations should be reserved for internal DMA registers */
  84:../../Drivers/STM32H7xx_HAL_Driver/Src/stm32h7xx_hal_pcd_ex.c **** 
  85:../../Drivers/STM32H7xx_HAL_Driver/Src/stm32h7xx_hal_pcd_ex.c ****   Tx_Offset = hpcd->Instance->GRXFSIZ;
  42              		.loc 1 85 3 view .LVU4
  43              		.loc 1 85 19 is_stmt 0 view .LVU5
  44 0002 0468     		ldr	r4, [r0]
  45              		.loc 1 85 13 view .LVU6
  46 0004 606A     		ldr	r0, [r4, #36]
  47              	.LVL1:
  86:../../Drivers/STM32H7xx_HAL_Driver/Src/stm32h7xx_hal_pcd_ex.c **** 
  87:../../Drivers/STM32H7xx_HAL_Driver/Src/stm32h7xx_hal_pcd_ex.c ****   if (fifo == 0U)
  48              		.loc 1 87 3 is_stmt 1 view .LVU7
  49              		.loc 1 87 6 is_stmt 0 view .LVU8
  50 0006 31B9     		cbnz	r1, .L2
  88:../../Drivers/STM32H7xx_HAL_Driver/Src/stm32h7xx_hal_pcd_ex.c ****   {
  89:../../Drivers/STM32H7xx_HAL_Driver/Src/stm32h7xx_hal_pcd_ex.c ****     hpcd->Instance->DIEPTXF0_HNPTXFSIZ = ((uint32_t)size << 16) | Tx_Offset;
  51              		.loc 1 89 5 is_stmt 1 view .LVU9
  52              		.loc 1 89 65 is_stmt 0 view .LVU10
  53 0008 40EA0240 		orr	r0, r0, r2, lsl #16
  54              	.LVL2:
  55              		.loc 1 89 40 view .LVU11
  56 000c A062     		str	r0, [r4, #40]
  57              	.LVL3:
  58              	.L3:
  90:../../Drivers/STM32H7xx_HAL_Driver/Src/stm32h7xx_hal_pcd_ex.c ****   }
  91:../../Drivers/STM32H7xx_HAL_Driver/Src/stm32h7xx_hal_pcd_ex.c ****   else
  92:../../Drivers/STM32H7xx_HAL_Driver/Src/stm32h7xx_hal_pcd_ex.c ****   {
  93:../../Drivers/STM32H7xx_HAL_Driver/Src/stm32h7xx_hal_pcd_ex.c ****     Tx_Offset += (hpcd->Instance->DIEPTXF0_HNPTXFSIZ) >> 16;
  94:../../Drivers/STM32H7xx_HAL_Driver/Src/stm32h7xx_hal_pcd_ex.c ****     for (i = 0U; i < (fifo - 1U); i++)
  95:../../Drivers/STM32H7xx_HAL_Driver/Src/stm32h7xx_hal_pcd_ex.c ****     {
  96:../../Drivers/STM32H7xx_HAL_Driver/Src/stm32h7xx_hal_pcd_ex.c ****       Tx_Offset += (hpcd->Instance->DIEPTXF[i] >> 16);
  97:../../Drivers/STM32H7xx_HAL_Driver/Src/stm32h7xx_hal_pcd_ex.c ****     }
  98:../../Drivers/STM32H7xx_HAL_Driver/Src/stm32h7xx_hal_pcd_ex.c **** 
  99:../../Drivers/STM32H7xx_HAL_Driver/Src/stm32h7xx_hal_pcd_ex.c ****     /* Multiply Tx_Size by 2 to get higher performance */
 100:../../Drivers/STM32H7xx_HAL_Driver/Src/stm32h7xx_hal_pcd_ex.c ****     hpcd->Instance->DIEPTXF[fifo - 1U] = ((uint32_t)size << 16) | Tx_Offset;
 101:../../Drivers/STM32H7xx_HAL_Driver/Src/stm32h7xx_hal_pcd_ex.c ****   }
 102:../../Drivers/STM32H7xx_HAL_Driver/Src/stm32h7xx_hal_pcd_ex.c **** 
 103:../../Drivers/STM32H7xx_HAL_Driver/Src/stm32h7xx_hal_pcd_ex.c ****   return HAL_OK;
  59              		.loc 1 103 3 is_stmt 1 view .LVU12
 104:../../Drivers/STM32H7xx_HAL_Driver/Src/stm32h7xx_hal_pcd_ex.c **** }
  60              		.loc 1 104 1 is_stmt 0 view .LVU13
  61 000e 0020     		movs	r0, #0
  62 0010 5DF8044B 		ldr	r4, [sp], #4
  63              	.LCFI1:
  64              		.cfi_remember_state
  65              		.cfi_restore 4
  66              		.cfi_def_cfa_offset 0
  67 0014 7047     		bx	lr
  68              	.LVL4:
ARM GAS  C:\Users\sheld\AppData\Local\Temp\ccZqC6GC.s 			page 4


  69              	.L2:
  70              	.LCFI2:
  71              		.cfi_restore_state
  72              		.loc 1 104 1 view .LVU14
  73 0016 8C46     		mov	ip, r1
  93:../../Drivers/STM32H7xx_HAL_Driver/Src/stm32h7xx_hal_pcd_ex.c ****     for (i = 0U; i < (fifo - 1U); i++)
  74              		.loc 1 93 5 is_stmt 1 view .LVU15
  93:../../Drivers/STM32H7xx_HAL_Driver/Src/stm32h7xx_hal_pcd_ex.c ****     for (i = 0U; i < (fifo - 1U); i++)
  75              		.loc 1 93 33 is_stmt 0 view .LVU16
  76 0018 A36A     		ldr	r3, [r4, #40]
  93:../../Drivers/STM32H7xx_HAL_Driver/Src/stm32h7xx_hal_pcd_ex.c ****     for (i = 0U; i < (fifo - 1U); i++)
  77              		.loc 1 93 15 view .LVU17
  78 001a 00EB1340 		add	r0, r0, r3, lsr #16
  79              	.LVL5:
  94:../../Drivers/STM32H7xx_HAL_Driver/Src/stm32h7xx_hal_pcd_ex.c ****     {
  80              		.loc 1 94 5 is_stmt 1 view .LVU18
  94:../../Drivers/STM32H7xx_HAL_Driver/Src/stm32h7xx_hal_pcd_ex.c ****     {
  81              		.loc 1 94 12 is_stmt 0 view .LVU19
  82 001e 0023     		movs	r3, #0
  94:../../Drivers/STM32H7xx_HAL_Driver/Src/stm32h7xx_hal_pcd_ex.c ****     {
  83              		.loc 1 94 5 view .LVU20
  84 0020 08E0     		b	.L4
  85              	.LVL6:
  86              	.L5:
  96:../../Drivers/STM32H7xx_HAL_Driver/Src/stm32h7xx_hal_pcd_ex.c ****     }
  87              		.loc 1 96 7 is_stmt 1 discriminator 3 view .LVU21
  96:../../Drivers/STM32H7xx_HAL_Driver/Src/stm32h7xx_hal_pcd_ex.c ****     }
  88              		.loc 1 96 44 is_stmt 0 discriminator 3 view .LVU22
  89 0022 03F14001 		add	r1, r3, #64
  90 0026 04EB8101 		add	r1, r4, r1, lsl #2
  91 002a 4968     		ldr	r1, [r1, #4]
  96:../../Drivers/STM32H7xx_HAL_Driver/Src/stm32h7xx_hal_pcd_ex.c ****     }
  92              		.loc 1 96 17 discriminator 3 view .LVU23
  93 002c 00EB1140 		add	r0, r0, r1, lsr #16
  94              	.LVL7:
  94:../../Drivers/STM32H7xx_HAL_Driver/Src/stm32h7xx_hal_pcd_ex.c ****     {
  95              		.loc 1 94 35 is_stmt 1 discriminator 3 view .LVU24
  94:../../Drivers/STM32H7xx_HAL_Driver/Src/stm32h7xx_hal_pcd_ex.c ****     {
  96              		.loc 1 94 36 is_stmt 0 discriminator 3 view .LVU25
  97 0030 0133     		adds	r3, r3, #1
  98              	.LVL8:
  94:../../Drivers/STM32H7xx_HAL_Driver/Src/stm32h7xx_hal_pcd_ex.c ****     {
  99              		.loc 1 94 36 discriminator 3 view .LVU26
 100 0032 DBB2     		uxtb	r3, r3
 101              	.LVL9:
 102              	.L4:
  94:../../Drivers/STM32H7xx_HAL_Driver/Src/stm32h7xx_hal_pcd_ex.c ****     {
 103              		.loc 1 94 18 is_stmt 1 discriminator 1 view .LVU27
  94:../../Drivers/STM32H7xx_HAL_Driver/Src/stm32h7xx_hal_pcd_ex.c ****     {
 104              		.loc 1 94 28 is_stmt 0 discriminator 1 view .LVU28
 105 0034 0CF1FF31 		add	r1, ip, #-1
  94:../../Drivers/STM32H7xx_HAL_Driver/Src/stm32h7xx_hal_pcd_ex.c ****     {
 106              		.loc 1 94 5 discriminator 1 view .LVU29
 107 0038 8B42     		cmp	r3, r1
 108 003a F2D3     		bcc	.L5
 100:../../Drivers/STM32H7xx_HAL_Driver/Src/stm32h7xx_hal_pcd_ex.c ****   }
 109              		.loc 1 100 5 is_stmt 1 view .LVU30
ARM GAS  C:\Users\sheld\AppData\Local\Temp\ccZqC6GC.s 			page 5


 100:../../Drivers/STM32H7xx_HAL_Driver/Src/stm32h7xx_hal_pcd_ex.c ****   }
 110              		.loc 1 100 65 is_stmt 0 view .LVU31
 111 003c 40EA0240 		orr	r0, r0, r2, lsl #16
 112              	.LVL10:
 100:../../Drivers/STM32H7xx_HAL_Driver/Src/stm32h7xx_hal_pcd_ex.c ****   }
 113              		.loc 1 100 40 view .LVU32
 114 0040 0CF13F01 		add	r1, ip, #63
 115 0044 04EB8101 		add	r1, r4, r1, lsl #2
 116 0048 4860     		str	r0, [r1, #4]
 117 004a E0E7     		b	.L3
 118              		.cfi_endproc
 119              	.LFE132:
 121              		.section	.text.HAL_PCDEx_SetRxFiFo,"ax",%progbits
 122              		.align	1
 123              		.global	HAL_PCDEx_SetRxFiFo
 124              		.syntax unified
 125              		.thumb
 126              		.thumb_func
 128              	HAL_PCDEx_SetRxFiFo:
 129              	.LVL11:
 130              	.LFB133:
 105:../../Drivers/STM32H7xx_HAL_Driver/Src/stm32h7xx_hal_pcd_ex.c **** 
 106:../../Drivers/STM32H7xx_HAL_Driver/Src/stm32h7xx_hal_pcd_ex.c **** /**
 107:../../Drivers/STM32H7xx_HAL_Driver/Src/stm32h7xx_hal_pcd_ex.c ****   * @brief  Set Rx FIFO
 108:../../Drivers/STM32H7xx_HAL_Driver/Src/stm32h7xx_hal_pcd_ex.c ****   * @param  hpcd PCD handle
 109:../../Drivers/STM32H7xx_HAL_Driver/Src/stm32h7xx_hal_pcd_ex.c ****   * @param  size Size of Rx fifo
 110:../../Drivers/STM32H7xx_HAL_Driver/Src/stm32h7xx_hal_pcd_ex.c ****   * @retval HAL status
 111:../../Drivers/STM32H7xx_HAL_Driver/Src/stm32h7xx_hal_pcd_ex.c ****   */
 112:../../Drivers/STM32H7xx_HAL_Driver/Src/stm32h7xx_hal_pcd_ex.c **** HAL_StatusTypeDef HAL_PCDEx_SetRxFiFo(PCD_HandleTypeDef *hpcd, uint16_t size)
 113:../../Drivers/STM32H7xx_HAL_Driver/Src/stm32h7xx_hal_pcd_ex.c **** {
 131              		.loc 1 113 1 is_stmt 1 view -0
 132              		.cfi_startproc
 133              		@ args = 0, pretend = 0, frame = 0
 134              		@ frame_needed = 0, uses_anonymous_args = 0
 135              		@ link register save eliminated.
 114:../../Drivers/STM32H7xx_HAL_Driver/Src/stm32h7xx_hal_pcd_ex.c ****   hpcd->Instance->GRXFSIZ = size;
 136              		.loc 1 114 3 view .LVU34
 137              		.loc 1 114 7 is_stmt 0 view .LVU35
 138 0000 0368     		ldr	r3, [r0]
 139              		.loc 1 114 27 view .LVU36
 140 0002 5962     		str	r1, [r3, #36]
 115:../../Drivers/STM32H7xx_HAL_Driver/Src/stm32h7xx_hal_pcd_ex.c **** 
 116:../../Drivers/STM32H7xx_HAL_Driver/Src/stm32h7xx_hal_pcd_ex.c ****   return HAL_OK;
 141              		.loc 1 116 3 is_stmt 1 view .LVU37
 117:../../Drivers/STM32H7xx_HAL_Driver/Src/stm32h7xx_hal_pcd_ex.c **** }
 142              		.loc 1 117 1 is_stmt 0 view .LVU38
 143 0004 0020     		movs	r0, #0
 144              	.LVL12:
 145              		.loc 1 117 1 view .LVU39
 146 0006 7047     		bx	lr
 147              		.cfi_endproc
 148              	.LFE133:
 150              		.section	.text.HAL_PCDEx_ActivateLPM,"ax",%progbits
 151              		.align	1
 152              		.global	HAL_PCDEx_ActivateLPM
 153              		.syntax unified
 154              		.thumb
ARM GAS  C:\Users\sheld\AppData\Local\Temp\ccZqC6GC.s 			page 6


 155              		.thumb_func
 157              	HAL_PCDEx_ActivateLPM:
 158              	.LVL13:
 159              	.LFB134:
 118:../../Drivers/STM32H7xx_HAL_Driver/Src/stm32h7xx_hal_pcd_ex.c **** 
 119:../../Drivers/STM32H7xx_HAL_Driver/Src/stm32h7xx_hal_pcd_ex.c **** /**
 120:../../Drivers/STM32H7xx_HAL_Driver/Src/stm32h7xx_hal_pcd_ex.c ****   * @brief  Activate LPM feature.
 121:../../Drivers/STM32H7xx_HAL_Driver/Src/stm32h7xx_hal_pcd_ex.c ****   * @param  hpcd PCD handle
 122:../../Drivers/STM32H7xx_HAL_Driver/Src/stm32h7xx_hal_pcd_ex.c ****   * @retval HAL status
 123:../../Drivers/STM32H7xx_HAL_Driver/Src/stm32h7xx_hal_pcd_ex.c ****   */
 124:../../Drivers/STM32H7xx_HAL_Driver/Src/stm32h7xx_hal_pcd_ex.c **** HAL_StatusTypeDef HAL_PCDEx_ActivateLPM(PCD_HandleTypeDef *hpcd)
 125:../../Drivers/STM32H7xx_HAL_Driver/Src/stm32h7xx_hal_pcd_ex.c **** {
 160              		.loc 1 125 1 is_stmt 1 view -0
 161              		.cfi_startproc
 162              		@ args = 0, pretend = 0, frame = 0
 163              		@ frame_needed = 0, uses_anonymous_args = 0
 164              		@ link register save eliminated.
 165              		.loc 1 125 1 is_stmt 0 view .LVU41
 166 0000 0346     		mov	r3, r0
 126:../../Drivers/STM32H7xx_HAL_Driver/Src/stm32h7xx_hal_pcd_ex.c ****   USB_OTG_GlobalTypeDef *USBx = hpcd->Instance;
 167              		.loc 1 126 3 is_stmt 1 view .LVU42
 168              		.loc 1 126 26 is_stmt 0 view .LVU43
 169 0002 0268     		ldr	r2, [r0]
 170              	.LVL14:
 127:../../Drivers/STM32H7xx_HAL_Driver/Src/stm32h7xx_hal_pcd_ex.c **** 
 128:../../Drivers/STM32H7xx_HAL_Driver/Src/stm32h7xx_hal_pcd_ex.c ****   hpcd->lpm_active = 1U;
 171              		.loc 1 128 3 is_stmt 1 view .LVU44
 172              		.loc 1 128 20 is_stmt 0 view .LVU45
 173 0004 0121     		movs	r1, #1
 174 0006 C0F8D814 		str	r1, [r0, #1240]
 129:../../Drivers/STM32H7xx_HAL_Driver/Src/stm32h7xx_hal_pcd_ex.c ****   hpcd->LPM_State = LPM_L0;
 175              		.loc 1 129 3 is_stmt 1 view .LVU46
 176              		.loc 1 129 19 is_stmt 0 view .LVU47
 177 000a 0020     		movs	r0, #0
 178              	.LVL15:
 179              		.loc 1 129 19 view .LVU48
 180 000c 83F8CC04 		strb	r0, [r3, #1228]
 130:../../Drivers/STM32H7xx_HAL_Driver/Src/stm32h7xx_hal_pcd_ex.c ****   USBx->GINTMSK |= USB_OTG_GINTMSK_LPMINTM;
 181              		.loc 1 130 3 is_stmt 1 view .LVU49
 182              		.loc 1 130 17 is_stmt 0 view .LVU50
 183 0010 9369     		ldr	r3, [r2, #24]
 184              	.LVL16:
 185              		.loc 1 130 17 view .LVU51
 186 0012 43F00063 		orr	r3, r3, #134217728
 187 0016 9361     		str	r3, [r2, #24]
 131:../../Drivers/STM32H7xx_HAL_Driver/Src/stm32h7xx_hal_pcd_ex.c ****   USBx->GLPMCFG |= (USB_OTG_GLPMCFG_LPMEN | USB_OTG_GLPMCFG_LPMACK | USB_OTG_GLPMCFG_ENBESL);
 188              		.loc 1 131 3 is_stmt 1 view .LVU52
 189              		.loc 1 131 17 is_stmt 0 view .LVU53
 190 0018 516D     		ldr	r1, [r2, #84]
 191 001a 024B     		ldr	r3, .L9
 192 001c 0B43     		orrs	r3, r3, r1
 193 001e 5365     		str	r3, [r2, #84]
 132:../../Drivers/STM32H7xx_HAL_Driver/Src/stm32h7xx_hal_pcd_ex.c **** 
 133:../../Drivers/STM32H7xx_HAL_Driver/Src/stm32h7xx_hal_pcd_ex.c ****   return HAL_OK;
 194              		.loc 1 133 3 is_stmt 1 view .LVU54
 134:../../Drivers/STM32H7xx_HAL_Driver/Src/stm32h7xx_hal_pcd_ex.c **** }
 195              		.loc 1 134 1 is_stmt 0 view .LVU55
ARM GAS  C:\Users\sheld\AppData\Local\Temp\ccZqC6GC.s 			page 7


 196 0020 7047     		bx	lr
 197              	.L10:
 198 0022 00BF     		.align	2
 199              	.L9:
 200 0024 03000010 		.word	268435459
 201              		.cfi_endproc
 202              	.LFE134:
 204              		.section	.text.HAL_PCDEx_DeActivateLPM,"ax",%progbits
 205              		.align	1
 206              		.global	HAL_PCDEx_DeActivateLPM
 207              		.syntax unified
 208              		.thumb
 209              		.thumb_func
 211              	HAL_PCDEx_DeActivateLPM:
 212              	.LVL17:
 213              	.LFB135:
 135:../../Drivers/STM32H7xx_HAL_Driver/Src/stm32h7xx_hal_pcd_ex.c **** 
 136:../../Drivers/STM32H7xx_HAL_Driver/Src/stm32h7xx_hal_pcd_ex.c **** /**
 137:../../Drivers/STM32H7xx_HAL_Driver/Src/stm32h7xx_hal_pcd_ex.c ****   * @brief  Deactivate LPM feature.
 138:../../Drivers/STM32H7xx_HAL_Driver/Src/stm32h7xx_hal_pcd_ex.c ****   * @param  hpcd PCD handle
 139:../../Drivers/STM32H7xx_HAL_Driver/Src/stm32h7xx_hal_pcd_ex.c ****   * @retval HAL status
 140:../../Drivers/STM32H7xx_HAL_Driver/Src/stm32h7xx_hal_pcd_ex.c ****   */
 141:../../Drivers/STM32H7xx_HAL_Driver/Src/stm32h7xx_hal_pcd_ex.c **** HAL_StatusTypeDef HAL_PCDEx_DeActivateLPM(PCD_HandleTypeDef *hpcd)
 142:../../Drivers/STM32H7xx_HAL_Driver/Src/stm32h7xx_hal_pcd_ex.c **** {
 214              		.loc 1 142 1 is_stmt 1 view -0
 215              		.cfi_startproc
 216              		@ args = 0, pretend = 0, frame = 0
 217              		@ frame_needed = 0, uses_anonymous_args = 0
 218              		@ link register save eliminated.
 219              		.loc 1 142 1 is_stmt 0 view .LVU57
 220 0000 0246     		mov	r2, r0
 143:../../Drivers/STM32H7xx_HAL_Driver/Src/stm32h7xx_hal_pcd_ex.c ****   USB_OTG_GlobalTypeDef *USBx = hpcd->Instance;
 221              		.loc 1 143 3 is_stmt 1 view .LVU58
 222              		.loc 1 143 26 is_stmt 0 view .LVU59
 223 0002 0368     		ldr	r3, [r0]
 224              	.LVL18:
 144:../../Drivers/STM32H7xx_HAL_Driver/Src/stm32h7xx_hal_pcd_ex.c **** 
 145:../../Drivers/STM32H7xx_HAL_Driver/Src/stm32h7xx_hal_pcd_ex.c ****   hpcd->lpm_active = 0U;
 225              		.loc 1 145 3 is_stmt 1 view .LVU60
 226              		.loc 1 145 20 is_stmt 0 view .LVU61
 227 0004 0020     		movs	r0, #0
 228              	.LVL19:
 229              		.loc 1 145 20 view .LVU62
 230 0006 C2F8D804 		str	r0, [r2, #1240]
 146:../../Drivers/STM32H7xx_HAL_Driver/Src/stm32h7xx_hal_pcd_ex.c ****   USBx->GINTMSK &= ~USB_OTG_GINTMSK_LPMINTM;
 231              		.loc 1 146 3 is_stmt 1 view .LVU63
 232              		.loc 1 146 17 is_stmt 0 view .LVU64
 233 000a 9A69     		ldr	r2, [r3, #24]
 234              	.LVL20:
 235              		.loc 1 146 17 view .LVU65
 236 000c 22F00062 		bic	r2, r2, #134217728
 237 0010 9A61     		str	r2, [r3, #24]
 147:../../Drivers/STM32H7xx_HAL_Driver/Src/stm32h7xx_hal_pcd_ex.c ****   USBx->GLPMCFG &= ~(USB_OTG_GLPMCFG_LPMEN | USB_OTG_GLPMCFG_LPMACK | USB_OTG_GLPMCFG_ENBESL);
 238              		.loc 1 147 3 is_stmt 1 view .LVU66
 239              		.loc 1 147 17 is_stmt 0 view .LVU67
 240 0012 596D     		ldr	r1, [r3, #84]
 241 0014 014A     		ldr	r2, .L12
ARM GAS  C:\Users\sheld\AppData\Local\Temp\ccZqC6GC.s 			page 8


 242 0016 0A40     		ands	r2, r2, r1
 243 0018 5A65     		str	r2, [r3, #84]
 148:../../Drivers/STM32H7xx_HAL_Driver/Src/stm32h7xx_hal_pcd_ex.c **** 
 149:../../Drivers/STM32H7xx_HAL_Driver/Src/stm32h7xx_hal_pcd_ex.c ****   return HAL_OK;
 244              		.loc 1 149 3 is_stmt 1 view .LVU68
 150:../../Drivers/STM32H7xx_HAL_Driver/Src/stm32h7xx_hal_pcd_ex.c **** }
 245              		.loc 1 150 1 is_stmt 0 view .LVU69
 246 001a 7047     		bx	lr
 247              	.L13:
 248              		.align	2
 249              	.L12:
 250 001c FCFFFFEF 		.word	-268435460
 251              		.cfi_endproc
 252              	.LFE135:
 254              		.section	.text.HAL_PCDEx_ActivateBCD,"ax",%progbits
 255              		.align	1
 256              		.global	HAL_PCDEx_ActivateBCD
 257              		.syntax unified
 258              		.thumb
 259              		.thumb_func
 261              	HAL_PCDEx_ActivateBCD:
 262              	.LVL21:
 263              	.LFB137:
 151:../../Drivers/STM32H7xx_HAL_Driver/Src/stm32h7xx_hal_pcd_ex.c **** 
 152:../../Drivers/STM32H7xx_HAL_Driver/Src/stm32h7xx_hal_pcd_ex.c **** 
 153:../../Drivers/STM32H7xx_HAL_Driver/Src/stm32h7xx_hal_pcd_ex.c **** /**
 154:../../Drivers/STM32H7xx_HAL_Driver/Src/stm32h7xx_hal_pcd_ex.c ****   * @brief  Handle BatteryCharging Process.
 155:../../Drivers/STM32H7xx_HAL_Driver/Src/stm32h7xx_hal_pcd_ex.c ****   * @param  hpcd PCD handle
 156:../../Drivers/STM32H7xx_HAL_Driver/Src/stm32h7xx_hal_pcd_ex.c ****   * @retval HAL status
 157:../../Drivers/STM32H7xx_HAL_Driver/Src/stm32h7xx_hal_pcd_ex.c ****   */
 158:../../Drivers/STM32H7xx_HAL_Driver/Src/stm32h7xx_hal_pcd_ex.c **** void HAL_PCDEx_BCD_VBUSDetect(PCD_HandleTypeDef *hpcd)
 159:../../Drivers/STM32H7xx_HAL_Driver/Src/stm32h7xx_hal_pcd_ex.c **** {
 160:../../Drivers/STM32H7xx_HAL_Driver/Src/stm32h7xx_hal_pcd_ex.c ****   USB_OTG_GlobalTypeDef *USBx = hpcd->Instance;
 161:../../Drivers/STM32H7xx_HAL_Driver/Src/stm32h7xx_hal_pcd_ex.c ****   uint32_t tickstart = HAL_GetTick();
 162:../../Drivers/STM32H7xx_HAL_Driver/Src/stm32h7xx_hal_pcd_ex.c **** 
 163:../../Drivers/STM32H7xx_HAL_Driver/Src/stm32h7xx_hal_pcd_ex.c ****   /* Enable DCD : Data Contact Detect */
 164:../../Drivers/STM32H7xx_HAL_Driver/Src/stm32h7xx_hal_pcd_ex.c ****   USBx->GCCFG |= USB_OTG_GCCFG_DCDEN;
 165:../../Drivers/STM32H7xx_HAL_Driver/Src/stm32h7xx_hal_pcd_ex.c **** 
 166:../../Drivers/STM32H7xx_HAL_Driver/Src/stm32h7xx_hal_pcd_ex.c ****   /* Wait for Min DCD Timeout */
 167:../../Drivers/STM32H7xx_HAL_Driver/Src/stm32h7xx_hal_pcd_ex.c ****   HAL_Delay(300U);
 168:../../Drivers/STM32H7xx_HAL_Driver/Src/stm32h7xx_hal_pcd_ex.c **** 
 169:../../Drivers/STM32H7xx_HAL_Driver/Src/stm32h7xx_hal_pcd_ex.c ****   /* Check Detect flag */
 170:../../Drivers/STM32H7xx_HAL_Driver/Src/stm32h7xx_hal_pcd_ex.c ****   if ((USBx->GCCFG & USB_OTG_GCCFG_DCDET) == USB_OTG_GCCFG_DCDET)
 171:../../Drivers/STM32H7xx_HAL_Driver/Src/stm32h7xx_hal_pcd_ex.c ****   {
 172:../../Drivers/STM32H7xx_HAL_Driver/Src/stm32h7xx_hal_pcd_ex.c **** #if (USE_HAL_PCD_REGISTER_CALLBACKS == 1U)
 173:../../Drivers/STM32H7xx_HAL_Driver/Src/stm32h7xx_hal_pcd_ex.c ****     hpcd->BCDCallback(hpcd, PCD_BCD_CONTACT_DETECTION);
 174:../../Drivers/STM32H7xx_HAL_Driver/Src/stm32h7xx_hal_pcd_ex.c **** #else
 175:../../Drivers/STM32H7xx_HAL_Driver/Src/stm32h7xx_hal_pcd_ex.c ****     HAL_PCDEx_BCD_Callback(hpcd, PCD_BCD_CONTACT_DETECTION);
 176:../../Drivers/STM32H7xx_HAL_Driver/Src/stm32h7xx_hal_pcd_ex.c **** #endif /* USE_HAL_PCD_REGISTER_CALLBACKS */
 177:../../Drivers/STM32H7xx_HAL_Driver/Src/stm32h7xx_hal_pcd_ex.c ****   }
 178:../../Drivers/STM32H7xx_HAL_Driver/Src/stm32h7xx_hal_pcd_ex.c **** 
 179:../../Drivers/STM32H7xx_HAL_Driver/Src/stm32h7xx_hal_pcd_ex.c ****   /* Primary detection: checks if connected to Standard Downstream Port
 180:../../Drivers/STM32H7xx_HAL_Driver/Src/stm32h7xx_hal_pcd_ex.c ****   (without charging capability) */
 181:../../Drivers/STM32H7xx_HAL_Driver/Src/stm32h7xx_hal_pcd_ex.c ****   USBx->GCCFG &= ~USB_OTG_GCCFG_DCDEN;
 182:../../Drivers/STM32H7xx_HAL_Driver/Src/stm32h7xx_hal_pcd_ex.c ****   HAL_Delay(50U);
 183:../../Drivers/STM32H7xx_HAL_Driver/Src/stm32h7xx_hal_pcd_ex.c ****   USBx->GCCFG |= USB_OTG_GCCFG_PDEN;
 184:../../Drivers/STM32H7xx_HAL_Driver/Src/stm32h7xx_hal_pcd_ex.c ****   HAL_Delay(50U);
ARM GAS  C:\Users\sheld\AppData\Local\Temp\ccZqC6GC.s 			page 9


 185:../../Drivers/STM32H7xx_HAL_Driver/Src/stm32h7xx_hal_pcd_ex.c **** 
 186:../../Drivers/STM32H7xx_HAL_Driver/Src/stm32h7xx_hal_pcd_ex.c ****   if ((USBx->GCCFG & USB_OTG_GCCFG_PDET) == 0U)
 187:../../Drivers/STM32H7xx_HAL_Driver/Src/stm32h7xx_hal_pcd_ex.c ****   {
 188:../../Drivers/STM32H7xx_HAL_Driver/Src/stm32h7xx_hal_pcd_ex.c ****     /* Case of Standard Downstream Port */
 189:../../Drivers/STM32H7xx_HAL_Driver/Src/stm32h7xx_hal_pcd_ex.c **** #if (USE_HAL_PCD_REGISTER_CALLBACKS == 1U)
 190:../../Drivers/STM32H7xx_HAL_Driver/Src/stm32h7xx_hal_pcd_ex.c ****     hpcd->BCDCallback(hpcd, PCD_BCD_STD_DOWNSTREAM_PORT);
 191:../../Drivers/STM32H7xx_HAL_Driver/Src/stm32h7xx_hal_pcd_ex.c **** #else
 192:../../Drivers/STM32H7xx_HAL_Driver/Src/stm32h7xx_hal_pcd_ex.c ****     HAL_PCDEx_BCD_Callback(hpcd, PCD_BCD_STD_DOWNSTREAM_PORT);
 193:../../Drivers/STM32H7xx_HAL_Driver/Src/stm32h7xx_hal_pcd_ex.c **** #endif /* USE_HAL_PCD_REGISTER_CALLBACKS */
 194:../../Drivers/STM32H7xx_HAL_Driver/Src/stm32h7xx_hal_pcd_ex.c ****   }
 195:../../Drivers/STM32H7xx_HAL_Driver/Src/stm32h7xx_hal_pcd_ex.c ****   else
 196:../../Drivers/STM32H7xx_HAL_Driver/Src/stm32h7xx_hal_pcd_ex.c ****   {
 197:../../Drivers/STM32H7xx_HAL_Driver/Src/stm32h7xx_hal_pcd_ex.c ****     /* start secondary detection to check connection to Charging Downstream
 198:../../Drivers/STM32H7xx_HAL_Driver/Src/stm32h7xx_hal_pcd_ex.c ****     Port or Dedicated Charging Port */
 199:../../Drivers/STM32H7xx_HAL_Driver/Src/stm32h7xx_hal_pcd_ex.c ****     USBx->GCCFG &= ~(USB_OTG_GCCFG_PDEN);
 200:../../Drivers/STM32H7xx_HAL_Driver/Src/stm32h7xx_hal_pcd_ex.c ****     HAL_Delay(50U);
 201:../../Drivers/STM32H7xx_HAL_Driver/Src/stm32h7xx_hal_pcd_ex.c ****     USBx->GCCFG |= USB_OTG_GCCFG_SDEN;
 202:../../Drivers/STM32H7xx_HAL_Driver/Src/stm32h7xx_hal_pcd_ex.c ****     HAL_Delay(50U);
 203:../../Drivers/STM32H7xx_HAL_Driver/Src/stm32h7xx_hal_pcd_ex.c **** 
 204:../../Drivers/STM32H7xx_HAL_Driver/Src/stm32h7xx_hal_pcd_ex.c ****     if ((USBx->GCCFG & USB_OTG_GCCFG_SDET) == USB_OTG_GCCFG_SDET)
 205:../../Drivers/STM32H7xx_HAL_Driver/Src/stm32h7xx_hal_pcd_ex.c ****     {
 206:../../Drivers/STM32H7xx_HAL_Driver/Src/stm32h7xx_hal_pcd_ex.c ****       /* case Dedicated Charging Port  */
 207:../../Drivers/STM32H7xx_HAL_Driver/Src/stm32h7xx_hal_pcd_ex.c **** #if (USE_HAL_PCD_REGISTER_CALLBACKS == 1U)
 208:../../Drivers/STM32H7xx_HAL_Driver/Src/stm32h7xx_hal_pcd_ex.c ****       hpcd->BCDCallback(hpcd, PCD_BCD_DEDICATED_CHARGING_PORT);
 209:../../Drivers/STM32H7xx_HAL_Driver/Src/stm32h7xx_hal_pcd_ex.c **** #else
 210:../../Drivers/STM32H7xx_HAL_Driver/Src/stm32h7xx_hal_pcd_ex.c ****       HAL_PCDEx_BCD_Callback(hpcd, PCD_BCD_DEDICATED_CHARGING_PORT);
 211:../../Drivers/STM32H7xx_HAL_Driver/Src/stm32h7xx_hal_pcd_ex.c **** #endif /* USE_HAL_PCD_REGISTER_CALLBACKS */
 212:../../Drivers/STM32H7xx_HAL_Driver/Src/stm32h7xx_hal_pcd_ex.c ****     }
 213:../../Drivers/STM32H7xx_HAL_Driver/Src/stm32h7xx_hal_pcd_ex.c ****     else
 214:../../Drivers/STM32H7xx_HAL_Driver/Src/stm32h7xx_hal_pcd_ex.c ****     {
 215:../../Drivers/STM32H7xx_HAL_Driver/Src/stm32h7xx_hal_pcd_ex.c ****       /* case Charging Downstream Port */
 216:../../Drivers/STM32H7xx_HAL_Driver/Src/stm32h7xx_hal_pcd_ex.c **** #if (USE_HAL_PCD_REGISTER_CALLBACKS == 1U)
 217:../../Drivers/STM32H7xx_HAL_Driver/Src/stm32h7xx_hal_pcd_ex.c ****       hpcd->BCDCallback(hpcd, PCD_BCD_CHARGING_DOWNSTREAM_PORT);
 218:../../Drivers/STM32H7xx_HAL_Driver/Src/stm32h7xx_hal_pcd_ex.c **** #else
 219:../../Drivers/STM32H7xx_HAL_Driver/Src/stm32h7xx_hal_pcd_ex.c ****       HAL_PCDEx_BCD_Callback(hpcd, PCD_BCD_CHARGING_DOWNSTREAM_PORT);
 220:../../Drivers/STM32H7xx_HAL_Driver/Src/stm32h7xx_hal_pcd_ex.c **** #endif /* USE_HAL_PCD_REGISTER_CALLBACKS */
 221:../../Drivers/STM32H7xx_HAL_Driver/Src/stm32h7xx_hal_pcd_ex.c ****     }
 222:../../Drivers/STM32H7xx_HAL_Driver/Src/stm32h7xx_hal_pcd_ex.c ****   }
 223:../../Drivers/STM32H7xx_HAL_Driver/Src/stm32h7xx_hal_pcd_ex.c **** 
 224:../../Drivers/STM32H7xx_HAL_Driver/Src/stm32h7xx_hal_pcd_ex.c ****   /* Battery Charging capability discovery finished */
 225:../../Drivers/STM32H7xx_HAL_Driver/Src/stm32h7xx_hal_pcd_ex.c ****   (void)HAL_PCDEx_DeActivateBCD(hpcd);
 226:../../Drivers/STM32H7xx_HAL_Driver/Src/stm32h7xx_hal_pcd_ex.c **** 
 227:../../Drivers/STM32H7xx_HAL_Driver/Src/stm32h7xx_hal_pcd_ex.c ****   /* Check for the Timeout, else start USB Device */
 228:../../Drivers/STM32H7xx_HAL_Driver/Src/stm32h7xx_hal_pcd_ex.c ****   if ((HAL_GetTick() - tickstart) > 1000U)
 229:../../Drivers/STM32H7xx_HAL_Driver/Src/stm32h7xx_hal_pcd_ex.c ****   {
 230:../../Drivers/STM32H7xx_HAL_Driver/Src/stm32h7xx_hal_pcd_ex.c **** #if (USE_HAL_PCD_REGISTER_CALLBACKS == 1U)
 231:../../Drivers/STM32H7xx_HAL_Driver/Src/stm32h7xx_hal_pcd_ex.c ****     hpcd->BCDCallback(hpcd, PCD_BCD_ERROR);
 232:../../Drivers/STM32H7xx_HAL_Driver/Src/stm32h7xx_hal_pcd_ex.c **** #else
 233:../../Drivers/STM32H7xx_HAL_Driver/Src/stm32h7xx_hal_pcd_ex.c ****     HAL_PCDEx_BCD_Callback(hpcd, PCD_BCD_ERROR);
 234:../../Drivers/STM32H7xx_HAL_Driver/Src/stm32h7xx_hal_pcd_ex.c **** #endif /* USE_HAL_PCD_REGISTER_CALLBACKS */
 235:../../Drivers/STM32H7xx_HAL_Driver/Src/stm32h7xx_hal_pcd_ex.c ****   }
 236:../../Drivers/STM32H7xx_HAL_Driver/Src/stm32h7xx_hal_pcd_ex.c ****   else
 237:../../Drivers/STM32H7xx_HAL_Driver/Src/stm32h7xx_hal_pcd_ex.c ****   {
 238:../../Drivers/STM32H7xx_HAL_Driver/Src/stm32h7xx_hal_pcd_ex.c **** #if (USE_HAL_PCD_REGISTER_CALLBACKS == 1U)
 239:../../Drivers/STM32H7xx_HAL_Driver/Src/stm32h7xx_hal_pcd_ex.c ****     hpcd->BCDCallback(hpcd, PCD_BCD_DISCOVERY_COMPLETED);
 240:../../Drivers/STM32H7xx_HAL_Driver/Src/stm32h7xx_hal_pcd_ex.c **** #else
 241:../../Drivers/STM32H7xx_HAL_Driver/Src/stm32h7xx_hal_pcd_ex.c ****     HAL_PCDEx_BCD_Callback(hpcd, PCD_BCD_DISCOVERY_COMPLETED);
ARM GAS  C:\Users\sheld\AppData\Local\Temp\ccZqC6GC.s 			page 10


 242:../../Drivers/STM32H7xx_HAL_Driver/Src/stm32h7xx_hal_pcd_ex.c **** #endif /* USE_HAL_PCD_REGISTER_CALLBACKS */
 243:../../Drivers/STM32H7xx_HAL_Driver/Src/stm32h7xx_hal_pcd_ex.c ****   }
 244:../../Drivers/STM32H7xx_HAL_Driver/Src/stm32h7xx_hal_pcd_ex.c **** }
 245:../../Drivers/STM32H7xx_HAL_Driver/Src/stm32h7xx_hal_pcd_ex.c **** 
 246:../../Drivers/STM32H7xx_HAL_Driver/Src/stm32h7xx_hal_pcd_ex.c **** /**
 247:../../Drivers/STM32H7xx_HAL_Driver/Src/stm32h7xx_hal_pcd_ex.c ****   * @brief  Activate BatteryCharging feature.
 248:../../Drivers/STM32H7xx_HAL_Driver/Src/stm32h7xx_hal_pcd_ex.c ****   * @param  hpcd PCD handle
 249:../../Drivers/STM32H7xx_HAL_Driver/Src/stm32h7xx_hal_pcd_ex.c ****   * @retval HAL status
 250:../../Drivers/STM32H7xx_HAL_Driver/Src/stm32h7xx_hal_pcd_ex.c ****   */
 251:../../Drivers/STM32H7xx_HAL_Driver/Src/stm32h7xx_hal_pcd_ex.c **** HAL_StatusTypeDef HAL_PCDEx_ActivateBCD(PCD_HandleTypeDef *hpcd)
 252:../../Drivers/STM32H7xx_HAL_Driver/Src/stm32h7xx_hal_pcd_ex.c **** {
 264              		.loc 1 252 1 is_stmt 1 view -0
 265              		.cfi_startproc
 266              		@ args = 0, pretend = 0, frame = 0
 267              		@ frame_needed = 0, uses_anonymous_args = 0
 268              		@ link register save eliminated.
 253:../../Drivers/STM32H7xx_HAL_Driver/Src/stm32h7xx_hal_pcd_ex.c ****   USB_OTG_GlobalTypeDef *USBx = hpcd->Instance;
 269              		.loc 1 253 3 view .LVU71
 270              		.loc 1 253 26 is_stmt 0 view .LVU72
 271 0000 0368     		ldr	r3, [r0]
 272              	.LVL22:
 254:../../Drivers/STM32H7xx_HAL_Driver/Src/stm32h7xx_hal_pcd_ex.c **** 
 255:../../Drivers/STM32H7xx_HAL_Driver/Src/stm32h7xx_hal_pcd_ex.c ****   USBx->GCCFG &= ~(USB_OTG_GCCFG_PDEN);
 273              		.loc 1 255 3 is_stmt 1 view .LVU73
 274              		.loc 1 255 15 is_stmt 0 view .LVU74
 275 0002 9A6B     		ldr	r2, [r3, #56]
 276 0004 22F40022 		bic	r2, r2, #524288
 277 0008 9A63     		str	r2, [r3, #56]
 256:../../Drivers/STM32H7xx_HAL_Driver/Src/stm32h7xx_hal_pcd_ex.c ****   USBx->GCCFG &= ~(USB_OTG_GCCFG_SDEN);
 278              		.loc 1 256 3 is_stmt 1 view .LVU75
 279              		.loc 1 256 15 is_stmt 0 view .LVU76
 280 000a 9A6B     		ldr	r2, [r3, #56]
 281 000c 22F48012 		bic	r2, r2, #1048576
 282 0010 9A63     		str	r2, [r3, #56]
 257:../../Drivers/STM32H7xx_HAL_Driver/Src/stm32h7xx_hal_pcd_ex.c **** 
 258:../../Drivers/STM32H7xx_HAL_Driver/Src/stm32h7xx_hal_pcd_ex.c ****   /* Power Down USB transceiver  */
 259:../../Drivers/STM32H7xx_HAL_Driver/Src/stm32h7xx_hal_pcd_ex.c ****   USBx->GCCFG &= ~(USB_OTG_GCCFG_PWRDWN);
 283              		.loc 1 259 3 is_stmt 1 view .LVU77
 284              		.loc 1 259 15 is_stmt 0 view .LVU78
 285 0012 9A6B     		ldr	r2, [r3, #56]
 286 0014 22F48032 		bic	r2, r2, #65536
 287 0018 9A63     		str	r2, [r3, #56]
 260:../../Drivers/STM32H7xx_HAL_Driver/Src/stm32h7xx_hal_pcd_ex.c **** 
 261:../../Drivers/STM32H7xx_HAL_Driver/Src/stm32h7xx_hal_pcd_ex.c ****   /* Enable Battery charging */
 262:../../Drivers/STM32H7xx_HAL_Driver/Src/stm32h7xx_hal_pcd_ex.c ****   USBx->GCCFG |= USB_OTG_GCCFG_BCDEN;
 288              		.loc 1 262 3 is_stmt 1 view .LVU79
 289              		.loc 1 262 15 is_stmt 0 view .LVU80
 290 001a 9A6B     		ldr	r2, [r3, #56]
 291 001c 42F40032 		orr	r2, r2, #131072
 292 0020 9A63     		str	r2, [r3, #56]
 263:../../Drivers/STM32H7xx_HAL_Driver/Src/stm32h7xx_hal_pcd_ex.c **** 
 264:../../Drivers/STM32H7xx_HAL_Driver/Src/stm32h7xx_hal_pcd_ex.c ****   hpcd->battery_charging_active = 1U;
 293              		.loc 1 264 3 is_stmt 1 view .LVU81
 294              		.loc 1 264 33 is_stmt 0 view .LVU82
 295 0022 0123     		movs	r3, #1
 296              	.LVL23:
 297              		.loc 1 264 33 view .LVU83
ARM GAS  C:\Users\sheld\AppData\Local\Temp\ccZqC6GC.s 			page 11


 298 0024 C0F8DC34 		str	r3, [r0, #1244]
 265:../../Drivers/STM32H7xx_HAL_Driver/Src/stm32h7xx_hal_pcd_ex.c **** 
 266:../../Drivers/STM32H7xx_HAL_Driver/Src/stm32h7xx_hal_pcd_ex.c ****   return HAL_OK;
 299              		.loc 1 266 3 is_stmt 1 view .LVU84
 267:../../Drivers/STM32H7xx_HAL_Driver/Src/stm32h7xx_hal_pcd_ex.c **** }
 300              		.loc 1 267 1 is_stmt 0 view .LVU85
 301 0028 0020     		movs	r0, #0
 302              	.LVL24:
 303              		.loc 1 267 1 view .LVU86
 304 002a 7047     		bx	lr
 305              		.cfi_endproc
 306              	.LFE137:
 308              		.section	.text.HAL_PCDEx_DeActivateBCD,"ax",%progbits
 309              		.align	1
 310              		.global	HAL_PCDEx_DeActivateBCD
 311              		.syntax unified
 312              		.thumb
 313              		.thumb_func
 315              	HAL_PCDEx_DeActivateBCD:
 316              	.LVL25:
 317              	.LFB138:
 268:../../Drivers/STM32H7xx_HAL_Driver/Src/stm32h7xx_hal_pcd_ex.c **** 
 269:../../Drivers/STM32H7xx_HAL_Driver/Src/stm32h7xx_hal_pcd_ex.c **** /**
 270:../../Drivers/STM32H7xx_HAL_Driver/Src/stm32h7xx_hal_pcd_ex.c ****   * @brief  Deactivate BatteryCharging feature.
 271:../../Drivers/STM32H7xx_HAL_Driver/Src/stm32h7xx_hal_pcd_ex.c ****   * @param  hpcd PCD handle
 272:../../Drivers/STM32H7xx_HAL_Driver/Src/stm32h7xx_hal_pcd_ex.c ****   * @retval HAL status
 273:../../Drivers/STM32H7xx_HAL_Driver/Src/stm32h7xx_hal_pcd_ex.c ****   */
 274:../../Drivers/STM32H7xx_HAL_Driver/Src/stm32h7xx_hal_pcd_ex.c **** HAL_StatusTypeDef HAL_PCDEx_DeActivateBCD(PCD_HandleTypeDef *hpcd)
 275:../../Drivers/STM32H7xx_HAL_Driver/Src/stm32h7xx_hal_pcd_ex.c **** {
 318              		.loc 1 275 1 is_stmt 1 view -0
 319              		.cfi_startproc
 320              		@ args = 0, pretend = 0, frame = 0
 321              		@ frame_needed = 0, uses_anonymous_args = 0
 322              		@ link register save eliminated.
 323              		.loc 1 275 1 is_stmt 0 view .LVU88
 324 0000 0246     		mov	r2, r0
 276:../../Drivers/STM32H7xx_HAL_Driver/Src/stm32h7xx_hal_pcd_ex.c ****   USB_OTG_GlobalTypeDef *USBx = hpcd->Instance;
 325              		.loc 1 276 3 is_stmt 1 view .LVU89
 326              		.loc 1 276 26 is_stmt 0 view .LVU90
 327 0002 0368     		ldr	r3, [r0]
 328              	.LVL26:
 277:../../Drivers/STM32H7xx_HAL_Driver/Src/stm32h7xx_hal_pcd_ex.c **** 
 278:../../Drivers/STM32H7xx_HAL_Driver/Src/stm32h7xx_hal_pcd_ex.c ****   USBx->GCCFG &= ~(USB_OTG_GCCFG_SDEN);
 329              		.loc 1 278 3 is_stmt 1 view .LVU91
 330              		.loc 1 278 15 is_stmt 0 view .LVU92
 331 0004 996B     		ldr	r1, [r3, #56]
 332 0006 21F48011 		bic	r1, r1, #1048576
 333 000a 9963     		str	r1, [r3, #56]
 279:../../Drivers/STM32H7xx_HAL_Driver/Src/stm32h7xx_hal_pcd_ex.c ****   USBx->GCCFG &= ~(USB_OTG_GCCFG_PDEN);
 334              		.loc 1 279 3 is_stmt 1 view .LVU93
 335              		.loc 1 279 15 is_stmt 0 view .LVU94
 336 000c 996B     		ldr	r1, [r3, #56]
 337 000e 21F40021 		bic	r1, r1, #524288
 338 0012 9963     		str	r1, [r3, #56]
 280:../../Drivers/STM32H7xx_HAL_Driver/Src/stm32h7xx_hal_pcd_ex.c **** 
 281:../../Drivers/STM32H7xx_HAL_Driver/Src/stm32h7xx_hal_pcd_ex.c ****   /* Disable Battery charging */
 282:../../Drivers/STM32H7xx_HAL_Driver/Src/stm32h7xx_hal_pcd_ex.c ****   USBx->GCCFG &= ~(USB_OTG_GCCFG_BCDEN);
ARM GAS  C:\Users\sheld\AppData\Local\Temp\ccZqC6GC.s 			page 12


 339              		.loc 1 282 3 is_stmt 1 view .LVU95
 340              		.loc 1 282 15 is_stmt 0 view .LVU96
 341 0014 996B     		ldr	r1, [r3, #56]
 342 0016 21F40031 		bic	r1, r1, #131072
 343 001a 9963     		str	r1, [r3, #56]
 283:../../Drivers/STM32H7xx_HAL_Driver/Src/stm32h7xx_hal_pcd_ex.c **** 
 284:../../Drivers/STM32H7xx_HAL_Driver/Src/stm32h7xx_hal_pcd_ex.c ****   hpcd->battery_charging_active = 0U;
 344              		.loc 1 284 3 is_stmt 1 view .LVU97
 345              		.loc 1 284 33 is_stmt 0 view .LVU98
 346 001c 0020     		movs	r0, #0
 347              	.LVL27:
 348              		.loc 1 284 33 view .LVU99
 349 001e C2F8DC04 		str	r0, [r2, #1244]
 285:../../Drivers/STM32H7xx_HAL_Driver/Src/stm32h7xx_hal_pcd_ex.c **** 
 286:../../Drivers/STM32H7xx_HAL_Driver/Src/stm32h7xx_hal_pcd_ex.c ****   return HAL_OK;
 350              		.loc 1 286 3 is_stmt 1 view .LVU100
 287:../../Drivers/STM32H7xx_HAL_Driver/Src/stm32h7xx_hal_pcd_ex.c **** }
 351              		.loc 1 287 1 is_stmt 0 view .LVU101
 352 0022 7047     		bx	lr
 353              		.cfi_endproc
 354              	.LFE138:
 356              		.section	.text.HAL_PCDEx_LPM_Callback,"ax",%progbits
 357              		.align	1
 358              		.weak	HAL_PCDEx_LPM_Callback
 359              		.syntax unified
 360              		.thumb
 361              		.thumb_func
 363              	HAL_PCDEx_LPM_Callback:
 364              	.LVL28:
 365              	.LFB139:
 288:../../Drivers/STM32H7xx_HAL_Driver/Src/stm32h7xx_hal_pcd_ex.c **** 
 289:../../Drivers/STM32H7xx_HAL_Driver/Src/stm32h7xx_hal_pcd_ex.c **** #endif /* defined (USB_OTG_FS) || defined (USB_OTG_HS) */
 290:../../Drivers/STM32H7xx_HAL_Driver/Src/stm32h7xx_hal_pcd_ex.c **** 
 291:../../Drivers/STM32H7xx_HAL_Driver/Src/stm32h7xx_hal_pcd_ex.c **** /**
 292:../../Drivers/STM32H7xx_HAL_Driver/Src/stm32h7xx_hal_pcd_ex.c ****   * @brief  Send LPM message to user layer callback.
 293:../../Drivers/STM32H7xx_HAL_Driver/Src/stm32h7xx_hal_pcd_ex.c ****   * @param  hpcd PCD handle
 294:../../Drivers/STM32H7xx_HAL_Driver/Src/stm32h7xx_hal_pcd_ex.c ****   * @param  msg LPM message
 295:../../Drivers/STM32H7xx_HAL_Driver/Src/stm32h7xx_hal_pcd_ex.c ****   * @retval HAL status
 296:../../Drivers/STM32H7xx_HAL_Driver/Src/stm32h7xx_hal_pcd_ex.c ****   */
 297:../../Drivers/STM32H7xx_HAL_Driver/Src/stm32h7xx_hal_pcd_ex.c **** __weak void HAL_PCDEx_LPM_Callback(PCD_HandleTypeDef *hpcd, PCD_LPM_MsgTypeDef msg)
 298:../../Drivers/STM32H7xx_HAL_Driver/Src/stm32h7xx_hal_pcd_ex.c **** {
 366              		.loc 1 298 1 is_stmt 1 view -0
 367              		.cfi_startproc
 368              		@ args = 0, pretend = 0, frame = 0
 369              		@ frame_needed = 0, uses_anonymous_args = 0
 370              		@ link register save eliminated.
 299:../../Drivers/STM32H7xx_HAL_Driver/Src/stm32h7xx_hal_pcd_ex.c ****   /* Prevent unused argument(s) compilation warning */
 300:../../Drivers/STM32H7xx_HAL_Driver/Src/stm32h7xx_hal_pcd_ex.c ****   UNUSED(hpcd);
 371              		.loc 1 300 3 view .LVU103
 301:../../Drivers/STM32H7xx_HAL_Driver/Src/stm32h7xx_hal_pcd_ex.c ****   UNUSED(msg);
 372              		.loc 1 301 3 view .LVU104
 302:../../Drivers/STM32H7xx_HAL_Driver/Src/stm32h7xx_hal_pcd_ex.c **** 
 303:../../Drivers/STM32H7xx_HAL_Driver/Src/stm32h7xx_hal_pcd_ex.c ****   /* NOTE : This function should not be modified, when the callback is needed,
 304:../../Drivers/STM32H7xx_HAL_Driver/Src/stm32h7xx_hal_pcd_ex.c ****             the HAL_PCDEx_LPM_Callback could be implemented in the user file
 305:../../Drivers/STM32H7xx_HAL_Driver/Src/stm32h7xx_hal_pcd_ex.c ****    */
 306:../../Drivers/STM32H7xx_HAL_Driver/Src/stm32h7xx_hal_pcd_ex.c **** }
 373              		.loc 1 306 1 is_stmt 0 view .LVU105
ARM GAS  C:\Users\sheld\AppData\Local\Temp\ccZqC6GC.s 			page 13


 374 0000 7047     		bx	lr
 375              		.cfi_endproc
 376              	.LFE139:
 378              		.section	.text.HAL_PCDEx_BCD_Callback,"ax",%progbits
 379              		.align	1
 380              		.weak	HAL_PCDEx_BCD_Callback
 381              		.syntax unified
 382              		.thumb
 383              		.thumb_func
 385              	HAL_PCDEx_BCD_Callback:
 386              	.LVL29:
 387              	.LFB140:
 307:../../Drivers/STM32H7xx_HAL_Driver/Src/stm32h7xx_hal_pcd_ex.c **** 
 308:../../Drivers/STM32H7xx_HAL_Driver/Src/stm32h7xx_hal_pcd_ex.c **** /**
 309:../../Drivers/STM32H7xx_HAL_Driver/Src/stm32h7xx_hal_pcd_ex.c ****   * @brief  Send BatteryCharging message to user layer callback.
 310:../../Drivers/STM32H7xx_HAL_Driver/Src/stm32h7xx_hal_pcd_ex.c ****   * @param  hpcd PCD handle
 311:../../Drivers/STM32H7xx_HAL_Driver/Src/stm32h7xx_hal_pcd_ex.c ****   * @param  msg LPM message
 312:../../Drivers/STM32H7xx_HAL_Driver/Src/stm32h7xx_hal_pcd_ex.c ****   * @retval HAL status
 313:../../Drivers/STM32H7xx_HAL_Driver/Src/stm32h7xx_hal_pcd_ex.c ****   */
 314:../../Drivers/STM32H7xx_HAL_Driver/Src/stm32h7xx_hal_pcd_ex.c **** __weak void HAL_PCDEx_BCD_Callback(PCD_HandleTypeDef *hpcd, PCD_BCD_MsgTypeDef msg)
 315:../../Drivers/STM32H7xx_HAL_Driver/Src/stm32h7xx_hal_pcd_ex.c **** {
 388              		.loc 1 315 1 is_stmt 1 view -0
 389              		.cfi_startproc
 390              		@ args = 0, pretend = 0, frame = 0
 391              		@ frame_needed = 0, uses_anonymous_args = 0
 392              		@ link register save eliminated.
 316:../../Drivers/STM32H7xx_HAL_Driver/Src/stm32h7xx_hal_pcd_ex.c ****   /* Prevent unused argument(s) compilation warning */
 317:../../Drivers/STM32H7xx_HAL_Driver/Src/stm32h7xx_hal_pcd_ex.c ****   UNUSED(hpcd);
 393              		.loc 1 317 3 view .LVU107
 318:../../Drivers/STM32H7xx_HAL_Driver/Src/stm32h7xx_hal_pcd_ex.c ****   UNUSED(msg);
 394              		.loc 1 318 3 view .LVU108
 319:../../Drivers/STM32H7xx_HAL_Driver/Src/stm32h7xx_hal_pcd_ex.c **** 
 320:../../Drivers/STM32H7xx_HAL_Driver/Src/stm32h7xx_hal_pcd_ex.c ****   /* NOTE : This function should not be modified, when the callback is needed,
 321:../../Drivers/STM32H7xx_HAL_Driver/Src/stm32h7xx_hal_pcd_ex.c ****             the HAL_PCDEx_BCD_Callback could be implemented in the user file
 322:../../Drivers/STM32H7xx_HAL_Driver/Src/stm32h7xx_hal_pcd_ex.c ****    */
 323:../../Drivers/STM32H7xx_HAL_Driver/Src/stm32h7xx_hal_pcd_ex.c **** }
 395              		.loc 1 323 1 is_stmt 0 view .LVU109
 396 0000 7047     		bx	lr
 397              		.cfi_endproc
 398              	.LFE140:
 400              		.section	.text.HAL_PCDEx_BCD_VBUSDetect,"ax",%progbits
 401              		.align	1
 402              		.global	HAL_PCDEx_BCD_VBUSDetect
 403              		.syntax unified
 404              		.thumb
 405              		.thumb_func
 407              	HAL_PCDEx_BCD_VBUSDetect:
 408              	.LVL30:
 409              	.LFB136:
 159:../../Drivers/STM32H7xx_HAL_Driver/Src/stm32h7xx_hal_pcd_ex.c ****   USB_OTG_GlobalTypeDef *USBx = hpcd->Instance;
 410              		.loc 1 159 1 is_stmt 1 view -0
 411              		.cfi_startproc
 412              		@ args = 0, pretend = 0, frame = 0
 413              		@ frame_needed = 0, uses_anonymous_args = 0
 159:../../Drivers/STM32H7xx_HAL_Driver/Src/stm32h7xx_hal_pcd_ex.c ****   USB_OTG_GlobalTypeDef *USBx = hpcd->Instance;
 414              		.loc 1 159 1 is_stmt 0 view .LVU111
 415 0000 70B5     		push	{r4, r5, r6, lr}
ARM GAS  C:\Users\sheld\AppData\Local\Temp\ccZqC6GC.s 			page 14


 416              	.LCFI3:
 417              		.cfi_def_cfa_offset 16
 418              		.cfi_offset 4, -16
 419              		.cfi_offset 5, -12
 420              		.cfi_offset 6, -8
 421              		.cfi_offset 14, -4
 422 0002 0546     		mov	r5, r0
 160:../../Drivers/STM32H7xx_HAL_Driver/Src/stm32h7xx_hal_pcd_ex.c ****   uint32_t tickstart = HAL_GetTick();
 423              		.loc 1 160 3 is_stmt 1 view .LVU112
 160:../../Drivers/STM32H7xx_HAL_Driver/Src/stm32h7xx_hal_pcd_ex.c ****   uint32_t tickstart = HAL_GetTick();
 424              		.loc 1 160 26 is_stmt 0 view .LVU113
 425 0004 0468     		ldr	r4, [r0]
 426              	.LVL31:
 161:../../Drivers/STM32H7xx_HAL_Driver/Src/stm32h7xx_hal_pcd_ex.c **** 
 427              		.loc 1 161 3 is_stmt 1 view .LVU114
 161:../../Drivers/STM32H7xx_HAL_Driver/Src/stm32h7xx_hal_pcd_ex.c **** 
 428              		.loc 1 161 24 is_stmt 0 view .LVU115
 429 0006 FFF7FEFF 		bl	HAL_GetTick
 430              	.LVL32:
 161:../../Drivers/STM32H7xx_HAL_Driver/Src/stm32h7xx_hal_pcd_ex.c **** 
 431              		.loc 1 161 24 view .LVU116
 432 000a 0646     		mov	r6, r0
 433              	.LVL33:
 164:../../Drivers/STM32H7xx_HAL_Driver/Src/stm32h7xx_hal_pcd_ex.c **** 
 434              		.loc 1 164 3 is_stmt 1 view .LVU117
 164:../../Drivers/STM32H7xx_HAL_Driver/Src/stm32h7xx_hal_pcd_ex.c **** 
 435              		.loc 1 164 15 is_stmt 0 view .LVU118
 436 000c A36B     		ldr	r3, [r4, #56]
 437 000e 43F48023 		orr	r3, r3, #262144
 438 0012 A363     		str	r3, [r4, #56]
 167:../../Drivers/STM32H7xx_HAL_Driver/Src/stm32h7xx_hal_pcd_ex.c **** 
 439              		.loc 1 167 3 is_stmt 1 view .LVU119
 440 0014 4FF49670 		mov	r0, #300
 441              	.LVL34:
 167:../../Drivers/STM32H7xx_HAL_Driver/Src/stm32h7xx_hal_pcd_ex.c **** 
 442              		.loc 1 167 3 is_stmt 0 view .LVU120
 443 0018 FFF7FEFF 		bl	HAL_Delay
 444              	.LVL35:
 170:../../Drivers/STM32H7xx_HAL_Driver/Src/stm32h7xx_hal_pcd_ex.c ****   {
 445              		.loc 1 170 3 is_stmt 1 view .LVU121
 170:../../Drivers/STM32H7xx_HAL_Driver/Src/stm32h7xx_hal_pcd_ex.c ****   {
 446              		.loc 1 170 12 is_stmt 0 view .LVU122
 447 001c A36B     		ldr	r3, [r4, #56]
 170:../../Drivers/STM32H7xx_HAL_Driver/Src/stm32h7xx_hal_pcd_ex.c ****   {
 448              		.loc 1 170 6 view .LVU123
 449 001e 13F0010F 		tst	r3, #1
 450 0022 23D1     		bne	.L26
 451              	.L19:
 181:../../Drivers/STM32H7xx_HAL_Driver/Src/stm32h7xx_hal_pcd_ex.c ****   HAL_Delay(50U);
 452              		.loc 1 181 3 is_stmt 1 view .LVU124
 181:../../Drivers/STM32H7xx_HAL_Driver/Src/stm32h7xx_hal_pcd_ex.c ****   HAL_Delay(50U);
 453              		.loc 1 181 15 is_stmt 0 view .LVU125
 454 0024 A36B     		ldr	r3, [r4, #56]
 455 0026 23F48023 		bic	r3, r3, #262144
 456 002a A363     		str	r3, [r4, #56]
 182:../../Drivers/STM32H7xx_HAL_Driver/Src/stm32h7xx_hal_pcd_ex.c ****   USBx->GCCFG |= USB_OTG_GCCFG_PDEN;
 457              		.loc 1 182 3 is_stmt 1 view .LVU126
ARM GAS  C:\Users\sheld\AppData\Local\Temp\ccZqC6GC.s 			page 15


 458 002c 3220     		movs	r0, #50
 459 002e FFF7FEFF 		bl	HAL_Delay
 460              	.LVL36:
 183:../../Drivers/STM32H7xx_HAL_Driver/Src/stm32h7xx_hal_pcd_ex.c ****   HAL_Delay(50U);
 461              		.loc 1 183 3 view .LVU127
 183:../../Drivers/STM32H7xx_HAL_Driver/Src/stm32h7xx_hal_pcd_ex.c ****   HAL_Delay(50U);
 462              		.loc 1 183 15 is_stmt 0 view .LVU128
 463 0032 A36B     		ldr	r3, [r4, #56]
 464 0034 43F40023 		orr	r3, r3, #524288
 465 0038 A363     		str	r3, [r4, #56]
 184:../../Drivers/STM32H7xx_HAL_Driver/Src/stm32h7xx_hal_pcd_ex.c **** 
 466              		.loc 1 184 3 is_stmt 1 view .LVU129
 467 003a 3220     		movs	r0, #50
 468 003c FFF7FEFF 		bl	HAL_Delay
 469              	.LVL37:
 186:../../Drivers/STM32H7xx_HAL_Driver/Src/stm32h7xx_hal_pcd_ex.c ****   {
 470              		.loc 1 186 3 view .LVU130
 186:../../Drivers/STM32H7xx_HAL_Driver/Src/stm32h7xx_hal_pcd_ex.c ****   {
 471              		.loc 1 186 12 is_stmt 0 view .LVU131
 472 0040 A36B     		ldr	r3, [r4, #56]
 186:../../Drivers/STM32H7xx_HAL_Driver/Src/stm32h7xx_hal_pcd_ex.c ****   {
 473              		.loc 1 186 6 view .LVU132
 474 0042 13F0020F 		tst	r3, #2
 475 0046 16D1     		bne	.L20
 192:../../Drivers/STM32H7xx_HAL_Driver/Src/stm32h7xx_hal_pcd_ex.c **** #endif /* USE_HAL_PCD_REGISTER_CALLBACKS */
 476              		.loc 1 192 5 is_stmt 1 view .LVU133
 477 0048 FD21     		movs	r1, #253
 478 004a 2846     		mov	r0, r5
 479 004c FFF7FEFF 		bl	HAL_PCDEx_BCD_Callback
 480              	.LVL38:
 481              	.L21:
 225:../../Drivers/STM32H7xx_HAL_Driver/Src/stm32h7xx_hal_pcd_ex.c **** 
 482              		.loc 1 225 3 view .LVU134
 225:../../Drivers/STM32H7xx_HAL_Driver/Src/stm32h7xx_hal_pcd_ex.c **** 
 483              		.loc 1 225 9 is_stmt 0 view .LVU135
 484 0050 2846     		mov	r0, r5
 485 0052 FFF7FEFF 		bl	HAL_PCDEx_DeActivateBCD
 486              	.LVL39:
 228:../../Drivers/STM32H7xx_HAL_Driver/Src/stm32h7xx_hal_pcd_ex.c ****   {
 487              		.loc 1 228 3 is_stmt 1 view .LVU136
 228:../../Drivers/STM32H7xx_HAL_Driver/Src/stm32h7xx_hal_pcd_ex.c ****   {
 488              		.loc 1 228 8 is_stmt 0 view .LVU137
 489 0056 FFF7FEFF 		bl	HAL_GetTick
 490              	.LVL40:
 228:../../Drivers/STM32H7xx_HAL_Driver/Src/stm32h7xx_hal_pcd_ex.c ****   {
 491              		.loc 1 228 22 view .LVU138
 492 005a 801B     		subs	r0, r0, r6
 228:../../Drivers/STM32H7xx_HAL_Driver/Src/stm32h7xx_hal_pcd_ex.c ****   {
 493              		.loc 1 228 6 view .LVU139
 494 005c B0F57A7F 		cmp	r0, #1000
 495 0060 25D9     		bls	.L23
 233:../../Drivers/STM32H7xx_HAL_Driver/Src/stm32h7xx_hal_pcd_ex.c **** #endif /* USE_HAL_PCD_REGISTER_CALLBACKS */
 496              		.loc 1 233 5 is_stmt 1 view .LVU140
 497 0062 FF21     		movs	r1, #255
 498 0064 2846     		mov	r0, r5
 499 0066 FFF7FEFF 		bl	HAL_PCDEx_BCD_Callback
 500              	.LVL41:
ARM GAS  C:\Users\sheld\AppData\Local\Temp\ccZqC6GC.s 			page 16


 501              	.L18:
 244:../../Drivers/STM32H7xx_HAL_Driver/Src/stm32h7xx_hal_pcd_ex.c **** 
 502              		.loc 1 244 1 is_stmt 0 view .LVU141
 503 006a 70BD     		pop	{r4, r5, r6, pc}
 504              	.LVL42:
 505              	.L26:
 175:../../Drivers/STM32H7xx_HAL_Driver/Src/stm32h7xx_hal_pcd_ex.c **** #endif /* USE_HAL_PCD_REGISTER_CALLBACKS */
 506              		.loc 1 175 5 is_stmt 1 view .LVU142
 507 006c FE21     		movs	r1, #254
 508 006e 2846     		mov	r0, r5
 509 0070 FFF7FEFF 		bl	HAL_PCDEx_BCD_Callback
 510              	.LVL43:
 511 0074 D6E7     		b	.L19
 512              	.L20:
 199:../../Drivers/STM32H7xx_HAL_Driver/Src/stm32h7xx_hal_pcd_ex.c ****     HAL_Delay(50U);
 513              		.loc 1 199 5 view .LVU143
 199:../../Drivers/STM32H7xx_HAL_Driver/Src/stm32h7xx_hal_pcd_ex.c ****     HAL_Delay(50U);
 514              		.loc 1 199 17 is_stmt 0 view .LVU144
 515 0076 A36B     		ldr	r3, [r4, #56]
 516 0078 23F40023 		bic	r3, r3, #524288
 517 007c A363     		str	r3, [r4, #56]
 200:../../Drivers/STM32H7xx_HAL_Driver/Src/stm32h7xx_hal_pcd_ex.c ****     USBx->GCCFG |= USB_OTG_GCCFG_SDEN;
 518              		.loc 1 200 5 is_stmt 1 view .LVU145
 519 007e 3220     		movs	r0, #50
 520 0080 FFF7FEFF 		bl	HAL_Delay
 521              	.LVL44:
 201:../../Drivers/STM32H7xx_HAL_Driver/Src/stm32h7xx_hal_pcd_ex.c ****     HAL_Delay(50U);
 522              		.loc 1 201 5 view .LVU146
 201:../../Drivers/STM32H7xx_HAL_Driver/Src/stm32h7xx_hal_pcd_ex.c ****     HAL_Delay(50U);
 523              		.loc 1 201 17 is_stmt 0 view .LVU147
 524 0084 A36B     		ldr	r3, [r4, #56]
 525 0086 43F48013 		orr	r3, r3, #1048576
 526 008a A363     		str	r3, [r4, #56]
 202:../../Drivers/STM32H7xx_HAL_Driver/Src/stm32h7xx_hal_pcd_ex.c **** 
 527              		.loc 1 202 5 is_stmt 1 view .LVU148
 528 008c 3220     		movs	r0, #50
 529 008e FFF7FEFF 		bl	HAL_Delay
 530              	.LVL45:
 204:../../Drivers/STM32H7xx_HAL_Driver/Src/stm32h7xx_hal_pcd_ex.c ****     {
 531              		.loc 1 204 5 view .LVU149
 204:../../Drivers/STM32H7xx_HAL_Driver/Src/stm32h7xx_hal_pcd_ex.c ****     {
 532              		.loc 1 204 14 is_stmt 0 view .LVU150
 533 0092 A36B     		ldr	r3, [r4, #56]
 204:../../Drivers/STM32H7xx_HAL_Driver/Src/stm32h7xx_hal_pcd_ex.c ****     {
 534              		.loc 1 204 8 view .LVU151
 535 0094 13F0040F 		tst	r3, #4
 536 0098 04D0     		beq	.L22
 210:../../Drivers/STM32H7xx_HAL_Driver/Src/stm32h7xx_hal_pcd_ex.c **** #endif /* USE_HAL_PCD_REGISTER_CALLBACKS */
 537              		.loc 1 210 7 is_stmt 1 view .LVU152
 538 009a FB21     		movs	r1, #251
 539 009c 2846     		mov	r0, r5
 540 009e FFF7FEFF 		bl	HAL_PCDEx_BCD_Callback
 541              	.LVL46:
 542 00a2 D5E7     		b	.L21
 543              	.L22:
 219:../../Drivers/STM32H7xx_HAL_Driver/Src/stm32h7xx_hal_pcd_ex.c **** #endif /* USE_HAL_PCD_REGISTER_CALLBACKS */
 544              		.loc 1 219 7 view .LVU153
ARM GAS  C:\Users\sheld\AppData\Local\Temp\ccZqC6GC.s 			page 17


 545 00a4 FC21     		movs	r1, #252
 546 00a6 2846     		mov	r0, r5
 547 00a8 FFF7FEFF 		bl	HAL_PCDEx_BCD_Callback
 548              	.LVL47:
 549 00ac D0E7     		b	.L21
 550              	.L23:
 241:../../Drivers/STM32H7xx_HAL_Driver/Src/stm32h7xx_hal_pcd_ex.c **** #endif /* USE_HAL_PCD_REGISTER_CALLBACKS */
 551              		.loc 1 241 5 view .LVU154
 552 00ae 0021     		movs	r1, #0
 553 00b0 2846     		mov	r0, r5
 554 00b2 FFF7FEFF 		bl	HAL_PCDEx_BCD_Callback
 555              	.LVL48:
 244:../../Drivers/STM32H7xx_HAL_Driver/Src/stm32h7xx_hal_pcd_ex.c **** 
 556              		.loc 1 244 1 is_stmt 0 view .LVU155
 557 00b6 D8E7     		b	.L18
 558              		.cfi_endproc
 559              	.LFE136:
 561              		.text
 562              	.Letext0:
 563              		.file 2 "c:\\projects\\rtos_projects\\tools\\gcc-arm-none-eabi-10.3-2021.10\\arm-none-eabi\\includ
 564              		.file 3 "c:\\projects\\rtos_projects\\tools\\gcc-arm-none-eabi-10.3-2021.10\\arm-none-eabi\\includ
 565              		.file 4 "../../Drivers/CMSIS/Device/ST/STM32H7xx/Include/stm32h745xx.h"
 566              		.file 5 "../../Drivers/STM32H7xx_HAL_Driver/Inc/stm32h7xx_hal_def.h"
 567              		.file 6 "../../Drivers/STM32H7xx_HAL_Driver/Inc/stm32h7xx_ll_usb.h"
 568              		.file 7 "../../Drivers/STM32H7xx_HAL_Driver/Inc/stm32h7xx_hal_pcd.h"
 569              		.file 8 "../../Drivers/STM32H7xx_HAL_Driver/Inc/stm32h7xx_hal.h"
ARM GAS  C:\Users\sheld\AppData\Local\Temp\ccZqC6GC.s 			page 18


DEFINED SYMBOLS
                            *ABS*:00000000 stm32h7xx_hal_pcd_ex.c
C:\Users\sheld\AppData\Local\Temp\ccZqC6GC.s:20     .text.HAL_PCDEx_SetTxFiFo:00000000 $t
C:\Users\sheld\AppData\Local\Temp\ccZqC6GC.s:26     .text.HAL_PCDEx_SetTxFiFo:00000000 HAL_PCDEx_SetTxFiFo
C:\Users\sheld\AppData\Local\Temp\ccZqC6GC.s:122    .text.HAL_PCDEx_SetRxFiFo:00000000 $t
C:\Users\sheld\AppData\Local\Temp\ccZqC6GC.s:128    .text.HAL_PCDEx_SetRxFiFo:00000000 HAL_PCDEx_SetRxFiFo
C:\Users\sheld\AppData\Local\Temp\ccZqC6GC.s:151    .text.HAL_PCDEx_ActivateLPM:00000000 $t
C:\Users\sheld\AppData\Local\Temp\ccZqC6GC.s:157    .text.HAL_PCDEx_ActivateLPM:00000000 HAL_PCDEx_ActivateLPM
C:\Users\sheld\AppData\Local\Temp\ccZqC6GC.s:200    .text.HAL_PCDEx_ActivateLPM:00000024 $d
C:\Users\sheld\AppData\Local\Temp\ccZqC6GC.s:205    .text.HAL_PCDEx_DeActivateLPM:00000000 $t
C:\Users\sheld\AppData\Local\Temp\ccZqC6GC.s:211    .text.HAL_PCDEx_DeActivateLPM:00000000 HAL_PCDEx_DeActivateLPM
C:\Users\sheld\AppData\Local\Temp\ccZqC6GC.s:250    .text.HAL_PCDEx_DeActivateLPM:0000001c $d
C:\Users\sheld\AppData\Local\Temp\ccZqC6GC.s:255    .text.HAL_PCDEx_ActivateBCD:00000000 $t
C:\Users\sheld\AppData\Local\Temp\ccZqC6GC.s:261    .text.HAL_PCDEx_ActivateBCD:00000000 HAL_PCDEx_ActivateBCD
C:\Users\sheld\AppData\Local\Temp\ccZqC6GC.s:309    .text.HAL_PCDEx_DeActivateBCD:00000000 $t
C:\Users\sheld\AppData\Local\Temp\ccZqC6GC.s:315    .text.HAL_PCDEx_DeActivateBCD:00000000 HAL_PCDEx_DeActivateBCD
C:\Users\sheld\AppData\Local\Temp\ccZqC6GC.s:357    .text.HAL_PCDEx_LPM_Callback:00000000 $t
C:\Users\sheld\AppData\Local\Temp\ccZqC6GC.s:363    .text.HAL_PCDEx_LPM_Callback:00000000 HAL_PCDEx_LPM_Callback
C:\Users\sheld\AppData\Local\Temp\ccZqC6GC.s:379    .text.HAL_PCDEx_BCD_Callback:00000000 $t
C:\Users\sheld\AppData\Local\Temp\ccZqC6GC.s:385    .text.HAL_PCDEx_BCD_Callback:00000000 HAL_PCDEx_BCD_Callback
C:\Users\sheld\AppData\Local\Temp\ccZqC6GC.s:401    .text.HAL_PCDEx_BCD_VBUSDetect:00000000 $t
C:\Users\sheld\AppData\Local\Temp\ccZqC6GC.s:407    .text.HAL_PCDEx_BCD_VBUSDetect:00000000 HAL_PCDEx_BCD_VBUSDetect

UNDEFINED SYMBOLS
HAL_GetTick
HAL_Delay
